2020-12-29 10:47:11,400 WARN [main] o.s.d.c.CustomConversions [CustomConversions.java:273] Registering converter from class org.springframework.data.geo.Point to interface java.util.Map as writing converter although it doesn't convert to a store-supported type! You might want to check your annotation setup at the converter implementation.
2020-12-29 10:47:11,403 WARN [main] o.s.d.c.CustomConversions [CustomConversions.java:263] Registering converter from interface java.util.Map to class org.springframework.data.geo.Point as reading converter although it doesn't convert from a store-supported type! You might want to check your annotation setup at the converter implementation.
2020-12-29 10:47:11,404 WARN [main] o.s.d.c.CustomConversions [CustomConversions.java:273] Registering converter from class org.springframework.data.elasticsearch.core.geo.GeoPoint to interface java.util.Map as writing converter although it doesn't convert to a store-supported type! You might want to check your annotation setup at the converter implementation.
2020-12-29 10:47:11,405 WARN [main] o.s.d.c.CustomConversions [CustomConversions.java:263] Registering converter from interface java.util.Map to class org.springframework.data.elasticsearch.core.geo.GeoPoint as reading converter although it doesn't convert from a store-supported type! You might want to check your annotation setup at the converter implementation.
2020-12-29 10:47:11,619 WARN [main] o.s.d.e.s.VersionInfo [VersionInfo.java:72] Version mismatch in between Elasticsearch Client and Cluster: 7.6.2 - 6.4.3
2020-12-29 10:47:11,904 WARN [main] o.s.w.c.s.GenericWebApplicationContext [AbstractApplicationContext.java:559] Exception encountered during context initialization - cancelling refresh attempt: org.springframework.beans.factory.BeanCreationException: Error creating bean with name 'discussPostRepository' defined in com.nowcoder.community.dao.elasticsearch.DiscussPostRepository defined in @EnableElasticsearchRepositories declared on ElasticsearchRepositoriesRegistrar.EnableElasticsearchRepositoriesConfiguration: Invocation of init method failed; nested exception is org.springframework.data.mapping.MappingException: Property DiscussPost.createTime is annotated with FieldType.Date but has no DateFormat defined
2020-12-29 10:53:45,412 WARN [main] o.s.d.c.CustomConversions [CustomConversions.java:273] Registering converter from class org.springframework.data.geo.Point to interface java.util.Map as writing converter although it doesn't convert to a store-supported type! You might want to check your annotation setup at the converter implementation.
2020-12-29 10:53:45,413 WARN [main] o.s.d.c.CustomConversions [CustomConversions.java:263] Registering converter from interface java.util.Map to class org.springframework.data.geo.Point as reading converter although it doesn't convert from a store-supported type! You might want to check your annotation setup at the converter implementation.
2020-12-29 10:53:45,413 WARN [main] o.s.d.c.CustomConversions [CustomConversions.java:273] Registering converter from class org.springframework.data.elasticsearch.core.geo.GeoPoint to interface java.util.Map as writing converter although it doesn't convert to a store-supported type! You might want to check your annotation setup at the converter implementation.
2020-12-29 10:53:45,414 WARN [main] o.s.d.c.CustomConversions [CustomConversions.java:263] Registering converter from interface java.util.Map to class org.springframework.data.elasticsearch.core.geo.GeoPoint as reading converter although it doesn't convert from a store-supported type! You might want to check your annotation setup at the converter implementation.
2020-12-29 10:53:45,588 WARN [main] o.s.d.e.s.VersionInfo [VersionInfo.java:72] Version mismatch in between Elasticsearch Client and Cluster: 7.6.2 - 6.4.3
2020-12-29 10:53:46,206 WARN [main] o.s.d.e.r.s.AbstractElasticsearchRepository [AbstractElasticsearchRepository.java:97] Cannot create index: method [HEAD], host [http://localhost:9200], URI [/discusspost?ignore_throttled=false&ignore_unavailable=false&expand_wildcards=open%2Cclosed&allow_no_indices=false], status line [HTTP/1.1 400 Bad Request]; nested exception is ElasticsearchStatusException[method [HEAD], host [http://localhost:9200], URI [/discusspost?ignore_throttled=false&ignore_unavailable=false&expand_wildcards=open%2Cclosed&allow_no_indices=false], status line [HTTP/1.1 400 Bad Request]]; nested: ResponseException[method [HEAD], host [http://localhost:9200], URI [/discusspost?ignore_throttled=false&ignore_unavailable=false&expand_wildcards=open%2Cclosed&allow_no_indices=false], status line [HTTP/1.1 400 Bad Request]];
2020-12-29 10:55:38,778 WARN [main] o.s.d.c.CustomConversions [CustomConversions.java:273] Registering converter from class org.springframework.data.geo.Point to interface java.util.Map as writing converter although it doesn't convert to a store-supported type! You might want to check your annotation setup at the converter implementation.
2020-12-29 10:55:38,779 WARN [main] o.s.d.c.CustomConversions [CustomConversions.java:263] Registering converter from interface java.util.Map to class org.springframework.data.geo.Point as reading converter although it doesn't convert from a store-supported type! You might want to check your annotation setup at the converter implementation.
2020-12-29 10:55:38,780 WARN [main] o.s.d.c.CustomConversions [CustomConversions.java:273] Registering converter from class org.springframework.data.elasticsearch.core.geo.GeoPoint to interface java.util.Map as writing converter although it doesn't convert to a store-supported type! You might want to check your annotation setup at the converter implementation.
2020-12-29 10:55:38,780 WARN [main] o.s.d.c.CustomConversions [CustomConversions.java:263] Registering converter from interface java.util.Map to class org.springframework.data.elasticsearch.core.geo.GeoPoint as reading converter although it doesn't convert from a store-supported type! You might want to check your annotation setup at the converter implementation.
2020-12-29 10:55:38,992 WARN [main] o.s.d.e.s.VersionInfo [VersionInfo.java:72] Version mismatch in between Elasticsearch Client and Cluster: 7.6.2 - 6.4.3
2020-12-29 10:55:39,197 WARN [main] o.s.w.c.s.GenericWebApplicationContext [AbstractApplicationContext.java:559] Exception encountered during context initialization - cancelling refresh attempt: org.springframework.beans.factory.BeanCreationException: Error creating bean with name 'discussPostRepository' defined in com.nowcoder.community.dao.elasticsearch.DiscussPostRepository defined in @EnableElasticsearchRepositories declared on ElasticsearchRepositoriesRegistrar.EnableElasticsearchRepositoriesConfiguration: Invocation of init method failed; nested exception is org.springframework.data.mapping.MappingException: Property DiscussPost.createTime is annotated with FieldType.Date but has no DateFormat defined
2020-12-29 10:58:38,614 WARN [main] o.s.d.c.CustomConversions [CustomConversions.java:273] Registering converter from class org.springframework.data.geo.Point to interface java.util.Map as writing converter although it doesn't convert to a store-supported type! You might want to check your annotation setup at the converter implementation.
2020-12-29 10:58:38,614 WARN [main] o.s.d.c.CustomConversions [CustomConversions.java:263] Registering converter from interface java.util.Map to class org.springframework.data.geo.Point as reading converter although it doesn't convert from a store-supported type! You might want to check your annotation setup at the converter implementation.
2020-12-29 10:58:38,614 WARN [main] o.s.d.c.CustomConversions [CustomConversions.java:273] Registering converter from class org.springframework.data.elasticsearch.core.geo.GeoPoint to interface java.util.Map as writing converter although it doesn't convert to a store-supported type! You might want to check your annotation setup at the converter implementation.
2020-12-29 10:58:38,615 WARN [main] o.s.d.c.CustomConversions [CustomConversions.java:263] Registering converter from interface java.util.Map to class org.springframework.data.elasticsearch.core.geo.GeoPoint as reading converter although it doesn't convert from a store-supported type! You might want to check your annotation setup at the converter implementation.
2020-12-29 10:58:38,795 WARN [main] o.s.d.e.s.VersionInfo [VersionInfo.java:72] Version mismatch in between Elasticsearch Client and Cluster: 7.6.2 - 6.4.3
2020-12-29 10:58:39,399 WARN [main] o.s.d.e.r.s.AbstractElasticsearchRepository [AbstractElasticsearchRepository.java:97] Cannot create index: method [HEAD], host [http://localhost:9200], URI [/discusspost?ignore_throttled=false&ignore_unavailable=false&expand_wildcards=open%2Cclosed&allow_no_indices=false], status line [HTTP/1.1 400 Bad Request]; nested exception is ElasticsearchStatusException[method [HEAD], host [http://localhost:9200], URI [/discusspost?ignore_throttled=false&ignore_unavailable=false&expand_wildcards=open%2Cclosed&allow_no_indices=false], status line [HTTP/1.1 400 Bad Request]]; nested: ResponseException[method [HEAD], host [http://localhost:9200], URI [/discusspost?ignore_throttled=false&ignore_unavailable=false&expand_wildcards=open%2Cclosed&allow_no_indices=false], status line [HTTP/1.1 400 Bad Request]];
2020-12-29 11:07:09,655 WARN [main] o.s.w.c.s.GenericWebApplicationContext [AbstractApplicationContext.java:559] Exception encountered during context initialization - cancelling refresh attempt: org.springframework.beans.factory.BeanCreationException: Error creating bean with name 'discussPostRepository' defined in com.nowcoder.community.dao.elasticsearch.DiscussPostRepository defined in @EnableElasticsearchRepositories declared on ElasticsearchRepositoriesRegistrar.EnableElasticsearchRepositoriesConfiguration: Cannot resolve reference to bean 'elasticsearchTemplate' while setting bean property 'elasticsearchOperations'; nested exception is org.springframework.beans.factory.NoSuchBeanDefinitionException: No bean named 'elasticsearchTemplate' available
2020-12-29 11:11:25,706 WARN [main] o.s.w.c.s.GenericWebApplicationContext [AbstractApplicationContext.java:559] Exception encountered during context initialization - cancelling refresh attempt: org.springframework.beans.factory.BeanCreationException: Error creating bean with name 'discussPostRepository' defined in com.nowcoder.community.dao.elasticsearch.DiscussPostRepository defined in @EnableElasticsearchRepositories declared on ElasticsearchRepositoriesRegistrar.EnableElasticsearchRepositoriesConfiguration: Cannot resolve reference to bean 'elasticsearchTemplate' while setting bean property 'elasticsearchOperations'; nested exception is org.springframework.beans.factory.NoSuchBeanDefinitionException: No bean named 'elasticsearchTemplate' available
2020-12-29 11:39:06,819 WARN [main] o.s.w.c.s.GenericWebApplicationContext [AbstractApplicationContext.java:557] Exception encountered during context initialization - cancelling refresh attempt: org.springframework.beans.factory.BeanCreationException: Error creating bean with name 'projectingArgumentResolverBeanPostProcessor' defined in class path resource [org/springframework/data/web/config/ProjectingArgumentResolverRegistrar.class]: BeanPostProcessor before instantiation of bean failed; nested exception is org.springframework.beans.factory.BeanCreationException: Error creating bean with name 'org.springframework.transaction.annotation.ProxyTransactionManagementConfiguration': BeanPostProcessor before instantiation of bean failed; nested exception is java.lang.NoSuchMethodError: org.springframework.beans.factory.ListableBeanFactory.getType(Ljava/lang/String;Z)Ljava/lang/Class;
2020-12-29 11:53:17,215 WARN [elasticsearch[_client_][transport_client_boss][T#10]] i.n.u.c.DefaultPromise [DefaultPromise.java:505] An exception was thrown by org.elasticsearch.transport.netty4.NettyTcpChannel$$Lambda$1330/1344243841.operationComplete()
java.lang.ClassCastException: java.lang.OutOfMemoryError cannot be cast to java.lang.Exception
	at org.elasticsearch.transport.netty4.NettyTcpChannel.lambda$sendMessage$1(NettyTcpChannel.java:90)
	at io.netty.util.concurrent.DefaultPromise.notifyListener0(DefaultPromise.java:502)
	at io.netty.util.concurrent.DefaultPromise.notifyListenersNow(DefaultPromise.java:476)
	at io.netty.util.concurrent.DefaultPromise.notifyListeners(DefaultPromise.java:415)
	at io.netty.util.concurrent.DefaultPromise.setValue0(DefaultPromise.java:540)
	at io.netty.util.concurrent.DefaultPromise.setFailure0(DefaultPromise.java:533)
	at io.netty.util.concurrent.DefaultPromise.tryFailure(DefaultPromise.java:114)
	at io.netty.channel.AbstractChannel$AbstractUnsafe.safeSetFailure(AbstractChannel.java:1018)
	at io.netty.channel.AbstractChannel$AbstractUnsafe.write(AbstractChannel.java:888)
	at io.netty.channel.DefaultChannelPipeline$HeadContext.write(DefaultChannelPipeline.java:1365)
	at io.netty.channel.AbstractChannelHandlerContext.invokeWrite0(AbstractChannelHandlerContext.java:716)
	at io.netty.channel.AbstractChannelHandlerContext.invokeWrite(AbstractChannelHandlerContext.java:708)
	at io.netty.channel.AbstractChannelHandlerContext.write(AbstractChannelHandlerContext.java:791)
	at io.netty.channel.AbstractChannelHandlerContext.write(AbstractChannelHandlerContext.java:701)
	at io.netty.handler.logging.LoggingHandler.write(LoggingHandler.java:249)
	at io.netty.channel.AbstractChannelHandlerContext.invokeWrite0(AbstractChannelHandlerContext.java:716)
	at io.netty.channel.AbstractChannelHandlerContext.invokeWrite(AbstractChannelHandlerContext.java:708)
	at io.netty.channel.AbstractChannelHandlerContext.access$1700(AbstractChannelHandlerContext.java:56)
	at io.netty.channel.AbstractChannelHandlerContext$AbstractWriteTask.write(AbstractChannelHandlerContext.java:1102)
	at io.netty.channel.AbstractChannelHandlerContext$WriteAndFlushTask.write(AbstractChannelHandlerContext.java:1149)
	at io.netty.channel.AbstractChannelHandlerContext$AbstractWriteTask.run(AbstractChannelHandlerContext.java:1073)
	at io.netty.util.concurrent.AbstractEventExecutor.safeExecute(AbstractEventExecutor.java:163)
	at io.netty.util.concurrent.SingleThreadEventExecutor.runAllTasks(SingleThreadEventExecutor.java:405)
	at io.netty.channel.nio.NioEventLoop.run(NioEventLoop.java:500)
	at io.netty.util.concurrent.SingleThreadEventExecutor$5.run(SingleThreadEventExecutor.java:906)
	at io.netty.util.internal.ThreadExecutorMap$2.run(ThreadExecutorMap.java:74)
	at java.lang.Thread.run(Thread.java:748)
2020-12-29 11:54:53,608 WARN [http-nio-8080-exec-2] o.s.w.s.m.s.DefaultHandlerExceptionResolver [AbstractHandlerExceptionResolver.java:198] Resolved [org.springframework.web.method.annotation.MethodArgumentTypeMismatchException: Failed to convert value of type 'java.lang.String' to required type 'int'; nested exception is java.lang.NumberFormatException: For input string: "profile.html"]
2020-12-29 11:54:56,755 WARN [http-nio-8080-exec-3] o.s.w.s.m.s.DefaultHandlerExceptionResolver [AbstractHandlerExceptionResolver.java:198] Resolved [org.springframework.web.method.annotation.MethodArgumentTypeMismatchException: Failed to convert value of type 'java.lang.String' to required type 'int'; nested exception is java.lang.NumberFormatException: For input string: "profile.html"]
2020-12-29 11:55:00,188 WARN [http-nio-8080-exec-4] o.s.w.s.m.s.DefaultHandlerExceptionResolver [AbstractHandlerExceptionResolver.java:198] Resolved [org.springframework.web.method.annotation.MethodArgumentTypeMismatchException: Failed to convert value of type 'java.lang.String' to required type 'int'; nested exception is java.lang.NumberFormatException: For input string: "profile.html"]
2020-12-29 11:55:14,732 WARN [http-nio-8080-exec-4] o.s.w.s.m.s.DefaultHandlerExceptionResolver [AbstractHandlerExceptionResolver.java:198] Resolved [org.springframework.web.method.annotation.MethodArgumentTypeMismatchException: Failed to convert value of type 'java.lang.String' to required type 'int'; nested exception is java.lang.NumberFormatException: For input string: "profile.html"]
2020-12-29 11:55:19,372 WARN [http-nio-8080-exec-6] o.s.w.s.m.s.DefaultHandlerExceptionResolver [AbstractHandlerExceptionResolver.java:198] Resolved [org.springframework.web.method.annotation.MethodArgumentTypeMismatchException: Failed to convert value of type 'java.lang.String' to required type 'int'; nested exception is java.lang.NumberFormatException: For input string: "profile.html"]
2020-12-29 11:55:56,452 WARN [http-nio-8080-exec-4] o.s.w.s.m.s.DefaultHandlerExceptionResolver [AbstractHandlerExceptionResolver.java:198] Resolved [org.springframework.web.method.annotation.MethodArgumentTypeMismatchException: Failed to convert value of type 'java.lang.String' to required type 'int'; nested exception is java.lang.NumberFormatException: For input string: "profile.html"]
2020-12-29 11:56:27,675 WARN [http-nio-8080-exec-9] o.s.w.s.m.s.DefaultHandlerExceptionResolver [AbstractHandlerExceptionResolver.java:198] Resolved [org.springframework.web.method.annotation.MethodArgumentTypeMismatchException: Failed to convert value of type 'java.lang.String' to required type 'int'; nested exception is java.lang.NumberFormatException: For input string: "profile.html"]
2020-12-29 11:56:32,932 WARN [http-nio-8080-exec-8] o.s.w.s.m.s.DefaultHandlerExceptionResolver [AbstractHandlerExceptionResolver.java:198] Resolved [org.springframework.web.method.annotation.MethodArgumentTypeMismatchException: Failed to convert value of type 'java.lang.String' to required type 'int'; nested exception is java.lang.NumberFormatException: For input string: "profile.html"]
2020-12-29 12:06:35,559 WARN [http-nio-8080-exec-7] o.s.w.s.m.s.DefaultHandlerExceptionResolver [AbstractHandlerExceptionResolver.java:198] Resolved [org.springframework.web.method.annotation.MethodArgumentTypeMismatchException: Failed to convert value of type 'java.lang.String' to required type 'int'; nested exception is java.lang.NumberFormatException: For input string: "profile.html"]
2020-12-29 12:07:01,666 WARN [http-nio-8080-exec-4] o.s.w.s.m.s.DefaultHandlerExceptionResolver [AbstractHandlerExceptionResolver.java:198] Resolved [org.springframework.web.method.annotation.MethodArgumentTypeMismatchException: Failed to convert value of type 'java.lang.String' to required type 'int'; nested exception is java.lang.NumberFormatException: For input string: "profile.html"]
2020-12-29 12:07:03,939 WARN [http-nio-8080-exec-7] o.s.w.s.m.s.DefaultHandlerExceptionResolver [AbstractHandlerExceptionResolver.java:198] Resolved [org.springframework.web.method.annotation.MethodArgumentTypeMismatchException: Failed to convert value of type 'java.lang.String' to required type 'int'; nested exception is java.lang.NumberFormatException: For input string: "profile.html"]
2020-12-29 12:07:08,685 WARN [http-nio-8080-exec-9] o.s.w.s.m.s.DefaultHandlerExceptionResolver [AbstractHandlerExceptionResolver.java:198] Resolved [org.springframework.web.method.annotation.MethodArgumentTypeMismatchException: Failed to convert value of type 'java.lang.String' to required type 'int'; nested exception is java.lang.NumberFormatException: For input string: "profile.html"]
2020-12-29 12:07:20,837 WARN [http-nio-8080-exec-4] o.s.w.s.m.s.DefaultHandlerExceptionResolver [AbstractHandlerExceptionResolver.java:198] Resolved [org.springframework.web.method.annotation.MethodArgumentTypeMismatchException: Failed to convert value of type 'java.lang.String' to required type 'int'; nested exception is java.lang.NumberFormatException: For input string: "profile.html"]
