2020-12-25 10:48:05,879 INFO [main] c.n.c.KafkaTests [StartupInfoLogger.java:55] Starting KafkaTests on Jiaxi with PID 7740 (started by gaoji_000 in F:\project\community)
2020-12-25 10:48:05,886 INFO [main] c.n.c.KafkaTests [SpringApplication.java:651] No active profile set, falling back to default profiles: default
2020-12-25 10:48:07,418 INFO [main] o.s.d.r.c.RepositoryConfigurationDelegate [RepositoryConfigurationDelegate.java:249] Multiple Spring Data modules found, entering strict repository configuration mode!
2020-12-25 10:48:07,426 INFO [main] o.s.d.r.c.RepositoryConfigurationDelegate [RepositoryConfigurationDelegate.java:127] Bootstrapping Spring Data Redis repositories in DEFAULT mode.
2020-12-25 10:48:07,523 INFO [main] o.s.d.r.c.RepositoryConfigurationDelegate [RepositoryConfigurationDelegate.java:187] Finished Spring Data repository scanning in 17ms. Found 0 Redis repository interfaces.
2020-12-25 10:48:12,457 INFO [main] o.s.s.c.ThreadPoolTaskExecutor [ExecutorConfigurationSupport.java:181] Initializing ExecutorService 'applicationTaskExecutor'
2020-12-25 10:48:12,679 INFO [main] o.s.b.a.w.s.WelcomePageHandlerMapping [WelcomePageHandlerMapping.java:58] Adding welcome page template: index
2020-12-25 10:48:13,670 INFO [main] o.a.k.c.c.ConsumerConfig [AbstractConfig.java:347] ConsumerConfig values: 
	allow.auto.create.topics = true
	auto.commit.interval.ms = 3000
	auto.offset.reset = latest
	bootstrap.servers = [localhost:9092]
	check.crcs = true
	client.dns.lookup = default
	client.id = 
	client.rack = 
	connections.max.idle.ms = 540000
	default.api.timeout.ms = 60000
	enable.auto.commit = true
	exclude.internal.topics = true
	fetch.max.bytes = 52428800
	fetch.max.wait.ms = 500
	fetch.min.bytes = 1
	group.id = community-consumer-group
	group.instance.id = null
	heartbeat.interval.ms = 3000
	interceptor.classes = []
	internal.leave.group.on.close = true
	isolation.level = read_uncommitted
	key.deserializer = class org.apache.kafka.common.serialization.StringDeserializer
	max.partition.fetch.bytes = 1048576
	max.poll.interval.ms = 300000
	max.poll.records = 500
	metadata.max.age.ms = 300000
	metric.reporters = []
	metrics.num.samples = 2
	metrics.recording.level = INFO
	metrics.sample.window.ms = 30000
	partition.assignment.strategy = [class org.apache.kafka.clients.consumer.RangeAssignor]
	receive.buffer.bytes = 65536
	reconnect.backoff.max.ms = 1000
	reconnect.backoff.ms = 50
	request.timeout.ms = 30000
	retry.backoff.ms = 100
	sasl.client.callback.handler.class = null
	sasl.jaas.config = null
	sasl.kerberos.kinit.cmd = /usr/bin/kinit
	sasl.kerberos.min.time.before.relogin = 60000
	sasl.kerberos.service.name = null
	sasl.kerberos.ticket.renew.jitter = 0.05
	sasl.kerberos.ticket.renew.window.factor = 0.8
	sasl.login.callback.handler.class = null
	sasl.login.class = null
	sasl.login.refresh.buffer.seconds = 300
	sasl.login.refresh.min.period.seconds = 60
	sasl.login.refresh.window.factor = 0.8
	sasl.login.refresh.window.jitter = 0.05
	sasl.mechanism = GSSAPI
	security.protocol = PLAINTEXT
	security.providers = null
	send.buffer.bytes = 131072
	session.timeout.ms = 10000
	ssl.cipher.suites = null
	ssl.enabled.protocols = [TLSv1.2]
	ssl.endpoint.identification.algorithm = https
	ssl.key.password = null
	ssl.keymanager.algorithm = SunX509
	ssl.keystore.location = null
	ssl.keystore.password = null
	ssl.keystore.type = JKS
	ssl.protocol = TLSv1.2
	ssl.provider = null
	ssl.secure.random.implementation = null
	ssl.trustmanager.algorithm = PKIX
	ssl.truststore.location = null
	ssl.truststore.password = null
	ssl.truststore.type = JKS
	value.deserializer = class org.apache.kafka.common.serialization.StringDeserializer

2020-12-25 10:48:13,805 INFO [main] o.a.k.c.u.AppInfoParser [AppInfoParser.java:117] Kafka version: 2.5.1
2020-12-25 10:48:13,805 INFO [main] o.a.k.c.u.AppInfoParser [AppInfoParser.java:118] Kafka commitId: 0efa8fb0f4c73d92
2020-12-25 10:48:13,805 INFO [main] o.a.k.c.u.AppInfoParser [AppInfoParser.java:119] Kafka startTimeMs: 1608864493803
2020-12-25 10:48:13,809 INFO [main] o.a.k.c.c.KafkaConsumer [KafkaConsumer.java:974] [Consumer clientId=consumer-community-consumer-group-1, groupId=community-consumer-group] Subscribed to topic(s): test
2020-12-25 10:48:13,811 INFO [main] o.s.s.c.ThreadPoolTaskScheduler [ExecutorConfigurationSupport.java:181] Initializing ExecutorService
2020-12-25 10:48:13,859 INFO [main] c.n.c.KafkaTests [StartupInfoLogger.java:61] Started KafkaTests in 8.851 seconds (JVM running for 11.314)
2020-12-25 10:48:14,270 INFO [main] o.a.k.c.p.ProducerConfig [AbstractConfig.java:347] ProducerConfig values: 
	acks = 1
	batch.size = 16384
	bootstrap.servers = [localhost:9092]
	buffer.memory = 33554432
	client.dns.lookup = default
	client.id = producer-1
	compression.type = none
	connections.max.idle.ms = 540000
	delivery.timeout.ms = 120000
	enable.idempotence = false
	interceptor.classes = []
	key.serializer = class org.apache.kafka.common.serialization.StringSerializer
	linger.ms = 0
	max.block.ms = 60000
	max.in.flight.requests.per.connection = 5
	max.request.size = 1048576
	metadata.max.age.ms = 300000
	metadata.max.idle.ms = 300000
	metric.reporters = []
	metrics.num.samples = 2
	metrics.recording.level = INFO
	metrics.sample.window.ms = 30000
	partitioner.class = class org.apache.kafka.clients.producer.internals.DefaultPartitioner
	receive.buffer.bytes = 32768
	reconnect.backoff.max.ms = 1000
	reconnect.backoff.ms = 50
	request.timeout.ms = 30000
	retries = 2147483647
	retry.backoff.ms = 100
	sasl.client.callback.handler.class = null
	sasl.jaas.config = null
	sasl.kerberos.kinit.cmd = /usr/bin/kinit
	sasl.kerberos.min.time.before.relogin = 60000
	sasl.kerberos.service.name = null
	sasl.kerberos.ticket.renew.jitter = 0.05
	sasl.kerberos.ticket.renew.window.factor = 0.8
	sasl.login.callback.handler.class = null
	sasl.login.class = null
	sasl.login.refresh.buffer.seconds = 300
	sasl.login.refresh.min.period.seconds = 60
	sasl.login.refresh.window.factor = 0.8
	sasl.login.refresh.window.jitter = 0.05
	sasl.mechanism = GSSAPI
	security.protocol = PLAINTEXT
	security.providers = null
	send.buffer.bytes = 131072
	ssl.cipher.suites = null
	ssl.enabled.protocols = [TLSv1.2]
	ssl.endpoint.identification.algorithm = https
	ssl.key.password = null
	ssl.keymanager.algorithm = SunX509
	ssl.keystore.location = null
	ssl.keystore.password = null
	ssl.keystore.type = JKS
	ssl.protocol = TLSv1.2
	ssl.provider = null
	ssl.secure.random.implementation = null
	ssl.trustmanager.algorithm = PKIX
	ssl.truststore.location = null
	ssl.truststore.password = null
	ssl.truststore.type = JKS
	transaction.timeout.ms = 60000
	transactional.id = null
	value.serializer = class org.apache.kafka.common.serialization.StringSerializer

2020-12-25 10:48:14,304 INFO [main] o.a.k.c.u.AppInfoParser [AppInfoParser.java:117] Kafka version: 2.5.1
2020-12-25 10:48:14,305 INFO [main] o.a.k.c.u.AppInfoParser [AppInfoParser.java:118] Kafka commitId: 0efa8fb0f4c73d92
2020-12-25 10:48:14,305 INFO [main] o.a.k.c.u.AppInfoParser [AppInfoParser.java:119] Kafka startTimeMs: 1608864494304
2020-12-25 10:49:14,379 INFO [org.springframework.kafka.KafkaListenerEndpointContainer#0-0-C-1] o.a.k.c.c.KafkaConsumer [KafkaConsumer.java:1082] [Consumer clientId=consumer-community-consumer-group-1, groupId=community-consumer-group] Unsubscribed all topics or patterns and assigned partitions
2020-12-25 10:49:14,379 INFO [org.springframework.kafka.KafkaListenerEndpointContainer#0-0-C-1] o.s.s.c.ThreadPoolTaskScheduler [ExecutorConfigurationSupport.java:218] Shutting down ExecutorService
2020-12-25 10:49:14,383 INFO [org.springframework.kafka.KafkaListenerEndpointContainer#0-0-C-1] o.s.k.l.KafkaMessageListenerContainer$ListenerConsumer [LogAccessor.java:292] community-consumer-group: Consumer stopped
2020-12-25 10:49:14,385 INFO [SpringContextShutdownHook] o.s.s.c.ThreadPoolTaskExecutor [ExecutorConfigurationSupport.java:218] Shutting down ExecutorService 'applicationTaskExecutor'
2020-12-25 10:49:14,447 INFO [SpringContextShutdownHook] o.a.k.c.p.KafkaProducer [KafkaProducer.java:1182] [Producer clientId=producer-1] Closing the Kafka producer with timeoutMillis = 30000 ms.
2020-12-25 10:55:06,814 INFO [main] c.n.c.KafkaTests [StartupInfoLogger.java:55] Starting KafkaTests on Jiaxi with PID 15212 (started by gaoji_000 in F:\project\community)
2020-12-25 10:55:06,817 INFO [main] c.n.c.KafkaTests [SpringApplication.java:651] No active profile set, falling back to default profiles: default
2020-12-25 10:55:07,897 INFO [main] o.s.d.r.c.RepositoryConfigurationDelegate [RepositoryConfigurationDelegate.java:249] Multiple Spring Data modules found, entering strict repository configuration mode!
2020-12-25 10:55:07,902 INFO [main] o.s.d.r.c.RepositoryConfigurationDelegate [RepositoryConfigurationDelegate.java:127] Bootstrapping Spring Data Redis repositories in DEFAULT mode.
2020-12-25 10:55:07,940 INFO [main] o.s.d.r.c.RepositoryConfigurationDelegate [RepositoryConfigurationDelegate.java:187] Finished Spring Data repository scanning in 17ms. Found 0 Redis repository interfaces.
2020-12-25 10:55:10,780 INFO [main] o.s.s.c.ThreadPoolTaskExecutor [ExecutorConfigurationSupport.java:181] Initializing ExecutorService 'applicationTaskExecutor'
2020-12-25 10:55:10,940 INFO [main] o.s.b.a.w.s.WelcomePageHandlerMapping [WelcomePageHandlerMapping.java:58] Adding welcome page template: index
2020-12-25 10:55:11,763 INFO [main] o.a.k.c.c.ConsumerConfig [AbstractConfig.java:347] ConsumerConfig values: 
	allow.auto.create.topics = true
	auto.commit.interval.ms = 3000
	auto.offset.reset = latest
	bootstrap.servers = [localhost:9092]
	check.crcs = true
	client.dns.lookup = default
	client.id = 
	client.rack = 
	connections.max.idle.ms = 540000
	default.api.timeout.ms = 60000
	enable.auto.commit = true
	exclude.internal.topics = true
	fetch.max.bytes = 52428800
	fetch.max.wait.ms = 500
	fetch.min.bytes = 1
	group.id = community-consumer-group
	group.instance.id = null
	heartbeat.interval.ms = 3000
	interceptor.classes = []
	internal.leave.group.on.close = true
	isolation.level = read_uncommitted
	key.deserializer = class org.apache.kafka.common.serialization.StringDeserializer
	max.partition.fetch.bytes = 1048576
	max.poll.interval.ms = 300000
	max.poll.records = 500
	metadata.max.age.ms = 300000
	metric.reporters = []
	metrics.num.samples = 2
	metrics.recording.level = INFO
	metrics.sample.window.ms = 30000
	partition.assignment.strategy = [class org.apache.kafka.clients.consumer.RangeAssignor]
	receive.buffer.bytes = 65536
	reconnect.backoff.max.ms = 1000
	reconnect.backoff.ms = 50
	request.timeout.ms = 30000
	retry.backoff.ms = 100
	sasl.client.callback.handler.class = null
	sasl.jaas.config = null
	sasl.kerberos.kinit.cmd = /usr/bin/kinit
	sasl.kerberos.min.time.before.relogin = 60000
	sasl.kerberos.service.name = null
	sasl.kerberos.ticket.renew.jitter = 0.05
	sasl.kerberos.ticket.renew.window.factor = 0.8
	sasl.login.callback.handler.class = null
	sasl.login.class = null
	sasl.login.refresh.buffer.seconds = 300
	sasl.login.refresh.min.period.seconds = 60
	sasl.login.refresh.window.factor = 0.8
	sasl.login.refresh.window.jitter = 0.05
	sasl.mechanism = GSSAPI
	security.protocol = PLAINTEXT
	security.providers = null
	send.buffer.bytes = 131072
	session.timeout.ms = 10000
	ssl.cipher.suites = null
	ssl.enabled.protocols = [TLSv1.2]
	ssl.endpoint.identification.algorithm = https
	ssl.key.password = null
	ssl.keymanager.algorithm = SunX509
	ssl.keystore.location = null
	ssl.keystore.password = null
	ssl.keystore.type = JKS
	ssl.protocol = TLSv1.2
	ssl.provider = null
	ssl.secure.random.implementation = null
	ssl.trustmanager.algorithm = PKIX
	ssl.truststore.location = null
	ssl.truststore.password = null
	ssl.truststore.type = JKS
	value.deserializer = class org.apache.kafka.common.serialization.StringDeserializer

2020-12-25 10:55:11,915 INFO [main] o.a.k.c.u.AppInfoParser [AppInfoParser.java:117] Kafka version: 2.5.1
2020-12-25 10:55:11,916 INFO [main] o.a.k.c.u.AppInfoParser [AppInfoParser.java:118] Kafka commitId: 0efa8fb0f4c73d92
2020-12-25 10:55:11,917 INFO [main] o.a.k.c.u.AppInfoParser [AppInfoParser.java:119] Kafka startTimeMs: 1608864911914
2020-12-25 10:55:11,921 INFO [main] o.a.k.c.c.KafkaConsumer [KafkaConsumer.java:974] [Consumer clientId=consumer-community-consumer-group-1, groupId=community-consumer-group] Subscribed to topic(s): test
2020-12-25 10:55:11,925 INFO [main] o.s.s.c.ThreadPoolTaskScheduler [ExecutorConfigurationSupport.java:181] Initializing ExecutorService
2020-12-25 10:55:11,944 INFO [main] c.n.c.KafkaTests [StartupInfoLogger.java:61] Started KafkaTests in 5.635 seconds (JVM running for 6.688)
2020-12-25 10:55:12,202 INFO [main] o.a.k.c.p.ProducerConfig [AbstractConfig.java:347] ProducerConfig values: 
	acks = 1
	batch.size = 16384
	bootstrap.servers = [localhost:9092]
	buffer.memory = 33554432
	client.dns.lookup = default
	client.id = producer-1
	compression.type = none
	connections.max.idle.ms = 540000
	delivery.timeout.ms = 120000
	enable.idempotence = false
	interceptor.classes = []
	key.serializer = class org.apache.kafka.common.serialization.StringSerializer
	linger.ms = 0
	max.block.ms = 60000
	max.in.flight.requests.per.connection = 5
	max.request.size = 1048576
	metadata.max.age.ms = 300000
	metadata.max.idle.ms = 300000
	metric.reporters = []
	metrics.num.samples = 2
	metrics.recording.level = INFO
	metrics.sample.window.ms = 30000
	partitioner.class = class org.apache.kafka.clients.producer.internals.DefaultPartitioner
	receive.buffer.bytes = 32768
	reconnect.backoff.max.ms = 1000
	reconnect.backoff.ms = 50
	request.timeout.ms = 30000
	retries = 2147483647
	retry.backoff.ms = 100
	sasl.client.callback.handler.class = null
	sasl.jaas.config = null
	sasl.kerberos.kinit.cmd = /usr/bin/kinit
	sasl.kerberos.min.time.before.relogin = 60000
	sasl.kerberos.service.name = null
	sasl.kerberos.ticket.renew.jitter = 0.05
	sasl.kerberos.ticket.renew.window.factor = 0.8
	sasl.login.callback.handler.class = null
	sasl.login.class = null
	sasl.login.refresh.buffer.seconds = 300
	sasl.login.refresh.min.period.seconds = 60
	sasl.login.refresh.window.factor = 0.8
	sasl.login.refresh.window.jitter = 0.05
	sasl.mechanism = GSSAPI
	security.protocol = PLAINTEXT
	security.providers = null
	send.buffer.bytes = 131072
	ssl.cipher.suites = null
	ssl.enabled.protocols = [TLSv1.2]
	ssl.endpoint.identification.algorithm = https
	ssl.key.password = null
	ssl.keymanager.algorithm = SunX509
	ssl.keystore.location = null
	ssl.keystore.password = null
	ssl.keystore.type = JKS
	ssl.protocol = TLSv1.2
	ssl.provider = null
	ssl.secure.random.implementation = null
	ssl.trustmanager.algorithm = PKIX
	ssl.truststore.location = null
	ssl.truststore.password = null
	ssl.truststore.type = JKS
	transaction.timeout.ms = 60000
	transactional.id = null
	value.serializer = class org.apache.kafka.common.serialization.StringSerializer

2020-12-25 10:55:12,231 INFO [main] o.a.k.c.u.AppInfoParser [AppInfoParser.java:117] Kafka version: 2.5.1
2020-12-25 10:55:12,232 INFO [main] o.a.k.c.u.AppInfoParser [AppInfoParser.java:118] Kafka commitId: 0efa8fb0f4c73d92
2020-12-25 10:55:12,232 INFO [main] o.a.k.c.u.AppInfoParser [AppInfoParser.java:119] Kafka startTimeMs: 1608864912231
2020-12-25 10:55:12,381 INFO [kafka-producer-network-thread | producer-1] o.a.k.c.Metadata [Metadata.java:277] [Producer clientId=producer-1] Cluster ID: srEd9FNxS7Ch_KizXqVeIg
2020-12-25 10:55:12,381 INFO [org.springframework.kafka.KafkaListenerEndpointContainer#0-0-C-1] o.a.k.c.Metadata [Metadata.java:277] [Consumer clientId=consumer-community-consumer-group-1, groupId=community-consumer-group] Cluster ID: srEd9FNxS7Ch_KizXqVeIg
2020-12-25 10:55:12,383 INFO [org.springframework.kafka.KafkaListenerEndpointContainer#0-0-C-1] o.a.k.c.c.i.AbstractCoordinator [AbstractCoordinator.java:797] [Consumer clientId=consumer-community-consumer-group-1, groupId=community-consumer-group] Discovered group coordinator windows10.microdone.cn:9092 (id: 2147483647 rack: null)
2020-12-25 10:55:12,389 INFO [org.springframework.kafka.KafkaListenerEndpointContainer#0-0-C-1] o.a.k.c.c.i.AbstractCoordinator [AbstractCoordinator.java:552] [Consumer clientId=consumer-community-consumer-group-1, groupId=community-consumer-group] (Re-)joining group
2020-12-25 10:55:12,420 INFO [org.springframework.kafka.KafkaListenerEndpointContainer#0-0-C-1] o.a.k.c.c.i.AbstractCoordinator [AbstractCoordinator.java:455] [Consumer clientId=consumer-community-consumer-group-1, groupId=community-consumer-group] Join group failed with org.apache.kafka.common.errors.MemberIdRequiredException: The group member needs to have a valid member id before actually entering a consumer group
2020-12-25 10:55:12,421 INFO [org.springframework.kafka.KafkaListenerEndpointContainer#0-0-C-1] o.a.k.c.c.i.AbstractCoordinator [AbstractCoordinator.java:552] [Consumer clientId=consumer-community-consumer-group-1, groupId=community-consumer-group] (Re-)joining group
2020-12-25 10:55:12,439 INFO [org.springframework.kafka.KafkaListenerEndpointContainer#0-0-C-1] o.a.k.c.c.i.ConsumerCoordinator [ConsumerCoordinator.java:611] [Consumer clientId=consumer-community-consumer-group-1, groupId=community-consumer-group] Finished assignment for group at generation 1: {consumer-community-consumer-group-1-56250ba4-2c53-4c15-bc3c-190aa692996b=Assignment(partitions=[test-0])}
2020-12-25 10:55:12,458 INFO [org.springframework.kafka.KafkaListenerEndpointContainer#0-0-C-1] o.a.k.c.c.i.AbstractCoordinator [AbstractCoordinator.java:503] [Consumer clientId=consumer-community-consumer-group-1, groupId=community-consumer-group] Successfully joined group with generation 1
2020-12-25 10:55:12,466 INFO [org.springframework.kafka.KafkaListenerEndpointContainer#0-0-C-1] o.a.k.c.c.i.ConsumerCoordinator [ConsumerCoordinator.java:273] [Consumer clientId=consumer-community-consumer-group-1, groupId=community-consumer-group] Adding newly assigned partitions: test-0
2020-12-25 10:55:12,482 INFO [org.springframework.kafka.KafkaListenerEndpointContainer#0-0-C-1] o.a.k.c.c.i.ConsumerCoordinator [ConsumerCoordinator.java:1306] [Consumer clientId=consumer-community-consumer-group-1, groupId=community-consumer-group] Found no committed offset for partition test-0
2020-12-25 10:55:12,507 INFO [org.springframework.kafka.KafkaListenerEndpointContainer#0-0-C-1] o.a.k.c.c.i.SubscriptionState [SubscriptionState.java:397] [Consumer clientId=consumer-community-consumer-group-1, groupId=community-consumer-group] Resetting offset for partition test-0 to offset 6.
2020-12-25 10:55:12,508 INFO [org.springframework.kafka.KafkaListenerEndpointContainer#0-0-C-1] o.s.k.l.KafkaMessageListenerContainer [LogAccessor.java:292] community-consumer-group: partitions assigned: [test-0]
2020-12-25 10:55:22,424 INFO [org.springframework.kafka.KafkaListenerEndpointContainer#0-0-C-1] o.a.k.c.c.i.ConsumerCoordinator [ConsumerCoordinator.java:292] [Consumer clientId=consumer-community-consumer-group-1, groupId=community-consumer-group] Revoke previously assigned partitions test-0
2020-12-25 10:55:22,425 INFO [org.springframework.kafka.KafkaListenerEndpointContainer#0-0-C-1] o.s.k.l.KafkaMessageListenerContainer [LogAccessor.java:292] community-consumer-group: partitions revoked: [test-0]
2020-12-25 10:55:22,426 INFO [org.springframework.kafka.KafkaListenerEndpointContainer#0-0-C-1] o.a.k.c.c.i.AbstractCoordinator [AbstractCoordinator.java:979] [Consumer clientId=consumer-community-consumer-group-1, groupId=community-consumer-group] Member consumer-community-consumer-group-1-56250ba4-2c53-4c15-bc3c-190aa692996b sending LeaveGroup request to coordinator windows10.microdone.cn:9092 (id: 2147483647 rack: null) due to the consumer unsubscribed from all topics
2020-12-25 10:55:22,426 INFO [org.springframework.kafka.KafkaListenerEndpointContainer#0-0-C-1] o.a.k.c.c.KafkaConsumer [KafkaConsumer.java:1082] [Consumer clientId=consumer-community-consumer-group-1, groupId=community-consumer-group] Unsubscribed all topics or patterns and assigned partitions
2020-12-25 10:55:22,426 INFO [org.springframework.kafka.KafkaListenerEndpointContainer#0-0-C-1] o.s.s.c.ThreadPoolTaskScheduler [ExecutorConfigurationSupport.java:218] Shutting down ExecutorService
2020-12-25 10:55:22,441 INFO [org.springframework.kafka.KafkaListenerEndpointContainer#0-0-C-1] o.s.k.l.KafkaMessageListenerContainer$ListenerConsumer [LogAccessor.java:292] community-consumer-group: Consumer stopped
2020-12-25 10:55:22,443 INFO [SpringContextShutdownHook] o.s.s.c.ThreadPoolTaskExecutor [ExecutorConfigurationSupport.java:218] Shutting down ExecutorService 'applicationTaskExecutor'
2020-12-25 10:55:22,463 INFO [SpringContextShutdownHook] o.a.k.c.p.KafkaProducer [KafkaProducer.java:1182] [Producer clientId=producer-1] Closing the Kafka producer with timeoutMillis = 30000 ms.
2020-12-25 10:56:36,328 INFO [main] c.n.c.KafkaTests [StartupInfoLogger.java:55] Starting KafkaTests on Jiaxi with PID 20084 (started by gaoji_000 in F:\project\community)
2020-12-25 10:56:36,330 INFO [main] c.n.c.KafkaTests [SpringApplication.java:651] No active profile set, falling back to default profiles: default
2020-12-25 10:56:37,402 INFO [main] o.s.d.r.c.RepositoryConfigurationDelegate [RepositoryConfigurationDelegate.java:249] Multiple Spring Data modules found, entering strict repository configuration mode!
2020-12-25 10:56:37,405 INFO [main] o.s.d.r.c.RepositoryConfigurationDelegate [RepositoryConfigurationDelegate.java:127] Bootstrapping Spring Data Redis repositories in DEFAULT mode.
2020-12-25 10:56:37,439 INFO [main] o.s.d.r.c.RepositoryConfigurationDelegate [RepositoryConfigurationDelegate.java:187] Finished Spring Data repository scanning in 16ms. Found 0 Redis repository interfaces.
2020-12-25 10:56:40,135 INFO [main] o.s.s.c.ThreadPoolTaskExecutor [ExecutorConfigurationSupport.java:181] Initializing ExecutorService 'applicationTaskExecutor'
2020-12-25 10:56:40,291 INFO [main] o.s.b.a.w.s.WelcomePageHandlerMapping [WelcomePageHandlerMapping.java:58] Adding welcome page template: index
2020-12-25 10:56:41,097 INFO [main] o.a.k.c.c.ConsumerConfig [AbstractConfig.java:347] ConsumerConfig values: 
	allow.auto.create.topics = true
	auto.commit.interval.ms = 3000
	auto.offset.reset = latest
	bootstrap.servers = [localhost:9092]
	check.crcs = true
	client.dns.lookup = default
	client.id = 
	client.rack = 
	connections.max.idle.ms = 540000
	default.api.timeout.ms = 60000
	enable.auto.commit = true
	exclude.internal.topics = true
	fetch.max.bytes = 52428800
	fetch.max.wait.ms = 500
	fetch.min.bytes = 1
	group.id = community-consumer-group
	group.instance.id = null
	heartbeat.interval.ms = 3000
	interceptor.classes = []
	internal.leave.group.on.close = true
	isolation.level = read_uncommitted
	key.deserializer = class org.apache.kafka.common.serialization.StringDeserializer
	max.partition.fetch.bytes = 1048576
	max.poll.interval.ms = 300000
	max.poll.records = 500
	metadata.max.age.ms = 300000
	metric.reporters = []
	metrics.num.samples = 2
	metrics.recording.level = INFO
	metrics.sample.window.ms = 30000
	partition.assignment.strategy = [class org.apache.kafka.clients.consumer.RangeAssignor]
	receive.buffer.bytes = 65536
	reconnect.backoff.max.ms = 1000
	reconnect.backoff.ms = 50
	request.timeout.ms = 30000
	retry.backoff.ms = 100
	sasl.client.callback.handler.class = null
	sasl.jaas.config = null
	sasl.kerberos.kinit.cmd = /usr/bin/kinit
	sasl.kerberos.min.time.before.relogin = 60000
	sasl.kerberos.service.name = null
	sasl.kerberos.ticket.renew.jitter = 0.05
	sasl.kerberos.ticket.renew.window.factor = 0.8
	sasl.login.callback.handler.class = null
	sasl.login.class = null
	sasl.login.refresh.buffer.seconds = 300
	sasl.login.refresh.min.period.seconds = 60
	sasl.login.refresh.window.factor = 0.8
	sasl.login.refresh.window.jitter = 0.05
	sasl.mechanism = GSSAPI
	security.protocol = PLAINTEXT
	security.providers = null
	send.buffer.bytes = 131072
	session.timeout.ms = 10000
	ssl.cipher.suites = null
	ssl.enabled.protocols = [TLSv1.2]
	ssl.endpoint.identification.algorithm = https
	ssl.key.password = null
	ssl.keymanager.algorithm = SunX509
	ssl.keystore.location = null
	ssl.keystore.password = null
	ssl.keystore.type = JKS
	ssl.protocol = TLSv1.2
	ssl.provider = null
	ssl.secure.random.implementation = null
	ssl.trustmanager.algorithm = PKIX
	ssl.truststore.location = null
	ssl.truststore.password = null
	ssl.truststore.type = JKS
	value.deserializer = class org.apache.kafka.common.serialization.StringDeserializer

2020-12-25 10:56:41,261 INFO [main] o.a.k.c.u.AppInfoParser [AppInfoParser.java:117] Kafka version: 2.5.1
2020-12-25 10:56:41,261 INFO [main] o.a.k.c.u.AppInfoParser [AppInfoParser.java:118] Kafka commitId: 0efa8fb0f4c73d92
2020-12-25 10:56:41,261 INFO [main] o.a.k.c.u.AppInfoParser [AppInfoParser.java:119] Kafka startTimeMs: 1608865001259
2020-12-25 10:56:41,265 INFO [main] o.a.k.c.c.KafkaConsumer [KafkaConsumer.java:974] [Consumer clientId=consumer-community-consumer-group-1, groupId=community-consumer-group] Subscribed to topic(s): test
2020-12-25 10:56:41,267 INFO [main] o.s.s.c.ThreadPoolTaskScheduler [ExecutorConfigurationSupport.java:181] Initializing ExecutorService
2020-12-25 10:56:41,289 INFO [main] c.n.c.KafkaTests [StartupInfoLogger.java:61] Started KafkaTests in 5.434 seconds (JVM running for 6.429)
2020-12-25 10:56:41,595 INFO [main] o.a.k.c.p.ProducerConfig [AbstractConfig.java:347] ProducerConfig values: 
	acks = 1
	batch.size = 16384
	bootstrap.servers = [localhost:9092]
	buffer.memory = 33554432
	client.dns.lookup = default
	client.id = producer-1
	compression.type = none
	connections.max.idle.ms = 540000
	delivery.timeout.ms = 120000
	enable.idempotence = false
	interceptor.classes = []
	key.serializer = class org.apache.kafka.common.serialization.StringSerializer
	linger.ms = 0
	max.block.ms = 60000
	max.in.flight.requests.per.connection = 5
	max.request.size = 1048576
	metadata.max.age.ms = 300000
	metadata.max.idle.ms = 300000
	metric.reporters = []
	metrics.num.samples = 2
	metrics.recording.level = INFO
	metrics.sample.window.ms = 30000
	partitioner.class = class org.apache.kafka.clients.producer.internals.DefaultPartitioner
	receive.buffer.bytes = 32768
	reconnect.backoff.max.ms = 1000
	reconnect.backoff.ms = 50
	request.timeout.ms = 30000
	retries = 2147483647
	retry.backoff.ms = 100
	sasl.client.callback.handler.class = null
	sasl.jaas.config = null
	sasl.kerberos.kinit.cmd = /usr/bin/kinit
	sasl.kerberos.min.time.before.relogin = 60000
	sasl.kerberos.service.name = null
	sasl.kerberos.ticket.renew.jitter = 0.05
	sasl.kerberos.ticket.renew.window.factor = 0.8
	sasl.login.callback.handler.class = null
	sasl.login.class = null
	sasl.login.refresh.buffer.seconds = 300
	sasl.login.refresh.min.period.seconds = 60
	sasl.login.refresh.window.factor = 0.8
	sasl.login.refresh.window.jitter = 0.05
	sasl.mechanism = GSSAPI
	security.protocol = PLAINTEXT
	security.providers = null
	send.buffer.bytes = 131072
	ssl.cipher.suites = null
	ssl.enabled.protocols = [TLSv1.2]
	ssl.endpoint.identification.algorithm = https
	ssl.key.password = null
	ssl.keymanager.algorithm = SunX509
	ssl.keystore.location = null
	ssl.keystore.password = null
	ssl.keystore.type = JKS
	ssl.protocol = TLSv1.2
	ssl.provider = null
	ssl.secure.random.implementation = null
	ssl.trustmanager.algorithm = PKIX
	ssl.truststore.location = null
	ssl.truststore.password = null
	ssl.truststore.type = JKS
	transaction.timeout.ms = 60000
	transactional.id = null
	value.serializer = class org.apache.kafka.common.serialization.StringSerializer

2020-12-25 10:56:41,630 INFO [main] o.a.k.c.u.AppInfoParser [AppInfoParser.java:117] Kafka version: 2.5.1
2020-12-25 10:56:41,631 INFO [main] o.a.k.c.u.AppInfoParser [AppInfoParser.java:118] Kafka commitId: 0efa8fb0f4c73d92
2020-12-25 10:56:41,631 INFO [main] o.a.k.c.u.AppInfoParser [AppInfoParser.java:119] Kafka startTimeMs: 1608865001630
2020-12-25 10:56:41,746 INFO [kafka-producer-network-thread | producer-1] o.a.k.c.Metadata [Metadata.java:277] [Producer clientId=producer-1] Cluster ID: srEd9FNxS7Ch_KizXqVeIg
2020-12-25 10:56:41,746 INFO [org.springframework.kafka.KafkaListenerEndpointContainer#0-0-C-1] o.a.k.c.Metadata [Metadata.java:277] [Consumer clientId=consumer-community-consumer-group-1, groupId=community-consumer-group] Cluster ID: srEd9FNxS7Ch_KizXqVeIg
2020-12-25 10:56:41,748 INFO [org.springframework.kafka.KafkaListenerEndpointContainer#0-0-C-1] o.a.k.c.c.i.AbstractCoordinator [AbstractCoordinator.java:797] [Consumer clientId=consumer-community-consumer-group-1, groupId=community-consumer-group] Discovered group coordinator windows10.microdone.cn:9092 (id: 2147483647 rack: null)
2020-12-25 10:56:41,753 INFO [org.springframework.kafka.KafkaListenerEndpointContainer#0-0-C-1] o.a.k.c.c.i.AbstractCoordinator [AbstractCoordinator.java:552] [Consumer clientId=consumer-community-consumer-group-1, groupId=community-consumer-group] (Re-)joining group
2020-12-25 10:56:41,930 INFO [org.springframework.kafka.KafkaListenerEndpointContainer#0-0-C-1] o.a.k.c.c.i.AbstractCoordinator [AbstractCoordinator.java:455] [Consumer clientId=consumer-community-consumer-group-1, groupId=community-consumer-group] Join group failed with org.apache.kafka.common.errors.MemberIdRequiredException: The group member needs to have a valid member id before actually entering a consumer group
2020-12-25 10:56:41,930 INFO [org.springframework.kafka.KafkaListenerEndpointContainer#0-0-C-1] o.a.k.c.c.i.AbstractCoordinator [AbstractCoordinator.java:552] [Consumer clientId=consumer-community-consumer-group-1, groupId=community-consumer-group] (Re-)joining group
2020-12-25 10:56:41,942 INFO [org.springframework.kafka.KafkaListenerEndpointContainer#0-0-C-1] o.a.k.c.c.i.ConsumerCoordinator [ConsumerCoordinator.java:611] [Consumer clientId=consumer-community-consumer-group-1, groupId=community-consumer-group] Finished assignment for group at generation 3: {consumer-community-consumer-group-1-1463bb10-f82f-421d-aeef-c3cc7096f5e6=Assignment(partitions=[test-0])}
2020-12-25 10:56:41,948 INFO [org.springframework.kafka.KafkaListenerEndpointContainer#0-0-C-1] o.a.k.c.c.i.AbstractCoordinator [AbstractCoordinator.java:503] [Consumer clientId=consumer-community-consumer-group-1, groupId=community-consumer-group] Successfully joined group with generation 3
2020-12-25 10:56:41,954 INFO [org.springframework.kafka.KafkaListenerEndpointContainer#0-0-C-1] o.a.k.c.c.i.ConsumerCoordinator [ConsumerCoordinator.java:273] [Consumer clientId=consumer-community-consumer-group-1, groupId=community-consumer-group] Adding newly assigned partitions: test-0
2020-12-25 10:56:41,963 INFO [org.springframework.kafka.KafkaListenerEndpointContainer#0-0-C-1] o.a.k.c.c.i.ConsumerCoordinator [ConsumerCoordinator.java:799] [Consumer clientId=consumer-community-consumer-group-1, groupId=community-consumer-group] Setting offset for partition test-0 to the committed offset FetchPosition{offset=6, offsetEpoch=Optional.empty, currentLeader=LeaderAndEpoch{leader=Optional[windows10.microdone.cn:9092 (id: 0 rack: null)], epoch=0}}
2020-12-25 10:56:41,964 INFO [org.springframework.kafka.KafkaListenerEndpointContainer#0-0-C-1] o.s.k.l.KafkaMessageListenerContainer [LogAccessor.java:292] community-consumer-group: partitions assigned: [test-0]
2020-12-25 10:56:51,944 INFO [org.springframework.kafka.KafkaListenerEndpointContainer#0-0-C-1] o.a.k.c.c.i.ConsumerCoordinator [ConsumerCoordinator.java:292] [Consumer clientId=consumer-community-consumer-group-1, groupId=community-consumer-group] Revoke previously assigned partitions test-0
2020-12-25 10:56:51,945 INFO [org.springframework.kafka.KafkaListenerEndpointContainer#0-0-C-1] o.s.k.l.KafkaMessageListenerContainer [LogAccessor.java:292] community-consumer-group: partitions revoked: [test-0]
2020-12-25 10:56:51,945 INFO [org.springframework.kafka.KafkaListenerEndpointContainer#0-0-C-1] o.a.k.c.c.i.AbstractCoordinator [AbstractCoordinator.java:979] [Consumer clientId=consumer-community-consumer-group-1, groupId=community-consumer-group] Member consumer-community-consumer-group-1-1463bb10-f82f-421d-aeef-c3cc7096f5e6 sending LeaveGroup request to coordinator windows10.microdone.cn:9092 (id: 2147483647 rack: null) due to the consumer unsubscribed from all topics
2020-12-25 10:56:51,946 INFO [org.springframework.kafka.KafkaListenerEndpointContainer#0-0-C-1] o.a.k.c.c.KafkaConsumer [KafkaConsumer.java:1082] [Consumer clientId=consumer-community-consumer-group-1, groupId=community-consumer-group] Unsubscribed all topics or patterns and assigned partitions
2020-12-25 10:56:51,946 INFO [org.springframework.kafka.KafkaListenerEndpointContainer#0-0-C-1] o.s.s.c.ThreadPoolTaskScheduler [ExecutorConfigurationSupport.java:218] Shutting down ExecutorService
2020-12-25 10:56:51,959 INFO [org.springframework.kafka.KafkaListenerEndpointContainer#0-0-C-1] o.s.k.l.KafkaMessageListenerContainer$ListenerConsumer [LogAccessor.java:292] community-consumer-group: Consumer stopped
2020-12-25 10:56:51,961 INFO [SpringContextShutdownHook] o.s.s.c.ThreadPoolTaskExecutor [ExecutorConfigurationSupport.java:218] Shutting down ExecutorService 'applicationTaskExecutor'
2020-12-25 10:56:51,980 INFO [SpringContextShutdownHook] o.a.k.c.p.KafkaProducer [KafkaProducer.java:1182] [Producer clientId=producer-1] Closing the Kafka producer with timeoutMillis = 30000 ms.
2020-12-25 10:57:11,330 INFO [main] c.n.c.KafkaTests [StartupInfoLogger.java:55] Starting KafkaTests on Jiaxi with PID 20872 (started by gaoji_000 in F:\project\community)
2020-12-25 10:57:11,332 INFO [main] c.n.c.KafkaTests [SpringApplication.java:651] No active profile set, falling back to default profiles: default
2020-12-25 10:57:12,332 INFO [main] o.s.d.r.c.RepositoryConfigurationDelegate [RepositoryConfigurationDelegate.java:249] Multiple Spring Data modules found, entering strict repository configuration mode!
2020-12-25 10:57:12,335 INFO [main] o.s.d.r.c.RepositoryConfigurationDelegate [RepositoryConfigurationDelegate.java:127] Bootstrapping Spring Data Redis repositories in DEFAULT mode.
2020-12-25 10:57:12,366 INFO [main] o.s.d.r.c.RepositoryConfigurationDelegate [RepositoryConfigurationDelegate.java:187] Finished Spring Data repository scanning in 13ms. Found 0 Redis repository interfaces.
2020-12-25 10:57:15,081 INFO [main] o.s.s.c.ThreadPoolTaskExecutor [ExecutorConfigurationSupport.java:181] Initializing ExecutorService 'applicationTaskExecutor'
2020-12-25 10:57:15,234 INFO [main] o.s.b.a.w.s.WelcomePageHandlerMapping [WelcomePageHandlerMapping.java:58] Adding welcome page template: index
2020-12-25 10:57:15,990 INFO [main] o.a.k.c.c.ConsumerConfig [AbstractConfig.java:347] ConsumerConfig values: 
	allow.auto.create.topics = true
	auto.commit.interval.ms = 3000
	auto.offset.reset = latest
	bootstrap.servers = [localhost:9092]
	check.crcs = true
	client.dns.lookup = default
	client.id = 
	client.rack = 
	connections.max.idle.ms = 540000
	default.api.timeout.ms = 60000
	enable.auto.commit = true
	exclude.internal.topics = true
	fetch.max.bytes = 52428800
	fetch.max.wait.ms = 500
	fetch.min.bytes = 1
	group.id = community-consumer-group
	group.instance.id = null
	heartbeat.interval.ms = 3000
	interceptor.classes = []
	internal.leave.group.on.close = true
	isolation.level = read_uncommitted
	key.deserializer = class org.apache.kafka.common.serialization.StringDeserializer
	max.partition.fetch.bytes = 1048576
	max.poll.interval.ms = 300000
	max.poll.records = 500
	metadata.max.age.ms = 300000
	metric.reporters = []
	metrics.num.samples = 2
	metrics.recording.level = INFO
	metrics.sample.window.ms = 30000
	partition.assignment.strategy = [class org.apache.kafka.clients.consumer.RangeAssignor]
	receive.buffer.bytes = 65536
	reconnect.backoff.max.ms = 1000
	reconnect.backoff.ms = 50
	request.timeout.ms = 30000
	retry.backoff.ms = 100
	sasl.client.callback.handler.class = null
	sasl.jaas.config = null
	sasl.kerberos.kinit.cmd = /usr/bin/kinit
	sasl.kerberos.min.time.before.relogin = 60000
	sasl.kerberos.service.name = null
	sasl.kerberos.ticket.renew.jitter = 0.05
	sasl.kerberos.ticket.renew.window.factor = 0.8
	sasl.login.callback.handler.class = null
	sasl.login.class = null
	sasl.login.refresh.buffer.seconds = 300
	sasl.login.refresh.min.period.seconds = 60
	sasl.login.refresh.window.factor = 0.8
	sasl.login.refresh.window.jitter = 0.05
	sasl.mechanism = GSSAPI
	security.protocol = PLAINTEXT
	security.providers = null
	send.buffer.bytes = 131072
	session.timeout.ms = 10000
	ssl.cipher.suites = null
	ssl.enabled.protocols = [TLSv1.2]
	ssl.endpoint.identification.algorithm = https
	ssl.key.password = null
	ssl.keymanager.algorithm = SunX509
	ssl.keystore.location = null
	ssl.keystore.password = null
	ssl.keystore.type = JKS
	ssl.protocol = TLSv1.2
	ssl.provider = null
	ssl.secure.random.implementation = null
	ssl.trustmanager.algorithm = PKIX
	ssl.truststore.location = null
	ssl.truststore.password = null
	ssl.truststore.type = JKS
	value.deserializer = class org.apache.kafka.common.serialization.StringDeserializer

2020-12-25 10:57:16,124 INFO [main] o.a.k.c.u.AppInfoParser [AppInfoParser.java:117] Kafka version: 2.5.1
2020-12-25 10:57:16,124 INFO [main] o.a.k.c.u.AppInfoParser [AppInfoParser.java:118] Kafka commitId: 0efa8fb0f4c73d92
2020-12-25 10:57:16,124 INFO [main] o.a.k.c.u.AppInfoParser [AppInfoParser.java:119] Kafka startTimeMs: 1608865036122
2020-12-25 10:57:16,127 INFO [main] o.a.k.c.c.KafkaConsumer [KafkaConsumer.java:974] [Consumer clientId=consumer-community-consumer-group-1, groupId=community-consumer-group] Subscribed to topic(s): test
2020-12-25 10:57:16,130 INFO [main] o.s.s.c.ThreadPoolTaskScheduler [ExecutorConfigurationSupport.java:181] Initializing ExecutorService
2020-12-25 10:57:16,149 INFO [main] c.n.c.KafkaTests [StartupInfoLogger.java:61] Started KafkaTests in 5.294 seconds (JVM running for 6.227)
2020-12-25 10:57:16,364 INFO [main] o.a.k.c.p.ProducerConfig [AbstractConfig.java:347] ProducerConfig values: 
	acks = 1
	batch.size = 16384
	bootstrap.servers = [localhost:9092]
	buffer.memory = 33554432
	client.dns.lookup = default
	client.id = producer-1
	compression.type = none
	connections.max.idle.ms = 540000
	delivery.timeout.ms = 120000
	enable.idempotence = false
	interceptor.classes = []
	key.serializer = class org.apache.kafka.common.serialization.StringSerializer
	linger.ms = 0
	max.block.ms = 60000
	max.in.flight.requests.per.connection = 5
	max.request.size = 1048576
	metadata.max.age.ms = 300000
	metadata.max.idle.ms = 300000
	metric.reporters = []
	metrics.num.samples = 2
	metrics.recording.level = INFO
	metrics.sample.window.ms = 30000
	partitioner.class = class org.apache.kafka.clients.producer.internals.DefaultPartitioner
	receive.buffer.bytes = 32768
	reconnect.backoff.max.ms = 1000
	reconnect.backoff.ms = 50
	request.timeout.ms = 30000
	retries = 2147483647
	retry.backoff.ms = 100
	sasl.client.callback.handler.class = null
	sasl.jaas.config = null
	sasl.kerberos.kinit.cmd = /usr/bin/kinit
	sasl.kerberos.min.time.before.relogin = 60000
	sasl.kerberos.service.name = null
	sasl.kerberos.ticket.renew.jitter = 0.05
	sasl.kerberos.ticket.renew.window.factor = 0.8
	sasl.login.callback.handler.class = null
	sasl.login.class = null
	sasl.login.refresh.buffer.seconds = 300
	sasl.login.refresh.min.period.seconds = 60
	sasl.login.refresh.window.factor = 0.8
	sasl.login.refresh.window.jitter = 0.05
	sasl.mechanism = GSSAPI
	security.protocol = PLAINTEXT
	security.providers = null
	send.buffer.bytes = 131072
	ssl.cipher.suites = null
	ssl.enabled.protocols = [TLSv1.2]
	ssl.endpoint.identification.algorithm = https
	ssl.key.password = null
	ssl.keymanager.algorithm = SunX509
	ssl.keystore.location = null
	ssl.keystore.password = null
	ssl.keystore.type = JKS
	ssl.protocol = TLSv1.2
	ssl.provider = null
	ssl.secure.random.implementation = null
	ssl.trustmanager.algorithm = PKIX
	ssl.truststore.location = null
	ssl.truststore.password = null
	ssl.truststore.type = JKS
	transaction.timeout.ms = 60000
	transactional.id = null
	value.serializer = class org.apache.kafka.common.serialization.StringSerializer

2020-12-25 10:57:16,388 INFO [main] o.a.k.c.u.AppInfoParser [AppInfoParser.java:117] Kafka version: 2.5.1
2020-12-25 10:57:16,388 INFO [main] o.a.k.c.u.AppInfoParser [AppInfoParser.java:118] Kafka commitId: 0efa8fb0f4c73d92
2020-12-25 10:57:16,389 INFO [main] o.a.k.c.u.AppInfoParser [AppInfoParser.java:119] Kafka startTimeMs: 1608865036388
2020-12-25 10:58:16,428 INFO [org.springframework.kafka.KafkaListenerEndpointContainer#0-0-C-1] o.a.k.c.c.KafkaConsumer [KafkaConsumer.java:1082] [Consumer clientId=consumer-community-consumer-group-1, groupId=community-consumer-group] Unsubscribed all topics or patterns and assigned partitions
2020-12-25 10:58:16,428 INFO [org.springframework.kafka.KafkaListenerEndpointContainer#0-0-C-1] o.s.s.c.ThreadPoolTaskScheduler [ExecutorConfigurationSupport.java:218] Shutting down ExecutorService
2020-12-25 10:58:16,434 INFO [org.springframework.kafka.KafkaListenerEndpointContainer#0-0-C-1] o.s.k.l.KafkaMessageListenerContainer$ListenerConsumer [LogAccessor.java:292] community-consumer-group: Consumer stopped
2020-12-25 10:58:16,436 INFO [SpringContextShutdownHook] o.s.s.c.ThreadPoolTaskExecutor [ExecutorConfigurationSupport.java:218] Shutting down ExecutorService 'applicationTaskExecutor'
2020-12-25 10:58:16,455 INFO [SpringContextShutdownHook] o.a.k.c.p.KafkaProducer [KafkaProducer.java:1182] [Producer clientId=producer-1] Closing the Kafka producer with timeoutMillis = 30000 ms.
2020-12-25 11:00:10,225 INFO [main] c.n.c.KafkaTests [StartupInfoLogger.java:55] Starting KafkaTests on Jiaxi with PID 9348 (started by gaoji_000 in F:\project\community)
2020-12-25 11:00:10,228 INFO [main] c.n.c.KafkaTests [SpringApplication.java:651] No active profile set, falling back to default profiles: default
2020-12-25 11:00:11,190 INFO [main] o.s.d.r.c.RepositoryConfigurationDelegate [RepositoryConfigurationDelegate.java:249] Multiple Spring Data modules found, entering strict repository configuration mode!
2020-12-25 11:00:11,194 INFO [main] o.s.d.r.c.RepositoryConfigurationDelegate [RepositoryConfigurationDelegate.java:127] Bootstrapping Spring Data Redis repositories in DEFAULT mode.
2020-12-25 11:00:11,239 INFO [main] o.s.d.r.c.RepositoryConfigurationDelegate [RepositoryConfigurationDelegate.java:187] Finished Spring Data repository scanning in 21ms. Found 0 Redis repository interfaces.
2020-12-25 11:00:14,180 INFO [main] o.s.s.c.ThreadPoolTaskExecutor [ExecutorConfigurationSupport.java:181] Initializing ExecutorService 'applicationTaskExecutor'
2020-12-25 11:00:14,332 INFO [main] o.s.b.a.w.s.WelcomePageHandlerMapping [WelcomePageHandlerMapping.java:58] Adding welcome page template: index
2020-12-25 11:00:15,469 INFO [main] o.a.k.c.c.ConsumerConfig [AbstractConfig.java:347] ConsumerConfig values: 
	allow.auto.create.topics = true
	auto.commit.interval.ms = 3000
	auto.offset.reset = latest
	bootstrap.servers = [localhost:9092]
	check.crcs = true
	client.dns.lookup = default
	client.id = 
	client.rack = 
	connections.max.idle.ms = 540000
	default.api.timeout.ms = 60000
	enable.auto.commit = true
	exclude.internal.topics = true
	fetch.max.bytes = 52428800
	fetch.max.wait.ms = 500
	fetch.min.bytes = 1
	group.id = community-consumer-group
	group.instance.id = null
	heartbeat.interval.ms = 3000
	interceptor.classes = []
	internal.leave.group.on.close = true
	isolation.level = read_uncommitted
	key.deserializer = class org.apache.kafka.common.serialization.StringDeserializer
	max.partition.fetch.bytes = 1048576
	max.poll.interval.ms = 300000
	max.poll.records = 500
	metadata.max.age.ms = 300000
	metric.reporters = []
	metrics.num.samples = 2
	metrics.recording.level = INFO
	metrics.sample.window.ms = 30000
	partition.assignment.strategy = [class org.apache.kafka.clients.consumer.RangeAssignor]
	receive.buffer.bytes = 65536
	reconnect.backoff.max.ms = 1000
	reconnect.backoff.ms = 50
	request.timeout.ms = 30000
	retry.backoff.ms = 100
	sasl.client.callback.handler.class = null
	sasl.jaas.config = null
	sasl.kerberos.kinit.cmd = /usr/bin/kinit
	sasl.kerberos.min.time.before.relogin = 60000
	sasl.kerberos.service.name = null
	sasl.kerberos.ticket.renew.jitter = 0.05
	sasl.kerberos.ticket.renew.window.factor = 0.8
	sasl.login.callback.handler.class = null
	sasl.login.class = null
	sasl.login.refresh.buffer.seconds = 300
	sasl.login.refresh.min.period.seconds = 60
	sasl.login.refresh.window.factor = 0.8
	sasl.login.refresh.window.jitter = 0.05
	sasl.mechanism = GSSAPI
	security.protocol = PLAINTEXT
	security.providers = null
	send.buffer.bytes = 131072
	session.timeout.ms = 10000
	ssl.cipher.suites = null
	ssl.enabled.protocols = [TLSv1.2]
	ssl.endpoint.identification.algorithm = https
	ssl.key.password = null
	ssl.keymanager.algorithm = SunX509
	ssl.keystore.location = null
	ssl.keystore.password = null
	ssl.keystore.type = JKS
	ssl.protocol = TLSv1.2
	ssl.provider = null
	ssl.secure.random.implementation = null
	ssl.trustmanager.algorithm = PKIX
	ssl.truststore.location = null
	ssl.truststore.password = null
	ssl.truststore.type = JKS
	value.deserializer = class org.apache.kafka.common.serialization.StringDeserializer

2020-12-25 11:00:15,618 INFO [main] o.a.k.c.u.AppInfoParser [AppInfoParser.java:117] Kafka version: 2.5.1
2020-12-25 11:00:15,618 INFO [main] o.a.k.c.u.AppInfoParser [AppInfoParser.java:118] Kafka commitId: 0efa8fb0f4c73d92
2020-12-25 11:00:15,619 INFO [main] o.a.k.c.u.AppInfoParser [AppInfoParser.java:119] Kafka startTimeMs: 1608865215615
2020-12-25 11:00:15,622 INFO [main] o.a.k.c.c.KafkaConsumer [KafkaConsumer.java:974] [Consumer clientId=consumer-community-consumer-group-1, groupId=community-consumer-group] Subscribed to topic(s): test
2020-12-25 11:00:15,626 INFO [main] o.s.s.c.ThreadPoolTaskScheduler [ExecutorConfigurationSupport.java:181] Initializing ExecutorService
2020-12-25 11:00:15,649 INFO [main] c.n.c.KafkaTests [StartupInfoLogger.java:61] Started KafkaTests in 5.922 seconds (JVM running for 6.883)
2020-12-25 11:00:15,887 INFO [main] o.a.k.c.p.ProducerConfig [AbstractConfig.java:347] ProducerConfig values: 
	acks = 1
	batch.size = 16384
	bootstrap.servers = [localhost:9092]
	buffer.memory = 33554432
	client.dns.lookup = default
	client.id = producer-1
	compression.type = none
	connections.max.idle.ms = 540000
	delivery.timeout.ms = 120000
	enable.idempotence = false
	interceptor.classes = []
	key.serializer = class org.apache.kafka.common.serialization.StringSerializer
	linger.ms = 0
	max.block.ms = 60000
	max.in.flight.requests.per.connection = 5
	max.request.size = 1048576
	metadata.max.age.ms = 300000
	metadata.max.idle.ms = 300000
	metric.reporters = []
	metrics.num.samples = 2
	metrics.recording.level = INFO
	metrics.sample.window.ms = 30000
	partitioner.class = class org.apache.kafka.clients.producer.internals.DefaultPartitioner
	receive.buffer.bytes = 32768
	reconnect.backoff.max.ms = 1000
	reconnect.backoff.ms = 50
	request.timeout.ms = 30000
	retries = 2147483647
	retry.backoff.ms = 100
	sasl.client.callback.handler.class = null
	sasl.jaas.config = null
	sasl.kerberos.kinit.cmd = /usr/bin/kinit
	sasl.kerberos.min.time.before.relogin = 60000
	sasl.kerberos.service.name = null
	sasl.kerberos.ticket.renew.jitter = 0.05
	sasl.kerberos.ticket.renew.window.factor = 0.8
	sasl.login.callback.handler.class = null
	sasl.login.class = null
	sasl.login.refresh.buffer.seconds = 300
	sasl.login.refresh.min.period.seconds = 60
	sasl.login.refresh.window.factor = 0.8
	sasl.login.refresh.window.jitter = 0.05
	sasl.mechanism = GSSAPI
	security.protocol = PLAINTEXT
	security.providers = null
	send.buffer.bytes = 131072
	ssl.cipher.suites = null
	ssl.enabled.protocols = [TLSv1.2]
	ssl.endpoint.identification.algorithm = https
	ssl.key.password = null
	ssl.keymanager.algorithm = SunX509
	ssl.keystore.location = null
	ssl.keystore.password = null
	ssl.keystore.type = JKS
	ssl.protocol = TLSv1.2
	ssl.provider = null
	ssl.secure.random.implementation = null
	ssl.trustmanager.algorithm = PKIX
	ssl.truststore.location = null
	ssl.truststore.password = null
	ssl.truststore.type = JKS
	transaction.timeout.ms = 60000
	transactional.id = null
	value.serializer = class org.apache.kafka.common.serialization.StringSerializer

2020-12-25 11:00:15,916 INFO [main] o.a.k.c.u.AppInfoParser [AppInfoParser.java:117] Kafka version: 2.5.1
2020-12-25 11:00:15,916 INFO [main] o.a.k.c.u.AppInfoParser [AppInfoParser.java:118] Kafka commitId: 0efa8fb0f4c73d92
2020-12-25 11:00:15,917 INFO [main] o.a.k.c.u.AppInfoParser [AppInfoParser.java:119] Kafka startTimeMs: 1608865215916
2020-12-25 11:00:16,068 INFO [kafka-producer-network-thread | producer-1] o.a.k.c.Metadata [Metadata.java:277] [Producer clientId=producer-1] Cluster ID: srEd9FNxS7Ch_KizXqVeIg
2020-12-25 11:00:16,068 INFO [org.springframework.kafka.KafkaListenerEndpointContainer#0-0-C-1] o.a.k.c.Metadata [Metadata.java:277] [Consumer clientId=consumer-community-consumer-group-1, groupId=community-consumer-group] Cluster ID: srEd9FNxS7Ch_KizXqVeIg
2020-12-25 11:00:16,070 INFO [org.springframework.kafka.KafkaListenerEndpointContainer#0-0-C-1] o.a.k.c.c.i.AbstractCoordinator [AbstractCoordinator.java:797] [Consumer clientId=consumer-community-consumer-group-1, groupId=community-consumer-group] Discovered group coordinator windows10.microdone.cn:9092 (id: 2147483647 rack: null)
2020-12-25 11:00:16,075 INFO [org.springframework.kafka.KafkaListenerEndpointContainer#0-0-C-1] o.a.k.c.c.i.AbstractCoordinator [AbstractCoordinator.java:552] [Consumer clientId=consumer-community-consumer-group-1, groupId=community-consumer-group] (Re-)joining group
2020-12-25 11:00:16,323 INFO [org.springframework.kafka.KafkaListenerEndpointContainer#0-0-C-1] o.a.k.c.c.i.AbstractCoordinator [AbstractCoordinator.java:455] [Consumer clientId=consumer-community-consumer-group-1, groupId=community-consumer-group] Join group failed with org.apache.kafka.common.errors.MemberIdRequiredException: The group member needs to have a valid member id before actually entering a consumer group
2020-12-25 11:00:16,324 INFO [org.springframework.kafka.KafkaListenerEndpointContainer#0-0-C-1] o.a.k.c.c.i.AbstractCoordinator [AbstractCoordinator.java:552] [Consumer clientId=consumer-community-consumer-group-1, groupId=community-consumer-group] (Re-)joining group
2020-12-25 11:00:16,353 INFO [org.springframework.kafka.KafkaListenerEndpointContainer#0-0-C-1] o.a.k.c.c.i.ConsumerCoordinator [ConsumerCoordinator.java:611] [Consumer clientId=consumer-community-consumer-group-1, groupId=community-consumer-group] Finished assignment for group at generation 5: {consumer-community-consumer-group-1-eb3fe543-ac52-4619-9cfe-2eb9970b9e71=Assignment(partitions=[test-0])}
2020-12-25 11:00:16,378 INFO [org.springframework.kafka.KafkaListenerEndpointContainer#0-0-C-1] o.a.k.c.c.i.AbstractCoordinator [AbstractCoordinator.java:503] [Consumer clientId=consumer-community-consumer-group-1, groupId=community-consumer-group] Successfully joined group with generation 5
2020-12-25 11:00:16,383 INFO [org.springframework.kafka.KafkaListenerEndpointContainer#0-0-C-1] o.a.k.c.c.i.ConsumerCoordinator [ConsumerCoordinator.java:273] [Consumer clientId=consumer-community-consumer-group-1, groupId=community-consumer-group] Adding newly assigned partitions: test-0
2020-12-25 11:00:16,396 INFO [org.springframework.kafka.KafkaListenerEndpointContainer#0-0-C-1] o.a.k.c.c.i.ConsumerCoordinator [ConsumerCoordinator.java:799] [Consumer clientId=consumer-community-consumer-group-1, groupId=community-consumer-group] Setting offset for partition test-0 to the committed offset FetchPosition{offset=8, offsetEpoch=Optional[0], currentLeader=LeaderAndEpoch{leader=Optional[windows10.microdone.cn:9092 (id: 0 rack: null)], epoch=0}}
2020-12-25 11:00:16,409 INFO [org.springframework.kafka.KafkaListenerEndpointContainer#0-0-C-1] o.s.k.l.KafkaMessageListenerContainer [LogAccessor.java:292] community-consumer-group: partitions assigned: [test-0]
2020-12-25 11:00:26,157 INFO [org.springframework.kafka.KafkaListenerEndpointContainer#0-0-C-1] o.a.k.c.c.i.ConsumerCoordinator [ConsumerCoordinator.java:292] [Consumer clientId=consumer-community-consumer-group-1, groupId=community-consumer-group] Revoke previously assigned partitions test-0
2020-12-25 11:00:26,158 INFO [org.springframework.kafka.KafkaListenerEndpointContainer#0-0-C-1] o.s.k.l.KafkaMessageListenerContainer [LogAccessor.java:292] community-consumer-group: partitions revoked: [test-0]
2020-12-25 11:00:26,160 INFO [org.springframework.kafka.KafkaListenerEndpointContainer#0-0-C-1] o.a.k.c.c.i.AbstractCoordinator [AbstractCoordinator.java:979] [Consumer clientId=consumer-community-consumer-group-1, groupId=community-consumer-group] Member consumer-community-consumer-group-1-eb3fe543-ac52-4619-9cfe-2eb9970b9e71 sending LeaveGroup request to coordinator windows10.microdone.cn:9092 (id: 2147483647 rack: null) due to the consumer unsubscribed from all topics
2020-12-25 11:00:26,161 INFO [org.springframework.kafka.KafkaListenerEndpointContainer#0-0-C-1] o.a.k.c.c.KafkaConsumer [KafkaConsumer.java:1082] [Consumer clientId=consumer-community-consumer-group-1, groupId=community-consumer-group] Unsubscribed all topics or patterns and assigned partitions
2020-12-25 11:00:26,161 INFO [org.springframework.kafka.KafkaListenerEndpointContainer#0-0-C-1] o.s.s.c.ThreadPoolTaskScheduler [ExecutorConfigurationSupport.java:218] Shutting down ExecutorService
2020-12-25 11:00:26,183 INFO [org.springframework.kafka.KafkaListenerEndpointContainer#0-0-C-1] o.s.k.l.KafkaMessageListenerContainer$ListenerConsumer [LogAccessor.java:292] community-consumer-group: Consumer stopped
2020-12-25 11:00:26,186 INFO [SpringContextShutdownHook] o.s.s.c.ThreadPoolTaskExecutor [ExecutorConfigurationSupport.java:218] Shutting down ExecutorService 'applicationTaskExecutor'
2020-12-25 11:00:26,208 INFO [SpringContextShutdownHook] o.a.k.c.p.KafkaProducer [KafkaProducer.java:1182] [Producer clientId=producer-1] Closing the Kafka producer with timeoutMillis = 30000 ms.
