2020-12-23 16:14:13,931 INFO [restartedMain] c.n.c.CommunityApplication [StartupInfoLogger.java:55] Starting CommunityApplication on Jiaxi with PID 7580 (F:\project\community\target\classes started by gaoji_000 in F:\project\community)
2020-12-23 16:14:13,937 INFO [restartedMain] c.n.c.CommunityApplication [SpringApplication.java:651] No active profile set, falling back to default profiles: default
2020-12-23 16:14:13,993 INFO [restartedMain] o.s.b.d.e.DevToolsPropertyDefaultsPostProcessor [DeferredLog.java:225] Devtools property defaults active! Set 'spring.devtools.add-properties' to 'false' to disable
2020-12-23 16:14:13,995 INFO [restartedMain] o.s.b.d.e.DevToolsPropertyDefaultsPostProcessor [DeferredLog.java:225] For additional web related logging consider setting the 'logging.level.web' property to 'DEBUG'
2020-12-23 16:14:15,570 INFO [restartedMain] o.s.d.r.c.RepositoryConfigurationDelegate [RepositoryConfigurationDelegate.java:249] Multiple Spring Data modules found, entering strict repository configuration mode!
2020-12-23 16:14:15,574 INFO [restartedMain] o.s.d.r.c.RepositoryConfigurationDelegate [RepositoryConfigurationDelegate.java:127] Bootstrapping Spring Data Redis repositories in DEFAULT mode.
2020-12-23 16:14:15,656 INFO [restartedMain] o.s.d.r.c.RepositoryConfigurationDelegate [RepositoryConfigurationDelegate.java:187] Finished Spring Data repository scanning in 16ms. Found 0 Redis repository interfaces.
2020-12-23 16:14:17,390 INFO [restartedMain] o.s.b.w.e.t.TomcatWebServer [TomcatWebServer.java:108] Tomcat initialized with port(s): 8080 (http)
2020-12-23 16:14:17,402 INFO [restartedMain] o.a.c.h.Http11NioProtocol [DirectJDKLog.java:173] Initializing ProtocolHandler ["http-nio-8080"]
2020-12-23 16:14:17,403 INFO [restartedMain] o.a.c.c.StandardService [DirectJDKLog.java:173] Starting service [Tomcat]
2020-12-23 16:14:17,403 INFO [restartedMain] o.a.c.c.StandardEngine [DirectJDKLog.java:173] Starting Servlet engine: [Apache Tomcat/9.0.38]
2020-12-23 16:14:17,565 INFO [restartedMain] o.a.c.c.C.[.[.[/community] [DirectJDKLog.java:173] Initializing Spring embedded WebApplicationContext
2020-12-23 16:14:17,566 INFO [restartedMain] o.s.b.w.s.c.ServletWebServerApplicationContext [ServletWebServerApplicationContext.java:285] Root WebApplicationContext: initialization completed in 3570 ms
2020-12-23 16:14:20,369 INFO [restartedMain] o.s.s.c.ThreadPoolTaskExecutor [ExecutorConfigurationSupport.java:181] Initializing ExecutorService 'applicationTaskExecutor'
2020-12-23 16:14:20,502 INFO [restartedMain] o.s.b.a.w.s.WelcomePageHandlerMapping [WelcomePageHandlerMapping.java:58] Adding welcome page template: index
2020-12-23 16:14:21,180 INFO [restartedMain] o.s.b.d.a.OptionalLiveReloadServer [OptionalLiveReloadServer.java:58] LiveReload server is running on port 35729
2020-12-23 16:14:21,204 INFO [restartedMain] o.a.c.h.Http11NioProtocol [DirectJDKLog.java:173] Starting ProtocolHandler ["http-nio-8080"]
2020-12-23 16:14:21,268 INFO [restartedMain] o.s.b.w.e.t.TomcatWebServer [TomcatWebServer.java:220] Tomcat started on port(s): 8080 (http) with context path '/community'
2020-12-23 16:14:21,279 INFO [restartedMain] c.n.c.CommunityApplication [StartupInfoLogger.java:61] Started CommunityApplication in 8.354 seconds (JVM running for 9.835)
2020-12-23 16:14:25,766 INFO [http-nio-8080-exec-1] o.a.c.c.C.[.[.[/community] [DirectJDKLog.java:173] Initializing Spring DispatcherServlet 'dispatcherServlet'
2020-12-23 16:14:25,766 INFO [http-nio-8080-exec-1] o.s.w.s.DispatcherServlet [FrameworkServlet.java:525] Initializing Servlet 'dispatcherServlet'
2020-12-23 16:14:25,776 INFO [http-nio-8080-exec-1] o.s.w.s.DispatcherServlet [FrameworkServlet.java:547] Completed initialization in 9 ms
2020-12-23 16:14:25,857 INFO [http-nio-8080-exec-1] c.n.c.a.ServiceLogAspect [ServiceLogAspect.java:37] 用户[0:0:0:0:0:0:0:1],在[2020-12-23 16:14:25],访问了[com.nowcoder.community.service.DiscussPostService.findDiscussPostRows]
2020-12-23 16:14:25,963 INFO [http-nio-8080-exec-1] c.z.h.HikariDataSource [HikariDataSource.java:110] HikariPool-1 - Starting...
2020-12-23 16:14:26,498 INFO [http-nio-8080-exec-1] c.z.h.HikariDataSource [HikariDataSource.java:123] HikariPool-1 - Start completed.
2020-12-23 16:14:26,692 INFO [http-nio-8080-exec-1] c.n.c.a.ServiceLogAspect [ServiceLogAspect.java:37] 用户[0:0:0:0:0:0:0:1],在[2020-12-23 16:14:26],访问了[com.nowcoder.community.service.DiscussPostService.findDiscussPosts]
2020-12-23 16:14:26,704 INFO [http-nio-8080-exec-1] c.n.c.a.ServiceLogAspect [ServiceLogAspect.java:37] 用户[0:0:0:0:0:0:0:1],在[2020-12-23 16:14:26],访问了[com.nowcoder.community.service.UserService.findUserById]
2020-12-23 16:14:26,713 INFO [http-nio-8080-exec-1] c.n.c.a.ServiceLogAspect [ServiceLogAspect.java:37] 用户[0:0:0:0:0:0:0:1],在[2020-12-23 16:14:26],访问了[com.nowcoder.community.service.LikeService.findEntityLikeCount]
2020-12-23 16:14:27,685 INFO [http-nio-8080-exec-1] c.n.c.a.ServiceLogAspect [ServiceLogAspect.java:37] 用户[0:0:0:0:0:0:0:1],在[2020-12-23 16:14:27],访问了[com.nowcoder.community.service.UserService.findUserById]
2020-12-23 16:14:27,689 INFO [http-nio-8080-exec-1] c.n.c.a.ServiceLogAspect [ServiceLogAspect.java:37] 用户[0:0:0:0:0:0:0:1],在[2020-12-23 16:14:27],访问了[com.nowcoder.community.service.LikeService.findEntityLikeCount]
2020-12-23 16:14:27,691 INFO [http-nio-8080-exec-1] c.n.c.a.ServiceLogAspect [ServiceLogAspect.java:37] 用户[0:0:0:0:0:0:0:1],在[2020-12-23 16:14:27],访问了[com.nowcoder.community.service.UserService.findUserById]
2020-12-23 16:14:27,695 INFO [http-nio-8080-exec-1] c.n.c.a.ServiceLogAspect [ServiceLogAspect.java:37] 用户[0:0:0:0:0:0:0:1],在[2020-12-23 16:14:27],访问了[com.nowcoder.community.service.LikeService.findEntityLikeCount]
2020-12-23 16:14:27,697 INFO [http-nio-8080-exec-1] c.n.c.a.ServiceLogAspect [ServiceLogAspect.java:37] 用户[0:0:0:0:0:0:0:1],在[2020-12-23 16:14:27],访问了[com.nowcoder.community.service.UserService.findUserById]
2020-12-23 16:14:27,700 INFO [http-nio-8080-exec-1] c.n.c.a.ServiceLogAspect [ServiceLogAspect.java:37] 用户[0:0:0:0:0:0:0:1],在[2020-12-23 16:14:27],访问了[com.nowcoder.community.service.LikeService.findEntityLikeCount]
2020-12-23 16:14:27,702 INFO [http-nio-8080-exec-1] c.n.c.a.ServiceLogAspect [ServiceLogAspect.java:37] 用户[0:0:0:0:0:0:0:1],在[2020-12-23 16:14:27],访问了[com.nowcoder.community.service.UserService.findUserById]
2020-12-23 16:14:27,707 INFO [http-nio-8080-exec-1] c.n.c.a.ServiceLogAspect [ServiceLogAspect.java:37] 用户[0:0:0:0:0:0:0:1],在[2020-12-23 16:14:27],访问了[com.nowcoder.community.service.LikeService.findEntityLikeCount]
2020-12-23 16:14:27,709 INFO [http-nio-8080-exec-1] c.n.c.a.ServiceLogAspect [ServiceLogAspect.java:37] 用户[0:0:0:0:0:0:0:1],在[2020-12-23 16:14:27],访问了[com.nowcoder.community.service.UserService.findUserById]
2020-12-23 16:14:27,713 INFO [http-nio-8080-exec-1] c.n.c.a.ServiceLogAspect [ServiceLogAspect.java:37] 用户[0:0:0:0:0:0:0:1],在[2020-12-23 16:14:27],访问了[com.nowcoder.community.service.LikeService.findEntityLikeCount]
2020-12-23 16:14:27,715 INFO [http-nio-8080-exec-1] c.n.c.a.ServiceLogAspect [ServiceLogAspect.java:37] 用户[0:0:0:0:0:0:0:1],在[2020-12-23 16:14:27],访问了[com.nowcoder.community.service.UserService.findUserById]
2020-12-23 16:14:27,719 INFO [http-nio-8080-exec-1] c.n.c.a.ServiceLogAspect [ServiceLogAspect.java:37] 用户[0:0:0:0:0:0:0:1],在[2020-12-23 16:14:27],访问了[com.nowcoder.community.service.LikeService.findEntityLikeCount]
2020-12-23 16:14:27,721 INFO [http-nio-8080-exec-1] c.n.c.a.ServiceLogAspect [ServiceLogAspect.java:37] 用户[0:0:0:0:0:0:0:1],在[2020-12-23 16:14:27],访问了[com.nowcoder.community.service.UserService.findUserById]
2020-12-23 16:14:27,724 INFO [http-nio-8080-exec-1] c.n.c.a.ServiceLogAspect [ServiceLogAspect.java:37] 用户[0:0:0:0:0:0:0:1],在[2020-12-23 16:14:27],访问了[com.nowcoder.community.service.LikeService.findEntityLikeCount]
2020-12-23 16:14:27,725 INFO [http-nio-8080-exec-1] c.n.c.a.ServiceLogAspect [ServiceLogAspect.java:37] 用户[0:0:0:0:0:0:0:1],在[2020-12-23 16:14:27],访问了[com.nowcoder.community.service.UserService.findUserById]
2020-12-23 16:14:27,729 INFO [http-nio-8080-exec-1] c.n.c.a.ServiceLogAspect [ServiceLogAspect.java:37] 用户[0:0:0:0:0:0:0:1],在[2020-12-23 16:14:27],访问了[com.nowcoder.community.service.LikeService.findEntityLikeCount]
2020-12-23 16:14:27,730 INFO [http-nio-8080-exec-1] c.n.c.a.ServiceLogAspect [ServiceLogAspect.java:37] 用户[0:0:0:0:0:0:0:1],在[2020-12-23 16:14:27],访问了[com.nowcoder.community.service.UserService.findUserById]
2020-12-23 16:14:27,734 INFO [http-nio-8080-exec-1] c.n.c.a.ServiceLogAspect [ServiceLogAspect.java:37] 用户[0:0:0:0:0:0:0:1],在[2020-12-23 16:14:27],访问了[com.nowcoder.community.service.LikeService.findEntityLikeCount]
2020-12-23 16:14:49,624 INFO [http-nio-8080-exec-5] c.n.c.a.ServiceLogAspect [ServiceLogAspect.java:37] 用户[0:0:0:0:0:0:0:1],在[2020-12-23 16:14:49],访问了[com.nowcoder.community.service.UserService.login]
2020-12-23 16:14:49,759 INFO [http-nio-8080-exec-6] c.n.c.a.ServiceLogAspect [ServiceLogAspect.java:37] 用户[0:0:0:0:0:0:0:1],在[2020-12-23 16:14:49],访问了[com.nowcoder.community.service.UserService.findLoginTicket]
2020-12-23 16:14:49,819 INFO [http-nio-8080-exec-6] c.n.c.a.ServiceLogAspect [ServiceLogAspect.java:37] 用户[0:0:0:0:0:0:0:1],在[2020-12-23 16:14:49],访问了[com.nowcoder.community.service.UserService.findUserById]
2020-12-23 16:14:49,824 INFO [http-nio-8080-exec-6] c.n.c.a.ServiceLogAspect [ServiceLogAspect.java:37] 用户[0:0:0:0:0:0:0:1],在[2020-12-23 16:14:49],访问了[com.nowcoder.community.service.DiscussPostService.findDiscussPostRows]
2020-12-23 16:14:49,828 INFO [http-nio-8080-exec-6] c.n.c.a.ServiceLogAspect [ServiceLogAspect.java:37] 用户[0:0:0:0:0:0:0:1],在[2020-12-23 16:14:49],访问了[com.nowcoder.community.service.DiscussPostService.findDiscussPosts]
2020-12-23 16:14:49,836 INFO [http-nio-8080-exec-6] c.n.c.a.ServiceLogAspect [ServiceLogAspect.java:37] 用户[0:0:0:0:0:0:0:1],在[2020-12-23 16:14:49],访问了[com.nowcoder.community.service.UserService.findUserById]
2020-12-23 16:14:49,839 INFO [http-nio-8080-exec-6] c.n.c.a.ServiceLogAspect [ServiceLogAspect.java:37] 用户[0:0:0:0:0:0:0:1],在[2020-12-23 16:14:49],访问了[com.nowcoder.community.service.LikeService.findEntityLikeCount]
2020-12-23 16:14:49,841 INFO [http-nio-8080-exec-6] c.n.c.a.ServiceLogAspect [ServiceLogAspect.java:37] 用户[0:0:0:0:0:0:0:1],在[2020-12-23 16:14:49],访问了[com.nowcoder.community.service.UserService.findUserById]
2020-12-23 16:14:49,845 INFO [http-nio-8080-exec-6] c.n.c.a.ServiceLogAspect [ServiceLogAspect.java:37] 用户[0:0:0:0:0:0:0:1],在[2020-12-23 16:14:49],访问了[com.nowcoder.community.service.LikeService.findEntityLikeCount]
2020-12-23 16:14:49,846 INFO [http-nio-8080-exec-6] c.n.c.a.ServiceLogAspect [ServiceLogAspect.java:37] 用户[0:0:0:0:0:0:0:1],在[2020-12-23 16:14:49],访问了[com.nowcoder.community.service.UserService.findUserById]
2020-12-23 16:14:49,851 INFO [http-nio-8080-exec-6] c.n.c.a.ServiceLogAspect [ServiceLogAspect.java:37] 用户[0:0:0:0:0:0:0:1],在[2020-12-23 16:14:49],访问了[com.nowcoder.community.service.LikeService.findEntityLikeCount]
2020-12-23 16:14:49,852 INFO [http-nio-8080-exec-6] c.n.c.a.ServiceLogAspect [ServiceLogAspect.java:37] 用户[0:0:0:0:0:0:0:1],在[2020-12-23 16:14:49],访问了[com.nowcoder.community.service.UserService.findUserById]
2020-12-23 16:14:49,857 INFO [http-nio-8080-exec-6] c.n.c.a.ServiceLogAspect [ServiceLogAspect.java:37] 用户[0:0:0:0:0:0:0:1],在[2020-12-23 16:14:49],访问了[com.nowcoder.community.service.LikeService.findEntityLikeCount]
2020-12-23 16:14:49,858 INFO [http-nio-8080-exec-6] c.n.c.a.ServiceLogAspect [ServiceLogAspect.java:37] 用户[0:0:0:0:0:0:0:1],在[2020-12-23 16:14:49],访问了[com.nowcoder.community.service.UserService.findUserById]
2020-12-23 16:14:49,861 INFO [http-nio-8080-exec-6] c.n.c.a.ServiceLogAspect [ServiceLogAspect.java:37] 用户[0:0:0:0:0:0:0:1],在[2020-12-23 16:14:49],访问了[com.nowcoder.community.service.LikeService.findEntityLikeCount]
2020-12-23 16:14:49,863 INFO [http-nio-8080-exec-6] c.n.c.a.ServiceLogAspect [ServiceLogAspect.java:37] 用户[0:0:0:0:0:0:0:1],在[2020-12-23 16:14:49],访问了[com.nowcoder.community.service.UserService.findUserById]
2020-12-23 16:14:49,867 INFO [http-nio-8080-exec-6] c.n.c.a.ServiceLogAspect [ServiceLogAspect.java:37] 用户[0:0:0:0:0:0:0:1],在[2020-12-23 16:14:49],访问了[com.nowcoder.community.service.LikeService.findEntityLikeCount]
2020-12-23 16:14:49,868 INFO [http-nio-8080-exec-6] c.n.c.a.ServiceLogAspect [ServiceLogAspect.java:37] 用户[0:0:0:0:0:0:0:1],在[2020-12-23 16:14:49],访问了[com.nowcoder.community.service.UserService.findUserById]
2020-12-23 16:14:49,872 INFO [http-nio-8080-exec-6] c.n.c.a.ServiceLogAspect [ServiceLogAspect.java:37] 用户[0:0:0:0:0:0:0:1],在[2020-12-23 16:14:49],访问了[com.nowcoder.community.service.LikeService.findEntityLikeCount]
2020-12-23 16:14:49,874 INFO [http-nio-8080-exec-6] c.n.c.a.ServiceLogAspect [ServiceLogAspect.java:37] 用户[0:0:0:0:0:0:0:1],在[2020-12-23 16:14:49],访问了[com.nowcoder.community.service.UserService.findUserById]
2020-12-23 16:14:49,877 INFO [http-nio-8080-exec-6] c.n.c.a.ServiceLogAspect [ServiceLogAspect.java:37] 用户[0:0:0:0:0:0:0:1],在[2020-12-23 16:14:49],访问了[com.nowcoder.community.service.LikeService.findEntityLikeCount]
2020-12-23 16:14:49,879 INFO [http-nio-8080-exec-6] c.n.c.a.ServiceLogAspect [ServiceLogAspect.java:37] 用户[0:0:0:0:0:0:0:1],在[2020-12-23 16:14:49],访问了[com.nowcoder.community.service.UserService.findUserById]
2020-12-23 16:14:49,883 INFO [http-nio-8080-exec-6] c.n.c.a.ServiceLogAspect [ServiceLogAspect.java:37] 用户[0:0:0:0:0:0:0:1],在[2020-12-23 16:14:49],访问了[com.nowcoder.community.service.LikeService.findEntityLikeCount]
2020-12-23 16:14:49,885 INFO [http-nio-8080-exec-6] c.n.c.a.ServiceLogAspect [ServiceLogAspect.java:37] 用户[0:0:0:0:0:0:0:1],在[2020-12-23 16:14:49],访问了[com.nowcoder.community.service.UserService.findUserById]
2020-12-23 16:14:49,888 INFO [http-nio-8080-exec-6] c.n.c.a.ServiceLogAspect [ServiceLogAspect.java:37] 用户[0:0:0:0:0:0:0:1],在[2020-12-23 16:14:49],访问了[com.nowcoder.community.service.LikeService.findEntityLikeCount]
2020-12-23 16:14:51,886 INFO [http-nio-8080-exec-10] c.n.c.a.ServiceLogAspect [ServiceLogAspect.java:37] 用户[0:0:0:0:0:0:0:1],在[2020-12-23 16:14:51],访问了[com.nowcoder.community.service.UserService.findLoginTicket]
2020-12-23 16:14:51,890 INFO [http-nio-8080-exec-10] c.n.c.a.ServiceLogAspect [ServiceLogAspect.java:37] 用户[0:0:0:0:0:0:0:1],在[2020-12-23 16:14:51],访问了[com.nowcoder.community.service.UserService.findUserById]
2020-12-23 16:14:52,019 INFO [http-nio-8080-exec-10] c.n.c.a.ServiceLogAspect [ServiceLogAspect.java:37] 用户[0:0:0:0:0:0:0:1],在[2020-12-23 16:14:52],访问了[com.nowcoder.community.service.DiscussPostService.findDiscussPostById]
2020-12-23 16:14:52,023 INFO [http-nio-8080-exec-10] c.n.c.a.ServiceLogAspect [ServiceLogAspect.java:37] 用户[0:0:0:0:0:0:0:1],在[2020-12-23 16:14:52],访问了[com.nowcoder.community.service.UserService.findUserById]
2020-12-23 16:14:52,026 INFO [http-nio-8080-exec-10] c.n.c.a.ServiceLogAspect [ServiceLogAspect.java:37] 用户[0:0:0:0:0:0:0:1],在[2020-12-23 16:14:52],访问了[com.nowcoder.community.service.LikeService.findEntityLikeCount]
2020-12-23 16:14:52,027 INFO [http-nio-8080-exec-10] c.n.c.a.ServiceLogAspect [ServiceLogAspect.java:37] 用户[0:0:0:0:0:0:0:1],在[2020-12-23 16:14:52],访问了[com.nowcoder.community.service.LikeService.findEntityLikeStatus]
2020-12-23 16:14:52,069 INFO [http-nio-8080-exec-10] c.n.c.a.ServiceLogAspect [ServiceLogAspect.java:37] 用户[0:0:0:0:0:0:0:1],在[2020-12-23 16:14:52],访问了[com.nowcoder.community.service.CommentService.findCommentsByEntity]
2020-12-23 16:14:52,076 INFO [http-nio-8080-exec-10] c.n.c.a.ServiceLogAspect [ServiceLogAspect.java:37] 用户[0:0:0:0:0:0:0:1],在[2020-12-23 16:14:52],访问了[com.nowcoder.community.service.UserService.findUserById]
2020-12-23 16:14:52,078 INFO [http-nio-8080-exec-10] c.n.c.a.ServiceLogAspect [ServiceLogAspect.java:37] 用户[0:0:0:0:0:0:0:1],在[2020-12-23 16:14:52],访问了[com.nowcoder.community.service.LikeService.findEntityLikeCount]
2020-12-23 16:14:52,080 INFO [http-nio-8080-exec-10] c.n.c.a.ServiceLogAspect [ServiceLogAspect.java:37] 用户[0:0:0:0:0:0:0:1],在[2020-12-23 16:14:52],访问了[com.nowcoder.community.service.LikeService.findEntityLikeStatus]
2020-12-23 16:14:52,082 INFO [http-nio-8080-exec-10] c.n.c.a.ServiceLogAspect [ServiceLogAspect.java:37] 用户[0:0:0:0:0:0:0:1],在[2020-12-23 16:14:52],访问了[com.nowcoder.community.service.CommentService.findCommentsByEntity]
2020-12-23 16:14:52,086 INFO [http-nio-8080-exec-10] c.n.c.a.ServiceLogAspect [ServiceLogAspect.java:37] 用户[0:0:0:0:0:0:0:1],在[2020-12-23 16:14:52],访问了[com.nowcoder.community.service.UserService.findUserById]
2020-12-23 16:14:52,090 INFO [http-nio-8080-exec-10] c.n.c.a.ServiceLogAspect [ServiceLogAspect.java:37] 用户[0:0:0:0:0:0:0:1],在[2020-12-23 16:14:52],访问了[com.nowcoder.community.service.LikeService.findEntityLikeCount]
2020-12-23 16:14:52,092 INFO [http-nio-8080-exec-10] c.n.c.a.ServiceLogAspect [ServiceLogAspect.java:37] 用户[0:0:0:0:0:0:0:1],在[2020-12-23 16:14:52],访问了[com.nowcoder.community.service.LikeService.findEntityLikeStatus]
2020-12-23 16:14:52,094 INFO [http-nio-8080-exec-10] c.n.c.a.ServiceLogAspect [ServiceLogAspect.java:37] 用户[0:0:0:0:0:0:0:1],在[2020-12-23 16:14:52],访问了[com.nowcoder.community.service.UserService.findUserById]
2020-12-23 16:14:52,097 INFO [http-nio-8080-exec-10] c.n.c.a.ServiceLogAspect [ServiceLogAspect.java:37] 用户[0:0:0:0:0:0:0:1],在[2020-12-23 16:14:52],访问了[com.nowcoder.community.service.LikeService.findEntityLikeCount]
2020-12-23 16:14:52,099 INFO [http-nio-8080-exec-10] c.n.c.a.ServiceLogAspect [ServiceLogAspect.java:37] 用户[0:0:0:0:0:0:0:1],在[2020-12-23 16:14:52],访问了[com.nowcoder.community.service.LikeService.findEntityLikeStatus]
2020-12-23 16:14:52,101 INFO [http-nio-8080-exec-10] c.n.c.a.ServiceLogAspect [ServiceLogAspect.java:37] 用户[0:0:0:0:0:0:0:1],在[2020-12-23 16:14:52],访问了[com.nowcoder.community.service.UserService.findUserById]
2020-12-23 16:14:52,105 INFO [http-nio-8080-exec-10] c.n.c.a.ServiceLogAspect [ServiceLogAspect.java:37] 用户[0:0:0:0:0:0:0:1],在[2020-12-23 16:14:52],访问了[com.nowcoder.community.service.UserService.findUserById]
2020-12-23 16:14:52,108 INFO [http-nio-8080-exec-10] c.n.c.a.ServiceLogAspect [ServiceLogAspect.java:37] 用户[0:0:0:0:0:0:0:1],在[2020-12-23 16:14:52],访问了[com.nowcoder.community.service.LikeService.findEntityLikeCount]
2020-12-23 16:14:52,110 INFO [http-nio-8080-exec-10] c.n.c.a.ServiceLogAspect [ServiceLogAspect.java:37] 用户[0:0:0:0:0:0:0:1],在[2020-12-23 16:14:52],访问了[com.nowcoder.community.service.LikeService.findEntityLikeStatus]
2020-12-23 16:14:52,112 INFO [http-nio-8080-exec-10] c.n.c.a.ServiceLogAspect [ServiceLogAspect.java:37] 用户[0:0:0:0:0:0:0:1],在[2020-12-23 16:14:52],访问了[com.nowcoder.community.service.UserService.findUserById]
2020-12-23 16:14:52,116 INFO [http-nio-8080-exec-10] c.n.c.a.ServiceLogAspect [ServiceLogAspect.java:37] 用户[0:0:0:0:0:0:0:1],在[2020-12-23 16:14:52],访问了[com.nowcoder.community.service.LikeService.findEntityLikeCount]
2020-12-23 16:14:52,117 INFO [http-nio-8080-exec-10] c.n.c.a.ServiceLogAspect [ServiceLogAspect.java:37] 用户[0:0:0:0:0:0:0:1],在[2020-12-23 16:14:52],访问了[com.nowcoder.community.service.LikeService.findEntityLikeStatus]
2020-12-23 16:14:52,119 INFO [http-nio-8080-exec-10] c.n.c.a.ServiceLogAspect [ServiceLogAspect.java:37] 用户[0:0:0:0:0:0:0:1],在[2020-12-23 16:14:52],访问了[com.nowcoder.community.service.UserService.findUserById]
2020-12-23 16:14:52,122 INFO [http-nio-8080-exec-10] c.n.c.a.ServiceLogAspect [ServiceLogAspect.java:37] 用户[0:0:0:0:0:0:0:1],在[2020-12-23 16:14:52],访问了[com.nowcoder.community.service.UserService.findUserById]
2020-12-23 16:14:52,125 INFO [http-nio-8080-exec-10] c.n.c.a.ServiceLogAspect [ServiceLogAspect.java:37] 用户[0:0:0:0:0:0:0:1],在[2020-12-23 16:14:52],访问了[com.nowcoder.community.service.LikeService.findEntityLikeCount]
2020-12-23 16:14:52,126 INFO [http-nio-8080-exec-10] c.n.c.a.ServiceLogAspect [ServiceLogAspect.java:37] 用户[0:0:0:0:0:0:0:1],在[2020-12-23 16:14:52],访问了[com.nowcoder.community.service.LikeService.findEntityLikeStatus]
2020-12-23 16:14:52,127 INFO [http-nio-8080-exec-10] c.n.c.a.ServiceLogAspect [ServiceLogAspect.java:37] 用户[0:0:0:0:0:0:0:1],在[2020-12-23 16:14:52],访问了[com.nowcoder.community.service.CommentService.findCommentCount]
2020-12-23 16:14:52,131 INFO [http-nio-8080-exec-10] c.n.c.a.ServiceLogAspect [ServiceLogAspect.java:37] 用户[0:0:0:0:0:0:0:1],在[2020-12-23 16:14:52],访问了[com.nowcoder.community.service.UserService.findUserById]
2020-12-23 16:14:52,133 INFO [http-nio-8080-exec-10] c.n.c.a.ServiceLogAspect [ServiceLogAspect.java:37] 用户[0:0:0:0:0:0:0:1],在[2020-12-23 16:14:52],访问了[com.nowcoder.community.service.LikeService.findEntityLikeCount]
2020-12-23 16:14:52,135 INFO [http-nio-8080-exec-10] c.n.c.a.ServiceLogAspect [ServiceLogAspect.java:37] 用户[0:0:0:0:0:0:0:1],在[2020-12-23 16:14:52],访问了[com.nowcoder.community.service.LikeService.findEntityLikeStatus]
2020-12-23 16:14:52,137 INFO [http-nio-8080-exec-10] c.n.c.a.ServiceLogAspect [ServiceLogAspect.java:37] 用户[0:0:0:0:0:0:0:1],在[2020-12-23 16:14:52],访问了[com.nowcoder.community.service.CommentService.findCommentsByEntity]
2020-12-23 16:14:52,140 INFO [http-nio-8080-exec-10] c.n.c.a.ServiceLogAspect [ServiceLogAspect.java:37] 用户[0:0:0:0:0:0:0:1],在[2020-12-23 16:14:52],访问了[com.nowcoder.community.service.UserService.findUserById]
2020-12-23 16:14:52,143 INFO [http-nio-8080-exec-10] c.n.c.a.ServiceLogAspect [ServiceLogAspect.java:37] 用户[0:0:0:0:0:0:0:1],在[2020-12-23 16:14:52],访问了[com.nowcoder.community.service.LikeService.findEntityLikeCount]
2020-12-23 16:14:52,144 INFO [http-nio-8080-exec-10] c.n.c.a.ServiceLogAspect [ServiceLogAspect.java:37] 用户[0:0:0:0:0:0:0:1],在[2020-12-23 16:14:52],访问了[com.nowcoder.community.service.LikeService.findEntityLikeStatus]
2020-12-23 16:14:52,146 INFO [http-nio-8080-exec-10] c.n.c.a.ServiceLogAspect [ServiceLogAspect.java:37] 用户[0:0:0:0:0:0:0:1],在[2020-12-23 16:14:52],访问了[com.nowcoder.community.service.CommentService.findCommentCount]
2020-12-23 16:14:52,148 INFO [http-nio-8080-exec-10] c.n.c.a.ServiceLogAspect [ServiceLogAspect.java:37] 用户[0:0:0:0:0:0:0:1],在[2020-12-23 16:14:52],访问了[com.nowcoder.community.service.UserService.findUserById]
2020-12-23 16:14:52,153 INFO [http-nio-8080-exec-10] c.n.c.a.ServiceLogAspect [ServiceLogAspect.java:37] 用户[0:0:0:0:0:0:0:1],在[2020-12-23 16:14:52],访问了[com.nowcoder.community.service.LikeService.findEntityLikeCount]
2020-12-23 16:14:52,155 INFO [http-nio-8080-exec-10] c.n.c.a.ServiceLogAspect [ServiceLogAspect.java:37] 用户[0:0:0:0:0:0:0:1],在[2020-12-23 16:14:52],访问了[com.nowcoder.community.service.LikeService.findEntityLikeStatus]
2020-12-23 16:14:52,156 INFO [http-nio-8080-exec-10] c.n.c.a.ServiceLogAspect [ServiceLogAspect.java:37] 用户[0:0:0:0:0:0:0:1],在[2020-12-23 16:14:52],访问了[com.nowcoder.community.service.CommentService.findCommentsByEntity]
2020-12-23 16:14:52,160 INFO [http-nio-8080-exec-10] c.n.c.a.ServiceLogAspect [ServiceLogAspect.java:37] 用户[0:0:0:0:0:0:0:1],在[2020-12-23 16:14:52],访问了[com.nowcoder.community.service.CommentService.findCommentCount]
2020-12-23 16:14:52,162 INFO [http-nio-8080-exec-10] c.n.c.a.ServiceLogAspect [ServiceLogAspect.java:37] 用户[0:0:0:0:0:0:0:1],在[2020-12-23 16:14:52],访问了[com.nowcoder.community.service.UserService.findUserById]
2020-12-23 16:14:52,164 INFO [http-nio-8080-exec-10] c.n.c.a.ServiceLogAspect [ServiceLogAspect.java:37] 用户[0:0:0:0:0:0:0:1],在[2020-12-23 16:14:52],访问了[com.nowcoder.community.service.LikeService.findEntityLikeCount]
2020-12-23 16:14:52,166 INFO [http-nio-8080-exec-10] c.n.c.a.ServiceLogAspect [ServiceLogAspect.java:37] 用户[0:0:0:0:0:0:0:1],在[2020-12-23 16:14:52],访问了[com.nowcoder.community.service.LikeService.findEntityLikeStatus]
2020-12-23 16:14:52,167 INFO [http-nio-8080-exec-10] c.n.c.a.ServiceLogAspect [ServiceLogAspect.java:37] 用户[0:0:0:0:0:0:0:1],在[2020-12-23 16:14:52],访问了[com.nowcoder.community.service.CommentService.findCommentsByEntity]
2020-12-23 16:14:52,171 INFO [http-nio-8080-exec-10] c.n.c.a.ServiceLogAspect [ServiceLogAspect.java:37] 用户[0:0:0:0:0:0:0:1],在[2020-12-23 16:14:52],访问了[com.nowcoder.community.service.UserService.findUserById]
2020-12-23 16:14:52,173 INFO [http-nio-8080-exec-10] c.n.c.a.ServiceLogAspect [ServiceLogAspect.java:37] 用户[0:0:0:0:0:0:0:1],在[2020-12-23 16:14:52],访问了[com.nowcoder.community.service.LikeService.findEntityLikeCount]
2020-12-23 16:14:52,174 INFO [http-nio-8080-exec-10] c.n.c.a.ServiceLogAspect [ServiceLogAspect.java:37] 用户[0:0:0:0:0:0:0:1],在[2020-12-23 16:14:52],访问了[com.nowcoder.community.service.LikeService.findEntityLikeStatus]
2020-12-23 16:14:52,175 INFO [http-nio-8080-exec-10] c.n.c.a.ServiceLogAspect [ServiceLogAspect.java:37] 用户[0:0:0:0:0:0:0:1],在[2020-12-23 16:14:52],访问了[com.nowcoder.community.service.CommentService.findCommentCount]
2020-12-23 16:14:52,178 INFO [http-nio-8080-exec-10] c.n.c.a.ServiceLogAspect [ServiceLogAspect.java:37] 用户[0:0:0:0:0:0:0:1],在[2020-12-23 16:14:52],访问了[com.nowcoder.community.service.UserService.findUserById]
2020-12-23 16:14:52,182 INFO [http-nio-8080-exec-10] c.n.c.a.ServiceLogAspect [ServiceLogAspect.java:37] 用户[0:0:0:0:0:0:0:1],在[2020-12-23 16:14:52],访问了[com.nowcoder.community.service.LikeService.findEntityLikeCount]
2020-12-23 16:14:52,183 INFO [http-nio-8080-exec-10] c.n.c.a.ServiceLogAspect [ServiceLogAspect.java:37] 用户[0:0:0:0:0:0:0:1],在[2020-12-23 16:14:52],访问了[com.nowcoder.community.service.LikeService.findEntityLikeStatus]
2020-12-23 16:14:52,184 INFO [http-nio-8080-exec-10] c.n.c.a.ServiceLogAspect [ServiceLogAspect.java:37] 用户[0:0:0:0:0:0:0:1],在[2020-12-23 16:14:52],访问了[com.nowcoder.community.service.CommentService.findCommentsByEntity]
2020-12-23 16:14:52,187 INFO [http-nio-8080-exec-10] c.n.c.a.ServiceLogAspect [ServiceLogAspect.java:37] 用户[0:0:0:0:0:0:0:1],在[2020-12-23 16:14:52],访问了[com.nowcoder.community.service.CommentService.findCommentCount]
2020-12-23 16:14:54,037 INFO [http-nio-8080-exec-7] c.n.c.a.ServiceLogAspect [ServiceLogAspect.java:37] 用户[0:0:0:0:0:0:0:1],在[2020-12-23 16:14:54],访问了[com.nowcoder.community.service.UserService.findLoginTicket]
2020-12-23 16:14:54,040 INFO [http-nio-8080-exec-7] c.n.c.a.ServiceLogAspect [ServiceLogAspect.java:37] 用户[0:0:0:0:0:0:0:1],在[2020-12-23 16:14:54],访问了[com.nowcoder.community.service.UserService.findUserById]
2020-12-23 16:14:54,072 INFO [http-nio-8080-exec-7] c.n.c.a.ServiceLogAspect [ServiceLogAspect.java:37] 用户[0:0:0:0:0:0:0:1],在[2020-12-23 16:14:54],访问了[com.nowcoder.community.service.UserService.findLoginTicket]
2020-12-23 16:14:54,075 INFO [http-nio-8080-exec-7] c.n.c.a.ServiceLogAspect [ServiceLogAspect.java:37] 用户[0:0:0:0:0:0:0:1],在[2020-12-23 16:14:54],访问了[com.nowcoder.community.service.UserService.findUserById]
2020-12-23 16:15:08,741 INFO [http-nio-8080-exec-4] c.n.c.a.ServiceLogAspect [ServiceLogAspect.java:37] 用户[0:0:0:0:0:0:0:1],在[2020-12-23 16:15:08],访问了[com.nowcoder.community.service.UserService.findLoginTicket]
2020-12-23 16:15:08,746 INFO [http-nio-8080-exec-4] c.n.c.a.ServiceLogAspect [ServiceLogAspect.java:37] 用户[0:0:0:0:0:0:0:1],在[2020-12-23 16:15:08],访问了[com.nowcoder.community.service.UserService.findUserById]
2020-12-23 16:15:08,750 INFO [http-nio-8080-exec-4] c.n.c.a.ServiceLogAspect [ServiceLogAspect.java:37] 用户[0:0:0:0:0:0:0:1],在[2020-12-23 16:15:08],访问了[com.nowcoder.community.service.DiscussPostService.findDiscussPostById]
2020-12-23 16:15:08,753 INFO [http-nio-8080-exec-4] c.n.c.a.ServiceLogAspect [ServiceLogAspect.java:37] 用户[0:0:0:0:0:0:0:1],在[2020-12-23 16:15:08],访问了[com.nowcoder.community.service.UserService.findUserById]
2020-12-23 16:15:08,755 INFO [http-nio-8080-exec-4] c.n.c.a.ServiceLogAspect [ServiceLogAspect.java:37] 用户[0:0:0:0:0:0:0:1],在[2020-12-23 16:15:08],访问了[com.nowcoder.community.service.LikeService.findEntityLikeCount]
2020-12-23 16:15:08,757 INFO [http-nio-8080-exec-4] c.n.c.a.ServiceLogAspect [ServiceLogAspect.java:37] 用户[0:0:0:0:0:0:0:1],在[2020-12-23 16:15:08],访问了[com.nowcoder.community.service.LikeService.findEntityLikeStatus]
2020-12-23 16:15:08,758 INFO [http-nio-8080-exec-4] c.n.c.a.ServiceLogAspect [ServiceLogAspect.java:37] 用户[0:0:0:0:0:0:0:1],在[2020-12-23 16:15:08],访问了[com.nowcoder.community.service.CommentService.findCommentsByEntity]
2020-12-23 16:15:08,763 INFO [http-nio-8080-exec-4] c.n.c.a.ServiceLogAspect [ServiceLogAspect.java:37] 用户[0:0:0:0:0:0:0:1],在[2020-12-23 16:15:08],访问了[com.nowcoder.community.service.UserService.findUserById]
2020-12-23 16:15:08,765 INFO [http-nio-8080-exec-4] c.n.c.a.ServiceLogAspect [ServiceLogAspect.java:37] 用户[0:0:0:0:0:0:0:1],在[2020-12-23 16:15:08],访问了[com.nowcoder.community.service.LikeService.findEntityLikeCount]
2020-12-23 16:15:08,767 INFO [http-nio-8080-exec-4] c.n.c.a.ServiceLogAspect [ServiceLogAspect.java:37] 用户[0:0:0:0:0:0:0:1],在[2020-12-23 16:15:08],访问了[com.nowcoder.community.service.LikeService.findEntityLikeStatus]
2020-12-23 16:15:08,768 INFO [http-nio-8080-exec-4] c.n.c.a.ServiceLogAspect [ServiceLogAspect.java:37] 用户[0:0:0:0:0:0:0:1],在[2020-12-23 16:15:08],访问了[com.nowcoder.community.service.CommentService.findCommentsByEntity]
2020-12-23 16:15:08,771 INFO [http-nio-8080-exec-4] c.n.c.a.ServiceLogAspect [ServiceLogAspect.java:37] 用户[0:0:0:0:0:0:0:1],在[2020-12-23 16:15:08],访问了[com.nowcoder.community.service.UserService.findUserById]
2020-12-23 16:15:08,773 INFO [http-nio-8080-exec-4] c.n.c.a.ServiceLogAspect [ServiceLogAspect.java:37] 用户[0:0:0:0:0:0:0:1],在[2020-12-23 16:15:08],访问了[com.nowcoder.community.service.LikeService.findEntityLikeCount]
2020-12-23 16:15:08,774 INFO [http-nio-8080-exec-4] c.n.c.a.ServiceLogAspect [ServiceLogAspect.java:37] 用户[0:0:0:0:0:0:0:1],在[2020-12-23 16:15:08],访问了[com.nowcoder.community.service.LikeService.findEntityLikeStatus]
2020-12-23 16:15:08,775 INFO [http-nio-8080-exec-4] c.n.c.a.ServiceLogAspect [ServiceLogAspect.java:37] 用户[0:0:0:0:0:0:0:1],在[2020-12-23 16:15:08],访问了[com.nowcoder.community.service.UserService.findUserById]
2020-12-23 16:15:08,778 INFO [http-nio-8080-exec-4] c.n.c.a.ServiceLogAspect [ServiceLogAspect.java:37] 用户[0:0:0:0:0:0:0:1],在[2020-12-23 16:15:08],访问了[com.nowcoder.community.service.LikeService.findEntityLikeCount]
2020-12-23 16:15:08,780 INFO [http-nio-8080-exec-4] c.n.c.a.ServiceLogAspect [ServiceLogAspect.java:37] 用户[0:0:0:0:0:0:0:1],在[2020-12-23 16:15:08],访问了[com.nowcoder.community.service.LikeService.findEntityLikeStatus]
2020-12-23 16:15:08,781 INFO [http-nio-8080-exec-4] c.n.c.a.ServiceLogAspect [ServiceLogAspect.java:37] 用户[0:0:0:0:0:0:0:1],在[2020-12-23 16:15:08],访问了[com.nowcoder.community.service.UserService.findUserById]
2020-12-23 16:15:08,784 INFO [http-nio-8080-exec-4] c.n.c.a.ServiceLogAspect [ServiceLogAspect.java:37] 用户[0:0:0:0:0:0:0:1],在[2020-12-23 16:15:08],访问了[com.nowcoder.community.service.UserService.findUserById]
2020-12-23 16:15:08,787 INFO [http-nio-8080-exec-4] c.n.c.a.ServiceLogAspect [ServiceLogAspect.java:37] 用户[0:0:0:0:0:0:0:1],在[2020-12-23 16:15:08],访问了[com.nowcoder.community.service.LikeService.findEntityLikeCount]
2020-12-23 16:15:08,788 INFO [http-nio-8080-exec-4] c.n.c.a.ServiceLogAspect [ServiceLogAspect.java:37] 用户[0:0:0:0:0:0:0:1],在[2020-12-23 16:15:08],访问了[com.nowcoder.community.service.LikeService.findEntityLikeStatus]
2020-12-23 16:15:08,789 INFO [http-nio-8080-exec-4] c.n.c.a.ServiceLogAspect [ServiceLogAspect.java:37] 用户[0:0:0:0:0:0:0:1],在[2020-12-23 16:15:08],访问了[com.nowcoder.community.service.UserService.findUserById]
2020-12-23 16:15:08,791 INFO [http-nio-8080-exec-4] c.n.c.a.ServiceLogAspect [ServiceLogAspect.java:37] 用户[0:0:0:0:0:0:0:1],在[2020-12-23 16:15:08],访问了[com.nowcoder.community.service.LikeService.findEntityLikeCount]
2020-12-23 16:15:08,793 INFO [http-nio-8080-exec-4] c.n.c.a.ServiceLogAspect [ServiceLogAspect.java:37] 用户[0:0:0:0:0:0:0:1],在[2020-12-23 16:15:08],访问了[com.nowcoder.community.service.LikeService.findEntityLikeStatus]
2020-12-23 16:15:08,794 INFO [http-nio-8080-exec-4] c.n.c.a.ServiceLogAspect [ServiceLogAspect.java:37] 用户[0:0:0:0:0:0:0:1],在[2020-12-23 16:15:08],访问了[com.nowcoder.community.service.UserService.findUserById]
2020-12-23 16:15:08,796 INFO [http-nio-8080-exec-4] c.n.c.a.ServiceLogAspect [ServiceLogAspect.java:37] 用户[0:0:0:0:0:0:0:1],在[2020-12-23 16:15:08],访问了[com.nowcoder.community.service.UserService.findUserById]
2020-12-23 16:15:08,799 INFO [http-nio-8080-exec-4] c.n.c.a.ServiceLogAspect [ServiceLogAspect.java:37] 用户[0:0:0:0:0:0:0:1],在[2020-12-23 16:15:08],访问了[com.nowcoder.community.service.LikeService.findEntityLikeCount]
2020-12-23 16:15:08,800 INFO [http-nio-8080-exec-4] c.n.c.a.ServiceLogAspect [ServiceLogAspect.java:37] 用户[0:0:0:0:0:0:0:1],在[2020-12-23 16:15:08],访问了[com.nowcoder.community.service.LikeService.findEntityLikeStatus]
2020-12-23 16:15:08,801 INFO [http-nio-8080-exec-4] c.n.c.a.ServiceLogAspect [ServiceLogAspect.java:37] 用户[0:0:0:0:0:0:0:1],在[2020-12-23 16:15:08],访问了[com.nowcoder.community.service.CommentService.findCommentCount]
2020-12-23 16:15:08,803 INFO [http-nio-8080-exec-4] c.n.c.a.ServiceLogAspect [ServiceLogAspect.java:37] 用户[0:0:0:0:0:0:0:1],在[2020-12-23 16:15:08],访问了[com.nowcoder.community.service.UserService.findUserById]
2020-12-23 16:15:08,805 INFO [http-nio-8080-exec-4] c.n.c.a.ServiceLogAspect [ServiceLogAspect.java:37] 用户[0:0:0:0:0:0:0:1],在[2020-12-23 16:15:08],访问了[com.nowcoder.community.service.LikeService.findEntityLikeCount]
2020-12-23 16:15:08,806 INFO [http-nio-8080-exec-4] c.n.c.a.ServiceLogAspect [ServiceLogAspect.java:37] 用户[0:0:0:0:0:0:0:1],在[2020-12-23 16:15:08],访问了[com.nowcoder.community.service.LikeService.findEntityLikeStatus]
2020-12-23 16:15:08,807 INFO [http-nio-8080-exec-4] c.n.c.a.ServiceLogAspect [ServiceLogAspect.java:37] 用户[0:0:0:0:0:0:0:1],在[2020-12-23 16:15:08],访问了[com.nowcoder.community.service.CommentService.findCommentsByEntity]
2020-12-23 16:15:08,810 INFO [http-nio-8080-exec-4] c.n.c.a.ServiceLogAspect [ServiceLogAspect.java:37] 用户[0:0:0:0:0:0:0:1],在[2020-12-23 16:15:08],访问了[com.nowcoder.community.service.UserService.findUserById]
2020-12-23 16:15:08,815 INFO [http-nio-8080-exec-4] c.n.c.a.ServiceLogAspect [ServiceLogAspect.java:37] 用户[0:0:0:0:0:0:0:1],在[2020-12-23 16:15:08],访问了[com.nowcoder.community.service.LikeService.findEntityLikeCount]
2020-12-23 16:15:08,816 INFO [http-nio-8080-exec-4] c.n.c.a.ServiceLogAspect [ServiceLogAspect.java:37] 用户[0:0:0:0:0:0:0:1],在[2020-12-23 16:15:08],访问了[com.nowcoder.community.service.LikeService.findEntityLikeStatus]
2020-12-23 16:15:08,817 INFO [http-nio-8080-exec-4] c.n.c.a.ServiceLogAspect [ServiceLogAspect.java:37] 用户[0:0:0:0:0:0:0:1],在[2020-12-23 16:15:08],访问了[com.nowcoder.community.service.CommentService.findCommentCount]
2020-12-23 16:15:08,819 INFO [http-nio-8080-exec-4] c.n.c.a.ServiceLogAspect [ServiceLogAspect.java:37] 用户[0:0:0:0:0:0:0:1],在[2020-12-23 16:15:08],访问了[com.nowcoder.community.service.UserService.findUserById]
2020-12-23 16:15:08,821 INFO [http-nio-8080-exec-4] c.n.c.a.ServiceLogAspect [ServiceLogAspect.java:37] 用户[0:0:0:0:0:0:0:1],在[2020-12-23 16:15:08],访问了[com.nowcoder.community.service.LikeService.findEntityLikeCount]
2020-12-23 16:15:08,822 INFO [http-nio-8080-exec-4] c.n.c.a.ServiceLogAspect [ServiceLogAspect.java:37] 用户[0:0:0:0:0:0:0:1],在[2020-12-23 16:15:08],访问了[com.nowcoder.community.service.LikeService.findEntityLikeStatus]
2020-12-23 16:15:08,823 INFO [http-nio-8080-exec-4] c.n.c.a.ServiceLogAspect [ServiceLogAspect.java:37] 用户[0:0:0:0:0:0:0:1],在[2020-12-23 16:15:08],访问了[com.nowcoder.community.service.CommentService.findCommentsByEntity]
2020-12-23 16:15:08,826 INFO [http-nio-8080-exec-4] c.n.c.a.ServiceLogAspect [ServiceLogAspect.java:37] 用户[0:0:0:0:0:0:0:1],在[2020-12-23 16:15:08],访问了[com.nowcoder.community.service.CommentService.findCommentCount]
2020-12-23 16:15:08,828 INFO [http-nio-8080-exec-4] c.n.c.a.ServiceLogAspect [ServiceLogAspect.java:37] 用户[0:0:0:0:0:0:0:1],在[2020-12-23 16:15:08],访问了[com.nowcoder.community.service.UserService.findUserById]
2020-12-23 16:15:08,831 INFO [http-nio-8080-exec-4] c.n.c.a.ServiceLogAspect [ServiceLogAspect.java:37] 用户[0:0:0:0:0:0:0:1],在[2020-12-23 16:15:08],访问了[com.nowcoder.community.service.LikeService.findEntityLikeCount]
2020-12-23 16:15:08,832 INFO [http-nio-8080-exec-4] c.n.c.a.ServiceLogAspect [ServiceLogAspect.java:37] 用户[0:0:0:0:0:0:0:1],在[2020-12-23 16:15:08],访问了[com.nowcoder.community.service.LikeService.findEntityLikeStatus]
2020-12-23 16:15:08,833 INFO [http-nio-8080-exec-4] c.n.c.a.ServiceLogAspect [ServiceLogAspect.java:37] 用户[0:0:0:0:0:0:0:1],在[2020-12-23 16:15:08],访问了[com.nowcoder.community.service.CommentService.findCommentsByEntity]
2020-12-23 16:15:08,835 INFO [http-nio-8080-exec-4] c.n.c.a.ServiceLogAspect [ServiceLogAspect.java:37] 用户[0:0:0:0:0:0:0:1],在[2020-12-23 16:15:08],访问了[com.nowcoder.community.service.UserService.findUserById]
2020-12-23 16:15:08,837 INFO [http-nio-8080-exec-4] c.n.c.a.ServiceLogAspect [ServiceLogAspect.java:37] 用户[0:0:0:0:0:0:0:1],在[2020-12-23 16:15:08],访问了[com.nowcoder.community.service.LikeService.findEntityLikeCount]
2020-12-23 16:15:08,838 INFO [http-nio-8080-exec-4] c.n.c.a.ServiceLogAspect [ServiceLogAspect.java:37] 用户[0:0:0:0:0:0:0:1],在[2020-12-23 16:15:08],访问了[com.nowcoder.community.service.LikeService.findEntityLikeStatus]
2020-12-23 16:15:08,839 INFO [http-nio-8080-exec-4] c.n.c.a.ServiceLogAspect [ServiceLogAspect.java:37] 用户[0:0:0:0:0:0:0:1],在[2020-12-23 16:15:08],访问了[com.nowcoder.community.service.CommentService.findCommentCount]
2020-12-23 16:15:08,841 INFO [http-nio-8080-exec-4] c.n.c.a.ServiceLogAspect [ServiceLogAspect.java:37] 用户[0:0:0:0:0:0:0:1],在[2020-12-23 16:15:08],访问了[com.nowcoder.community.service.UserService.findUserById]
2020-12-23 16:15:08,844 INFO [http-nio-8080-exec-4] c.n.c.a.ServiceLogAspect [ServiceLogAspect.java:37] 用户[0:0:0:0:0:0:0:1],在[2020-12-23 16:15:08],访问了[com.nowcoder.community.service.LikeService.findEntityLikeCount]
2020-12-23 16:15:08,845 INFO [http-nio-8080-exec-4] c.n.c.a.ServiceLogAspect [ServiceLogAspect.java:37] 用户[0:0:0:0:0:0:0:1],在[2020-12-23 16:15:08],访问了[com.nowcoder.community.service.LikeService.findEntityLikeStatus]
2020-12-23 16:15:08,846 INFO [http-nio-8080-exec-4] c.n.c.a.ServiceLogAspect [ServiceLogAspect.java:37] 用户[0:0:0:0:0:0:0:1],在[2020-12-23 16:15:08],访问了[com.nowcoder.community.service.CommentService.findCommentsByEntity]
2020-12-23 16:15:08,848 INFO [http-nio-8080-exec-4] c.n.c.a.ServiceLogAspect [ServiceLogAspect.java:37] 用户[0:0:0:0:0:0:0:1],在[2020-12-23 16:15:08],访问了[com.nowcoder.community.service.CommentService.findCommentCount]
2020-12-23 16:15:12,742 INFO [http-nio-8080-exec-9] c.n.c.a.ServiceLogAspect [ServiceLogAspect.java:37] 用户[0:0:0:0:0:0:0:1],在[2020-12-23 16:15:12],访问了[com.nowcoder.community.service.UserService.findLoginTicket]
2020-12-23 16:15:12,746 INFO [http-nio-8080-exec-9] c.n.c.a.ServiceLogAspect [ServiceLogAspect.java:37] 用户[0:0:0:0:0:0:0:1],在[2020-12-23 16:15:12],访问了[com.nowcoder.community.service.UserService.findUserById]
2020-12-23 16:15:12,749 INFO [http-nio-8080-exec-9] c.n.c.a.ServiceLogAspect [ServiceLogAspect.java:37] 用户[0:0:0:0:0:0:0:1],在[2020-12-23 16:15:12],访问了[com.nowcoder.community.service.UserService.findUserById]
2020-12-23 16:15:12,752 INFO [http-nio-8080-exec-9] c.n.c.a.ServiceLogAspect [ServiceLogAspect.java:37] 用户[0:0:0:0:0:0:0:1],在[2020-12-23 16:15:12],访问了[com.nowcoder.community.service.LikeService.findUserLikeCount]
2020-12-23 16:15:17,627 INFO [http-nio-8080-exec-3] c.n.c.a.ServiceLogAspect [ServiceLogAspect.java:37] 用户[0:0:0:0:0:0:0:1],在[2020-12-23 16:15:17],访问了[com.nowcoder.community.service.UserService.findLoginTicket]
2020-12-23 16:15:17,631 INFO [http-nio-8080-exec-3] c.n.c.a.ServiceLogAspect [ServiceLogAspect.java:37] 用户[0:0:0:0:0:0:0:1],在[2020-12-23 16:15:17],访问了[com.nowcoder.community.service.UserService.findUserById]
2020-12-23 16:15:17,634 INFO [http-nio-8080-exec-3] c.n.c.a.ServiceLogAspect [ServiceLogAspect.java:37] 用户[0:0:0:0:0:0:0:1],在[2020-12-23 16:15:17],访问了[com.nowcoder.community.service.DiscussPostService.findDiscussPostRows]
2020-12-23 16:15:17,636 INFO [http-nio-8080-exec-3] c.n.c.a.ServiceLogAspect [ServiceLogAspect.java:37] 用户[0:0:0:0:0:0:0:1],在[2020-12-23 16:15:17],访问了[com.nowcoder.community.service.DiscussPostService.findDiscussPosts]
2020-12-23 16:15:17,640 INFO [http-nio-8080-exec-3] c.n.c.a.ServiceLogAspect [ServiceLogAspect.java:37] 用户[0:0:0:0:0:0:0:1],在[2020-12-23 16:15:17],访问了[com.nowcoder.community.service.UserService.findUserById]
2020-12-23 16:15:17,643 INFO [http-nio-8080-exec-3] c.n.c.a.ServiceLogAspect [ServiceLogAspect.java:37] 用户[0:0:0:0:0:0:0:1],在[2020-12-23 16:15:17],访问了[com.nowcoder.community.service.LikeService.findEntityLikeCount]
2020-12-23 16:15:17,644 INFO [http-nio-8080-exec-3] c.n.c.a.ServiceLogAspect [ServiceLogAspect.java:37] 用户[0:0:0:0:0:0:0:1],在[2020-12-23 16:15:17],访问了[com.nowcoder.community.service.UserService.findUserById]
2020-12-23 16:15:17,646 INFO [http-nio-8080-exec-3] c.n.c.a.ServiceLogAspect [ServiceLogAspect.java:37] 用户[0:0:0:0:0:0:0:1],在[2020-12-23 16:15:17],访问了[com.nowcoder.community.service.LikeService.findEntityLikeCount]
2020-12-23 16:15:17,647 INFO [http-nio-8080-exec-3] c.n.c.a.ServiceLogAspect [ServiceLogAspect.java:37] 用户[0:0:0:0:0:0:0:1],在[2020-12-23 16:15:17],访问了[com.nowcoder.community.service.UserService.findUserById]
2020-12-23 16:15:17,649 INFO [http-nio-8080-exec-3] c.n.c.a.ServiceLogAspect [ServiceLogAspect.java:37] 用户[0:0:0:0:0:0:0:1],在[2020-12-23 16:15:17],访问了[com.nowcoder.community.service.LikeService.findEntityLikeCount]
2020-12-23 16:15:17,650 INFO [http-nio-8080-exec-3] c.n.c.a.ServiceLogAspect [ServiceLogAspect.java:37] 用户[0:0:0:0:0:0:0:1],在[2020-12-23 16:15:17],访问了[com.nowcoder.community.service.UserService.findUserById]
2020-12-23 16:15:17,653 INFO [http-nio-8080-exec-3] c.n.c.a.ServiceLogAspect [ServiceLogAspect.java:37] 用户[0:0:0:0:0:0:0:1],在[2020-12-23 16:15:17],访问了[com.nowcoder.community.service.LikeService.findEntityLikeCount]
2020-12-23 16:15:17,654 INFO [http-nio-8080-exec-3] c.n.c.a.ServiceLogAspect [ServiceLogAspect.java:37] 用户[0:0:0:0:0:0:0:1],在[2020-12-23 16:15:17],访问了[com.nowcoder.community.service.UserService.findUserById]
2020-12-23 16:15:17,656 INFO [http-nio-8080-exec-3] c.n.c.a.ServiceLogAspect [ServiceLogAspect.java:37] 用户[0:0:0:0:0:0:0:1],在[2020-12-23 16:15:17],访问了[com.nowcoder.community.service.LikeService.findEntityLikeCount]
2020-12-23 16:15:17,657 INFO [http-nio-8080-exec-3] c.n.c.a.ServiceLogAspect [ServiceLogAspect.java:37] 用户[0:0:0:0:0:0:0:1],在[2020-12-23 16:15:17],访问了[com.nowcoder.community.service.UserService.findUserById]
2020-12-23 16:15:17,659 INFO [http-nio-8080-exec-3] c.n.c.a.ServiceLogAspect [ServiceLogAspect.java:37] 用户[0:0:0:0:0:0:0:1],在[2020-12-23 16:15:17],访问了[com.nowcoder.community.service.LikeService.findEntityLikeCount]
2020-12-23 16:15:17,660 INFO [http-nio-8080-exec-3] c.n.c.a.ServiceLogAspect [ServiceLogAspect.java:37] 用户[0:0:0:0:0:0:0:1],在[2020-12-23 16:15:17],访问了[com.nowcoder.community.service.UserService.findUserById]
2020-12-23 16:15:17,662 INFO [http-nio-8080-exec-3] c.n.c.a.ServiceLogAspect [ServiceLogAspect.java:37] 用户[0:0:0:0:0:0:0:1],在[2020-12-23 16:15:17],访问了[com.nowcoder.community.service.LikeService.findEntityLikeCount]
2020-12-23 16:15:17,663 INFO [http-nio-8080-exec-3] c.n.c.a.ServiceLogAspect [ServiceLogAspect.java:37] 用户[0:0:0:0:0:0:0:1],在[2020-12-23 16:15:17],访问了[com.nowcoder.community.service.UserService.findUserById]
2020-12-23 16:15:17,665 INFO [http-nio-8080-exec-3] c.n.c.a.ServiceLogAspect [ServiceLogAspect.java:37] 用户[0:0:0:0:0:0:0:1],在[2020-12-23 16:15:17],访问了[com.nowcoder.community.service.LikeService.findEntityLikeCount]
2020-12-23 16:15:17,666 INFO [http-nio-8080-exec-3] c.n.c.a.ServiceLogAspect [ServiceLogAspect.java:37] 用户[0:0:0:0:0:0:0:1],在[2020-12-23 16:15:17],访问了[com.nowcoder.community.service.UserService.findUserById]
2020-12-23 16:15:17,668 INFO [http-nio-8080-exec-3] c.n.c.a.ServiceLogAspect [ServiceLogAspect.java:37] 用户[0:0:0:0:0:0:0:1],在[2020-12-23 16:15:17],访问了[com.nowcoder.community.service.LikeService.findEntityLikeCount]
2020-12-23 16:15:17,669 INFO [http-nio-8080-exec-3] c.n.c.a.ServiceLogAspect [ServiceLogAspect.java:37] 用户[0:0:0:0:0:0:0:1],在[2020-12-23 16:15:17],访问了[com.nowcoder.community.service.UserService.findUserById]
2020-12-23 16:15:17,672 INFO [http-nio-8080-exec-3] c.n.c.a.ServiceLogAspect [ServiceLogAspect.java:37] 用户[0:0:0:0:0:0:0:1],在[2020-12-23 16:15:17],访问了[com.nowcoder.community.service.LikeService.findEntityLikeCount]
2020-12-23 16:15:25,229 INFO [http-nio-8080-exec-9] c.n.c.a.ServiceLogAspect [ServiceLogAspect.java:37] 用户[0:0:0:0:0:0:0:1],在[2020-12-23 16:15:25],访问了[com.nowcoder.community.service.UserService.findLoginTicket]
2020-12-23 16:15:25,234 INFO [http-nio-8080-exec-9] c.n.c.a.ServiceLogAspect [ServiceLogAspect.java:37] 用户[0:0:0:0:0:0:0:1],在[2020-12-23 16:15:25],访问了[com.nowcoder.community.service.UserService.findUserById]
2020-12-23 16:15:25,237 INFO [http-nio-8080-exec-9] c.n.c.a.ServiceLogAspect [ServiceLogAspect.java:37] 用户[0:0:0:0:0:0:0:1],在[2020-12-23 16:15:25],访问了[com.nowcoder.community.service.MessageService.findConversationCount]
2020-12-23 16:15:25,264 INFO [http-nio-8080-exec-9] c.n.c.a.ServiceLogAspect [ServiceLogAspect.java:37] 用户[0:0:0:0:0:0:0:1],在[2020-12-23 16:15:25],访问了[com.nowcoder.community.service.MessageService.findConversations]
2020-12-23 16:15:25,268 INFO [http-nio-8080-exec-9] c.n.c.a.ServiceLogAspect [ServiceLogAspect.java:37] 用户[0:0:0:0:0:0:0:1],在[2020-12-23 16:15:25],访问了[com.nowcoder.community.service.MessageService.findLetterUnreadCount]
2020-12-23 16:15:26,899 INFO [http-nio-8080-exec-5] c.n.c.a.ServiceLogAspect [ServiceLogAspect.java:37] 用户[0:0:0:0:0:0:0:1],在[2020-12-23 16:15:26],访问了[com.nowcoder.community.service.UserService.findLoginTicket]
2020-12-23 16:15:26,902 INFO [http-nio-8080-exec-5] c.n.c.a.ServiceLogAspect [ServiceLogAspect.java:37] 用户[0:0:0:0:0:0:0:1],在[2020-12-23 16:15:26],访问了[com.nowcoder.community.service.UserService.findUserById]
2020-12-23 16:15:26,905 INFO [http-nio-8080-exec-5] c.n.c.a.ServiceLogAspect [ServiceLogAspect.java:37] 用户[0:0:0:0:0:0:0:1],在[2020-12-23 16:15:26],访问了[com.nowcoder.community.service.DiscussPostService.findDiscussPostRows]
2020-12-23 16:15:26,907 INFO [http-nio-8080-exec-5] c.n.c.a.ServiceLogAspect [ServiceLogAspect.java:37] 用户[0:0:0:0:0:0:0:1],在[2020-12-23 16:15:26],访问了[com.nowcoder.community.service.DiscussPostService.findDiscussPosts]
2020-12-23 16:15:26,911 INFO [http-nio-8080-exec-5] c.n.c.a.ServiceLogAspect [ServiceLogAspect.java:37] 用户[0:0:0:0:0:0:0:1],在[2020-12-23 16:15:26],访问了[com.nowcoder.community.service.UserService.findUserById]
2020-12-23 16:15:26,913 INFO [http-nio-8080-exec-5] c.n.c.a.ServiceLogAspect [ServiceLogAspect.java:37] 用户[0:0:0:0:0:0:0:1],在[2020-12-23 16:15:26],访问了[com.nowcoder.community.service.LikeService.findEntityLikeCount]
2020-12-23 16:15:26,914 INFO [http-nio-8080-exec-5] c.n.c.a.ServiceLogAspect [ServiceLogAspect.java:37] 用户[0:0:0:0:0:0:0:1],在[2020-12-23 16:15:26],访问了[com.nowcoder.community.service.UserService.findUserById]
2020-12-23 16:15:26,917 INFO [http-nio-8080-exec-5] c.n.c.a.ServiceLogAspect [ServiceLogAspect.java:37] 用户[0:0:0:0:0:0:0:1],在[2020-12-23 16:15:26],访问了[com.nowcoder.community.service.LikeService.findEntityLikeCount]
2020-12-23 16:15:26,918 INFO [http-nio-8080-exec-5] c.n.c.a.ServiceLogAspect [ServiceLogAspect.java:37] 用户[0:0:0:0:0:0:0:1],在[2020-12-23 16:15:26],访问了[com.nowcoder.community.service.UserService.findUserById]
2020-12-23 16:15:26,921 INFO [http-nio-8080-exec-5] c.n.c.a.ServiceLogAspect [ServiceLogAspect.java:37] 用户[0:0:0:0:0:0:0:1],在[2020-12-23 16:15:26],访问了[com.nowcoder.community.service.LikeService.findEntityLikeCount]
2020-12-23 16:15:26,922 INFO [http-nio-8080-exec-5] c.n.c.a.ServiceLogAspect [ServiceLogAspect.java:37] 用户[0:0:0:0:0:0:0:1],在[2020-12-23 16:15:26],访问了[com.nowcoder.community.service.UserService.findUserById]
2020-12-23 16:15:26,924 INFO [http-nio-8080-exec-5] c.n.c.a.ServiceLogAspect [ServiceLogAspect.java:37] 用户[0:0:0:0:0:0:0:1],在[2020-12-23 16:15:26],访问了[com.nowcoder.community.service.LikeService.findEntityLikeCount]
2020-12-23 16:15:26,925 INFO [http-nio-8080-exec-5] c.n.c.a.ServiceLogAspect [ServiceLogAspect.java:37] 用户[0:0:0:0:0:0:0:1],在[2020-12-23 16:15:26],访问了[com.nowcoder.community.service.UserService.findUserById]
2020-12-23 16:15:26,927 INFO [http-nio-8080-exec-5] c.n.c.a.ServiceLogAspect [ServiceLogAspect.java:37] 用户[0:0:0:0:0:0:0:1],在[2020-12-23 16:15:26],访问了[com.nowcoder.community.service.LikeService.findEntityLikeCount]
2020-12-23 16:15:26,928 INFO [http-nio-8080-exec-5] c.n.c.a.ServiceLogAspect [ServiceLogAspect.java:37] 用户[0:0:0:0:0:0:0:1],在[2020-12-23 16:15:26],访问了[com.nowcoder.community.service.UserService.findUserById]
2020-12-23 16:15:26,930 INFO [http-nio-8080-exec-5] c.n.c.a.ServiceLogAspect [ServiceLogAspect.java:37] 用户[0:0:0:0:0:0:0:1],在[2020-12-23 16:15:26],访问了[com.nowcoder.community.service.LikeService.findEntityLikeCount]
2020-12-23 16:15:26,931 INFO [http-nio-8080-exec-5] c.n.c.a.ServiceLogAspect [ServiceLogAspect.java:37] 用户[0:0:0:0:0:0:0:1],在[2020-12-23 16:15:26],访问了[com.nowcoder.community.service.UserService.findUserById]
2020-12-23 16:15:26,933 INFO [http-nio-8080-exec-5] c.n.c.a.ServiceLogAspect [ServiceLogAspect.java:37] 用户[0:0:0:0:0:0:0:1],在[2020-12-23 16:15:26],访问了[com.nowcoder.community.service.LikeService.findEntityLikeCount]
2020-12-23 16:15:26,934 INFO [http-nio-8080-exec-5] c.n.c.a.ServiceLogAspect [ServiceLogAspect.java:37] 用户[0:0:0:0:0:0:0:1],在[2020-12-23 16:15:26],访问了[com.nowcoder.community.service.UserService.findUserById]
2020-12-23 16:15:26,936 INFO [http-nio-8080-exec-5] c.n.c.a.ServiceLogAspect [ServiceLogAspect.java:37] 用户[0:0:0:0:0:0:0:1],在[2020-12-23 16:15:26],访问了[com.nowcoder.community.service.LikeService.findEntityLikeCount]
2020-12-23 16:15:26,937 INFO [http-nio-8080-exec-5] c.n.c.a.ServiceLogAspect [ServiceLogAspect.java:37] 用户[0:0:0:0:0:0:0:1],在[2020-12-23 16:15:26],访问了[com.nowcoder.community.service.UserService.findUserById]
2020-12-23 16:15:26,940 INFO [http-nio-8080-exec-5] c.n.c.a.ServiceLogAspect [ServiceLogAspect.java:37] 用户[0:0:0:0:0:0:0:1],在[2020-12-23 16:15:26],访问了[com.nowcoder.community.service.LikeService.findEntityLikeCount]
2020-12-23 16:15:26,941 INFO [http-nio-8080-exec-5] c.n.c.a.ServiceLogAspect [ServiceLogAspect.java:37] 用户[0:0:0:0:0:0:0:1],在[2020-12-23 16:15:26],访问了[com.nowcoder.community.service.UserService.findUserById]
2020-12-23 16:15:26,962 INFO [http-nio-8080-exec-5] c.n.c.a.ServiceLogAspect [ServiceLogAspect.java:37] 用户[0:0:0:0:0:0:0:1],在[2020-12-23 16:15:26],访问了[com.nowcoder.community.service.LikeService.findEntityLikeCount]
2020-12-23 16:15:35,787 INFO [http-nio-8080-exec-10] c.n.c.a.ServiceLogAspect [ServiceLogAspect.java:37] 用户[0:0:0:0:0:0:0:1],在[2020-12-23 16:15:35],访问了[com.nowcoder.community.service.UserService.findLoginTicket]
2020-12-23 16:15:35,791 INFO [http-nio-8080-exec-10] c.n.c.a.ServiceLogAspect [ServiceLogAspect.java:37] 用户[0:0:0:0:0:0:0:1],在[2020-12-23 16:15:35],访问了[com.nowcoder.community.service.UserService.findUserById]
2020-12-23 16:15:35,794 INFO [http-nio-8080-exec-10] c.n.c.a.ServiceLogAspect [ServiceLogAspect.java:37] 用户[0:0:0:0:0:0:0:1],在[2020-12-23 16:15:35],访问了[com.nowcoder.community.service.UserService.findUserById]
2020-12-23 16:15:35,797 INFO [http-nio-8080-exec-10] c.n.c.a.ServiceLogAspect [ServiceLogAspect.java:37] 用户[0:0:0:0:0:0:0:1],在[2020-12-23 16:15:35],访问了[com.nowcoder.community.service.LikeService.findUserLikeCount]
2020-12-23 16:15:39,540 INFO [http-nio-8080-exec-6] c.n.c.a.ServiceLogAspect [ServiceLogAspect.java:37] 用户[0:0:0:0:0:0:0:1],在[2020-12-23 16:15:39],访问了[com.nowcoder.community.service.UserService.findLoginTicket]
2020-12-23 16:15:39,543 INFO [http-nio-8080-exec-6] c.n.c.a.ServiceLogAspect [ServiceLogAspect.java:37] 用户[0:0:0:0:0:0:0:1],在[2020-12-23 16:15:39],访问了[com.nowcoder.community.service.UserService.findUserById]
2020-12-23 16:15:39,545 INFO [http-nio-8080-exec-6] c.n.c.a.ServiceLogAspect [ServiceLogAspect.java:37] 用户[0:0:0:0:0:0:0:1],在[2020-12-23 16:15:39],访问了[com.nowcoder.community.service.FollowService.follow]
2020-12-23 16:15:40,022 INFO [http-nio-8080-exec-2] c.n.c.a.ServiceLogAspect [ServiceLogAspect.java:37] 用户[0:0:0:0:0:0:0:1],在[2020-12-23 16:15:40],访问了[com.nowcoder.community.service.UserService.findLoginTicket]
2020-12-23 16:15:40,025 INFO [http-nio-8080-exec-2] c.n.c.a.ServiceLogAspect [ServiceLogAspect.java:37] 用户[0:0:0:0:0:0:0:1],在[2020-12-23 16:15:40],访问了[com.nowcoder.community.service.UserService.findUserById]
2020-12-23 16:15:40,028 INFO [http-nio-8080-exec-2] c.n.c.a.ServiceLogAspect [ServiceLogAspect.java:37] 用户[0:0:0:0:0:0:0:1],在[2020-12-23 16:15:40],访问了[com.nowcoder.community.service.UserService.findUserById]
2020-12-23 16:15:40,031 INFO [http-nio-8080-exec-2] c.n.c.a.ServiceLogAspect [ServiceLogAspect.java:37] 用户[0:0:0:0:0:0:0:1],在[2020-12-23 16:15:40],访问了[com.nowcoder.community.service.LikeService.findUserLikeCount]
2020-12-23 16:15:41,460 INFO [http-nio-8080-exec-1] c.n.c.a.ServiceLogAspect [ServiceLogAspect.java:37] 用户[0:0:0:0:0:0:0:1],在[2020-12-23 16:15:41],访问了[com.nowcoder.community.service.UserService.findLoginTicket]
2020-12-23 16:15:41,462 INFO [http-nio-8080-exec-1] c.n.c.a.ServiceLogAspect [ServiceLogAspect.java:37] 用户[0:0:0:0:0:0:0:1],在[2020-12-23 16:15:41],访问了[com.nowcoder.community.service.UserService.findUserById]
2020-12-23 16:15:41,465 INFO [http-nio-8080-exec-1] c.n.c.a.ServiceLogAspect [ServiceLogAspect.java:37] 用户[0:0:0:0:0:0:0:1],在[2020-12-23 16:15:41],访问了[com.nowcoder.community.service.FollowService.follow]
2020-12-23 16:15:41,485 INFO [http-nio-8080-exec-4] c.n.c.a.ServiceLogAspect [ServiceLogAspect.java:37] 用户[0:0:0:0:0:0:0:1],在[2020-12-23 16:15:41],访问了[com.nowcoder.community.service.UserService.findLoginTicket]
2020-12-23 16:15:41,489 INFO [http-nio-8080-exec-4] c.n.c.a.ServiceLogAspect [ServiceLogAspect.java:37] 用户[0:0:0:0:0:0:0:1],在[2020-12-23 16:15:41],访问了[com.nowcoder.community.service.UserService.findUserById]
2020-12-23 16:15:41,492 INFO [http-nio-8080-exec-4] c.n.c.a.ServiceLogAspect [ServiceLogAspect.java:37] 用户[0:0:0:0:0:0:0:1],在[2020-12-23 16:15:41],访问了[com.nowcoder.community.service.UserService.findUserById]
2020-12-23 16:15:41,494 INFO [http-nio-8080-exec-4] c.n.c.a.ServiceLogAspect [ServiceLogAspect.java:37] 用户[0:0:0:0:0:0:0:1],在[2020-12-23 16:15:41],访问了[com.nowcoder.community.service.LikeService.findUserLikeCount]
2020-12-23 16:15:42,356 INFO [http-nio-8080-exec-9] c.n.c.a.ServiceLogAspect [ServiceLogAspect.java:37] 用户[0:0:0:0:0:0:0:1],在[2020-12-23 16:15:42],访问了[com.nowcoder.community.service.UserService.findLoginTicket]
2020-12-23 16:15:42,359 INFO [http-nio-8080-exec-9] c.n.c.a.ServiceLogAspect [ServiceLogAspect.java:37] 用户[0:0:0:0:0:0:0:1],在[2020-12-23 16:15:42],访问了[com.nowcoder.community.service.UserService.findUserById]
2020-12-23 16:15:42,362 INFO [http-nio-8080-exec-9] c.n.c.a.ServiceLogAspect [ServiceLogAspect.java:37] 用户[0:0:0:0:0:0:0:1],在[2020-12-23 16:15:42],访问了[com.nowcoder.community.service.FollowService.follow]
2020-12-23 16:15:42,382 INFO [http-nio-8080-exec-7] c.n.c.a.ServiceLogAspect [ServiceLogAspect.java:37] 用户[0:0:0:0:0:0:0:1],在[2020-12-23 16:15:42],访问了[com.nowcoder.community.service.UserService.findLoginTicket]
2020-12-23 16:15:42,386 INFO [http-nio-8080-exec-7] c.n.c.a.ServiceLogAspect [ServiceLogAspect.java:37] 用户[0:0:0:0:0:0:0:1],在[2020-12-23 16:15:42],访问了[com.nowcoder.community.service.UserService.findUserById]
2020-12-23 16:15:42,389 INFO [http-nio-8080-exec-7] c.n.c.a.ServiceLogAspect [ServiceLogAspect.java:37] 用户[0:0:0:0:0:0:0:1],在[2020-12-23 16:15:42],访问了[com.nowcoder.community.service.UserService.findUserById]
2020-12-23 16:15:42,391 INFO [http-nio-8080-exec-7] c.n.c.a.ServiceLogAspect [ServiceLogAspect.java:37] 用户[0:0:0:0:0:0:0:1],在[2020-12-23 16:15:42],访问了[com.nowcoder.community.service.LikeService.findUserLikeCount]
2020-12-23 16:15:44,227 INFO [http-nio-8080-exec-3] c.n.c.a.ServiceLogAspect [ServiceLogAspect.java:37] 用户[0:0:0:0:0:0:0:1],在[2020-12-23 16:15:44],访问了[com.nowcoder.community.service.UserService.findLoginTicket]
2020-12-23 16:15:44,229 INFO [http-nio-8080-exec-3] c.n.c.a.ServiceLogAspect [ServiceLogAspect.java:37] 用户[0:0:0:0:0:0:0:1],在[2020-12-23 16:15:44],访问了[com.nowcoder.community.service.UserService.findUserById]
2020-12-23 16:15:44,232 INFO [http-nio-8080-exec-3] c.n.c.a.ServiceLogAspect [ServiceLogAspect.java:37] 用户[0:0:0:0:0:0:0:1],在[2020-12-23 16:15:44],访问了[com.nowcoder.community.service.FollowService.follow]
2020-12-23 16:15:44,251 INFO [http-nio-8080-exec-5] c.n.c.a.ServiceLogAspect [ServiceLogAspect.java:37] 用户[0:0:0:0:0:0:0:1],在[2020-12-23 16:15:44],访问了[com.nowcoder.community.service.UserService.findLoginTicket]
2020-12-23 16:15:44,254 INFO [http-nio-8080-exec-5] c.n.c.a.ServiceLogAspect [ServiceLogAspect.java:37] 用户[0:0:0:0:0:0:0:1],在[2020-12-23 16:15:44],访问了[com.nowcoder.community.service.UserService.findUserById]
2020-12-23 16:15:44,257 INFO [http-nio-8080-exec-5] c.n.c.a.ServiceLogAspect [ServiceLogAspect.java:37] 用户[0:0:0:0:0:0:0:1],在[2020-12-23 16:15:44],访问了[com.nowcoder.community.service.UserService.findUserById]
2020-12-23 16:15:44,259 INFO [http-nio-8080-exec-5] c.n.c.a.ServiceLogAspect [ServiceLogAspect.java:37] 用户[0:0:0:0:0:0:0:1],在[2020-12-23 16:15:44],访问了[com.nowcoder.community.service.LikeService.findUserLikeCount]
2020-12-23 16:15:45,036 INFO [http-nio-8080-exec-10] c.n.c.a.ServiceLogAspect [ServiceLogAspect.java:37] 用户[0:0:0:0:0:0:0:1],在[2020-12-23 16:15:45],访问了[com.nowcoder.community.service.UserService.findLoginTicket]
2020-12-23 16:15:45,038 INFO [http-nio-8080-exec-10] c.n.c.a.ServiceLogAspect [ServiceLogAspect.java:37] 用户[0:0:0:0:0:0:0:1],在[2020-12-23 16:15:45],访问了[com.nowcoder.community.service.UserService.findUserById]
2020-12-23 16:15:45,040 INFO [http-nio-8080-exec-10] c.n.c.a.ServiceLogAspect [ServiceLogAspect.java:37] 用户[0:0:0:0:0:0:0:1],在[2020-12-23 16:15:45],访问了[com.nowcoder.community.service.FollowService.follow]
2020-12-23 16:15:45,059 INFO [http-nio-8080-exec-8] c.n.c.a.ServiceLogAspect [ServiceLogAspect.java:37] 用户[0:0:0:0:0:0:0:1],在[2020-12-23 16:15:45],访问了[com.nowcoder.community.service.UserService.findLoginTicket]
2020-12-23 16:15:45,062 INFO [http-nio-8080-exec-8] c.n.c.a.ServiceLogAspect [ServiceLogAspect.java:37] 用户[0:0:0:0:0:0:0:1],在[2020-12-23 16:15:45],访问了[com.nowcoder.community.service.UserService.findUserById]
2020-12-23 16:15:45,065 INFO [http-nio-8080-exec-8] c.n.c.a.ServiceLogAspect [ServiceLogAspect.java:37] 用户[0:0:0:0:0:0:0:1],在[2020-12-23 16:15:45],访问了[com.nowcoder.community.service.UserService.findUserById]
2020-12-23 16:15:45,067 INFO [http-nio-8080-exec-8] c.n.c.a.ServiceLogAspect [ServiceLogAspect.java:37] 用户[0:0:0:0:0:0:0:1],在[2020-12-23 16:15:45],访问了[com.nowcoder.community.service.LikeService.findUserLikeCount]
2020-12-23 16:35:46,405 INFO [restartedMain] c.n.c.CommunityApplication [StartupInfoLogger.java:55] Starting CommunityApplication on Jiaxi with PID 7504 (F:\project\community\target\classes started by gaoji_000 in F:\project\community)
2020-12-23 16:35:46,410 INFO [restartedMain] c.n.c.CommunityApplication [SpringApplication.java:651] No active profile set, falling back to default profiles: default
2020-12-23 16:35:46,474 INFO [restartedMain] o.s.b.d.e.DevToolsPropertyDefaultsPostProcessor [DeferredLog.java:225] Devtools property defaults active! Set 'spring.devtools.add-properties' to 'false' to disable
2020-12-23 16:35:46,474 INFO [restartedMain] o.s.b.d.e.DevToolsPropertyDefaultsPostProcessor [DeferredLog.java:225] For additional web related logging consider setting the 'logging.level.web' property to 'DEBUG'
2020-12-23 16:35:47,290 INFO [restartedMain] o.s.d.r.c.RepositoryConfigurationDelegate [RepositoryConfigurationDelegate.java:249] Multiple Spring Data modules found, entering strict repository configuration mode!
2020-12-23 16:35:47,293 INFO [restartedMain] o.s.d.r.c.RepositoryConfigurationDelegate [RepositoryConfigurationDelegate.java:127] Bootstrapping Spring Data Redis repositories in DEFAULT mode.
2020-12-23 16:35:47,319 INFO [restartedMain] o.s.d.r.c.RepositoryConfigurationDelegate [RepositoryConfigurationDelegate.java:187] Finished Spring Data repository scanning in 9ms. Found 0 Redis repository interfaces.
2020-12-23 16:35:48,016 INFO [restartedMain] o.s.b.w.e.t.TomcatWebServer [TomcatWebServer.java:108] Tomcat initialized with port(s): 8080 (http)
2020-12-23 16:35:48,023 INFO [restartedMain] o.a.c.h.Http11NioProtocol [DirectJDKLog.java:173] Initializing ProtocolHandler ["http-nio-8080"]
2020-12-23 16:35:48,024 INFO [restartedMain] o.a.c.c.StandardService [DirectJDKLog.java:173] Starting service [Tomcat]
2020-12-23 16:35:48,024 INFO [restartedMain] o.a.c.c.StandardEngine [DirectJDKLog.java:173] Starting Servlet engine: [Apache Tomcat/9.0.38]
2020-12-23 16:35:48,123 INFO [restartedMain] o.a.c.c.C.[.[.[/community] [DirectJDKLog.java:173] Initializing Spring embedded WebApplicationContext
2020-12-23 16:35:48,124 INFO [restartedMain] o.s.b.w.s.c.ServletWebServerApplicationContext [ServletWebServerApplicationContext.java:285] Root WebApplicationContext: initialization completed in 1649 ms
2020-12-23 16:35:49,009 INFO [restartedMain] o.s.s.c.ThreadPoolTaskExecutor [ExecutorConfigurationSupport.java:181] Initializing ExecutorService 'applicationTaskExecutor'
2020-12-23 16:35:49,099 INFO [restartedMain] o.s.b.a.w.s.WelcomePageHandlerMapping [WelcomePageHandlerMapping.java:58] Adding welcome page template: index
2020-12-23 16:35:49,426 INFO [restartedMain] o.s.b.d.a.OptionalLiveReloadServer [OptionalLiveReloadServer.java:58] LiveReload server is running on port 35729
2020-12-23 16:35:49,450 INFO [restartedMain] o.a.c.h.Http11NioProtocol [DirectJDKLog.java:173] Starting ProtocolHandler ["http-nio-8080"]
2020-12-23 16:35:49,488 INFO [restartedMain] o.s.b.w.e.t.TomcatWebServer [TomcatWebServer.java:220] Tomcat started on port(s): 8080 (http) with context path '/community'
2020-12-23 16:35:49,499 INFO [restartedMain] c.n.c.CommunityApplication [StartupInfoLogger.java:61] Started CommunityApplication in 3.583 seconds (JVM running for 4.339)
2020-12-23 16:35:49,699 INFO [http-nio-8080-exec-1] o.a.c.c.C.[.[.[/community] [DirectJDKLog.java:173] Initializing Spring DispatcherServlet 'dispatcherServlet'
2020-12-23 16:35:49,700 INFO [http-nio-8080-exec-1] o.s.w.s.DispatcherServlet [FrameworkServlet.java:525] Initializing Servlet 'dispatcherServlet'
2020-12-23 16:35:49,710 INFO [http-nio-8080-exec-1] o.s.w.s.DispatcherServlet [FrameworkServlet.java:547] Completed initialization in 10 ms
2020-12-23 16:35:49,728 INFO [http-nio-8080-exec-1] c.n.c.a.ServiceLogAspect [ServiceLogAspect.java:37] 用户[0:0:0:0:0:0:0:1],在[2020-12-23 16:35:49],访问了[com.nowcoder.community.service.UserService.findLoginTicket]
2020-12-23 16:35:49,748 INFO [http-nio-8080-exec-1] c.z.h.HikariDataSource [HikariDataSource.java:110] HikariPool-1 - Starting...
2020-12-23 16:35:49,899 INFO [http-nio-8080-exec-1] c.z.h.HikariDataSource [HikariDataSource.java:123] HikariPool-1 - Start completed.
2020-12-23 16:35:49,974 INFO [http-nio-8080-exec-1] c.n.c.a.ServiceLogAspect [ServiceLogAspect.java:37] 用户[0:0:0:0:0:0:0:1],在[2020-12-23 16:35:49],访问了[com.nowcoder.community.service.UserService.findUserById]
2020-12-23 16:35:49,992 INFO [http-nio-8080-exec-1] c.n.c.a.ServiceLogAspect [ServiceLogAspect.java:37] 用户[0:0:0:0:0:0:0:1],在[2020-12-23 16:35:49],访问了[com.nowcoder.community.service.UserService.findUserById]
2020-12-23 16:35:49,997 INFO [http-nio-8080-exec-1] c.n.c.a.ServiceLogAspect [ServiceLogAspect.java:37] 用户[0:0:0:0:0:0:0:1],在[2020-12-23 16:35:49],访问了[com.nowcoder.community.service.LikeService.findUserLikeCount]
2020-12-23 16:35:50,296 INFO [http-nio-8080-exec-1] c.n.c.a.ServiceLogAspect [ServiceLogAspect.java:37] 用户[0:0:0:0:0:0:0:1],在[2020-12-23 16:35:50],访问了[com.nowcoder.community.service.FollowService.findFolloweeCount]
2020-12-23 16:35:50,311 INFO [http-nio-8080-exec-1] c.n.c.a.ServiceLogAspect [ServiceLogAspect.java:37] 用户[0:0:0:0:0:0:0:1],在[2020-12-23 16:35:50],访问了[com.nowcoder.community.service.FollowService.findFollowerCount]
2020-12-23 16:35:50,313 INFO [http-nio-8080-exec-1] c.n.c.a.ServiceLogAspect [ServiceLogAspect.java:37] 用户[0:0:0:0:0:0:0:1],在[2020-12-23 16:35:50],访问了[com.nowcoder.community.service.FollowService.hasFollowed]
2020-12-23 16:38:25,929 INFO [restartedMain] c.n.c.CommunityApplication [StartupInfoLogger.java:55] Starting CommunityApplication on Jiaxi with PID 12420 (F:\project\community\target\classes started by gaoji_000 in F:\project\community)
2020-12-23 16:38:25,932 INFO [restartedMain] c.n.c.CommunityApplication [SpringApplication.java:651] No active profile set, falling back to default profiles: default
2020-12-23 16:38:25,978 INFO [restartedMain] o.s.b.d.e.DevToolsPropertyDefaultsPostProcessor [DeferredLog.java:225] Devtools property defaults active! Set 'spring.devtools.add-properties' to 'false' to disable
2020-12-23 16:38:25,979 INFO [restartedMain] o.s.b.d.e.DevToolsPropertyDefaultsPostProcessor [DeferredLog.java:225] For additional web related logging consider setting the 'logging.level.web' property to 'DEBUG'
2020-12-23 16:38:26,718 INFO [restartedMain] o.s.d.r.c.RepositoryConfigurationDelegate [RepositoryConfigurationDelegate.java:249] Multiple Spring Data modules found, entering strict repository configuration mode!
2020-12-23 16:38:26,720 INFO [restartedMain] o.s.d.r.c.RepositoryConfigurationDelegate [RepositoryConfigurationDelegate.java:127] Bootstrapping Spring Data Redis repositories in DEFAULT mode.
2020-12-23 16:38:26,756 INFO [restartedMain] o.s.d.r.c.RepositoryConfigurationDelegate [RepositoryConfigurationDelegate.java:187] Finished Spring Data repository scanning in 21ms. Found 0 Redis repository interfaces.
2020-12-23 16:38:27,568 INFO [restartedMain] o.s.b.w.e.t.TomcatWebServer [TomcatWebServer.java:108] Tomcat initialized with port(s): 8080 (http)
2020-12-23 16:38:27,575 INFO [restartedMain] o.a.c.h.Http11NioProtocol [DirectJDKLog.java:173] Initializing ProtocolHandler ["http-nio-8080"]
2020-12-23 16:38:27,576 INFO [restartedMain] o.a.c.c.StandardService [DirectJDKLog.java:173] Starting service [Tomcat]
2020-12-23 16:38:27,576 INFO [restartedMain] o.a.c.c.StandardEngine [DirectJDKLog.java:173] Starting Servlet engine: [Apache Tomcat/9.0.38]
2020-12-23 16:38:27,683 INFO [restartedMain] o.a.c.c.C.[.[.[/community] [DirectJDKLog.java:173] Initializing Spring embedded WebApplicationContext
2020-12-23 16:38:27,684 INFO [restartedMain] o.s.b.w.s.c.ServletWebServerApplicationContext [ServletWebServerApplicationContext.java:285] Root WebApplicationContext: initialization completed in 1705 ms
2020-12-23 16:38:28,542 INFO [restartedMain] o.s.s.c.ThreadPoolTaskExecutor [ExecutorConfigurationSupport.java:181] Initializing ExecutorService 'applicationTaskExecutor'
2020-12-23 16:38:28,609 INFO [restartedMain] o.s.b.a.w.s.WelcomePageHandlerMapping [WelcomePageHandlerMapping.java:58] Adding welcome page template: index
2020-12-23 16:38:28,864 INFO [restartedMain] o.s.b.d.a.OptionalLiveReloadServer [OptionalLiveReloadServer.java:58] LiveReload server is running on port 35729
2020-12-23 16:38:28,880 INFO [restartedMain] o.a.c.h.Http11NioProtocol [DirectJDKLog.java:173] Starting ProtocolHandler ["http-nio-8080"]
2020-12-23 16:38:28,899 INFO [restartedMain] o.s.b.w.e.t.TomcatWebServer [TomcatWebServer.java:220] Tomcat started on port(s): 8080 (http) with context path '/community'
2020-12-23 16:38:28,909 INFO [restartedMain] c.n.c.CommunityApplication [StartupInfoLogger.java:61] Started CommunityApplication in 3.778 seconds (JVM running for 4.78)
2020-12-23 16:38:35,298 INFO [http-nio-8080-exec-1] o.a.c.c.C.[.[.[/community] [DirectJDKLog.java:173] Initializing Spring DispatcherServlet 'dispatcherServlet'
2020-12-23 16:38:35,298 INFO [http-nio-8080-exec-1] o.s.w.s.DispatcherServlet [FrameworkServlet.java:525] Initializing Servlet 'dispatcherServlet'
2020-12-23 16:38:35,306 INFO [http-nio-8080-exec-1] o.s.w.s.DispatcherServlet [FrameworkServlet.java:547] Completed initialization in 7 ms
2020-12-23 16:38:35,324 INFO [http-nio-8080-exec-1] c.n.c.a.ServiceLogAspect [ServiceLogAspect.java:37] 用户[0:0:0:0:0:0:0:1],在[2020-12-23 16:38:35],访问了[com.nowcoder.community.service.UserService.findLoginTicket]
2020-12-23 16:38:35,346 INFO [http-nio-8080-exec-1] c.z.h.HikariDataSource [HikariDataSource.java:110] HikariPool-1 - Starting...
2020-12-23 16:38:35,500 INFO [http-nio-8080-exec-1] c.z.h.HikariDataSource [HikariDataSource.java:123] HikariPool-1 - Start completed.
2020-12-23 16:38:35,577 INFO [http-nio-8080-exec-1] c.n.c.a.ServiceLogAspect [ServiceLogAspect.java:37] 用户[0:0:0:0:0:0:0:1],在[2020-12-23 16:38:35],访问了[com.nowcoder.community.service.UserService.findUserById]
2020-12-23 16:38:35,597 INFO [http-nio-8080-exec-1] c.n.c.a.ServiceLogAspect [ServiceLogAspect.java:37] 用户[0:0:0:0:0:0:0:1],在[2020-12-23 16:38:35],访问了[com.nowcoder.community.service.UserService.findUserById]
2020-12-23 16:38:35,601 INFO [http-nio-8080-exec-1] c.n.c.a.ServiceLogAspect [ServiceLogAspect.java:37] 用户[0:0:0:0:0:0:0:1],在[2020-12-23 16:38:35],访问了[com.nowcoder.community.service.LikeService.findUserLikeCount]
2020-12-23 16:38:35,912 INFO [http-nio-8080-exec-1] c.n.c.a.ServiceLogAspect [ServiceLogAspect.java:37] 用户[0:0:0:0:0:0:0:1],在[2020-12-23 16:38:35],访问了[com.nowcoder.community.service.FollowService.findFolloweeCount]
2020-12-23 16:38:35,919 INFO [http-nio-8080-exec-1] c.n.c.a.ServiceLogAspect [ServiceLogAspect.java:37] 用户[0:0:0:0:0:0:0:1],在[2020-12-23 16:38:35],访问了[com.nowcoder.community.service.FollowService.findFollowerCount]
2020-12-23 16:38:35,920 INFO [http-nio-8080-exec-1] c.n.c.a.ServiceLogAspect [ServiceLogAspect.java:37] 用户[0:0:0:0:0:0:0:1],在[2020-12-23 16:38:35],访问了[com.nowcoder.community.service.FollowService.hasFollowed]
2020-12-23 16:38:37,497 INFO [http-nio-8080-exec-6] c.n.c.a.ServiceLogAspect [ServiceLogAspect.java:37] 用户[0:0:0:0:0:0:0:1],在[2020-12-23 16:38:37],访问了[com.nowcoder.community.service.UserService.findLoginTicket]
2020-12-23 16:38:37,502 INFO [http-nio-8080-exec-6] c.n.c.a.ServiceLogAspect [ServiceLogAspect.java:37] 用户[0:0:0:0:0:0:0:1],在[2020-12-23 16:38:37],访问了[com.nowcoder.community.service.UserService.findUserById]
2020-12-23 16:38:37,510 INFO [http-nio-8080-exec-6] c.n.c.a.ServiceLogAspect [ServiceLogAspect.java:37] 用户[0:0:0:0:0:0:0:1],在[2020-12-23 16:38:37],访问了[com.nowcoder.community.service.FollowService.unfollow]
2020-12-23 16:38:37,631 INFO [http-nio-8080-exec-7] c.n.c.a.ServiceLogAspect [ServiceLogAspect.java:37] 用户[0:0:0:0:0:0:0:1],在[2020-12-23 16:38:37],访问了[com.nowcoder.community.service.UserService.findLoginTicket]
2020-12-23 16:38:37,636 INFO [http-nio-8080-exec-7] c.n.c.a.ServiceLogAspect [ServiceLogAspect.java:37] 用户[0:0:0:0:0:0:0:1],在[2020-12-23 16:38:37],访问了[com.nowcoder.community.service.UserService.findUserById]
2020-12-23 16:38:37,645 INFO [http-nio-8080-exec-7] c.n.c.a.ServiceLogAspect [ServiceLogAspect.java:37] 用户[0:0:0:0:0:0:0:1],在[2020-12-23 16:38:37],访问了[com.nowcoder.community.service.UserService.findUserById]
2020-12-23 16:38:37,649 INFO [http-nio-8080-exec-7] c.n.c.a.ServiceLogAspect [ServiceLogAspect.java:37] 用户[0:0:0:0:0:0:0:1],在[2020-12-23 16:38:37],访问了[com.nowcoder.community.service.LikeService.findUserLikeCount]
2020-12-23 16:38:37,654 INFO [http-nio-8080-exec-7] c.n.c.a.ServiceLogAspect [ServiceLogAspect.java:37] 用户[0:0:0:0:0:0:0:1],在[2020-12-23 16:38:37],访问了[com.nowcoder.community.service.FollowService.findFolloweeCount]
2020-12-23 16:38:37,658 INFO [http-nio-8080-exec-7] c.n.c.a.ServiceLogAspect [ServiceLogAspect.java:37] 用户[0:0:0:0:0:0:0:1],在[2020-12-23 16:38:37],访问了[com.nowcoder.community.service.FollowService.findFollowerCount]
2020-12-23 16:38:37,660 INFO [http-nio-8080-exec-7] c.n.c.a.ServiceLogAspect [ServiceLogAspect.java:37] 用户[0:0:0:0:0:0:0:1],在[2020-12-23 16:38:37],访问了[com.nowcoder.community.service.FollowService.hasFollowed]
2020-12-23 16:38:38,591 INFO [http-nio-8080-exec-2] c.n.c.a.ServiceLogAspect [ServiceLogAspect.java:37] 用户[0:0:0:0:0:0:0:1],在[2020-12-23 16:38:38],访问了[com.nowcoder.community.service.UserService.findLoginTicket]
2020-12-23 16:38:38,595 INFO [http-nio-8080-exec-2] c.n.c.a.ServiceLogAspect [ServiceLogAspect.java:37] 用户[0:0:0:0:0:0:0:1],在[2020-12-23 16:38:38],访问了[com.nowcoder.community.service.UserService.findUserById]
2020-12-23 16:38:38,598 INFO [http-nio-8080-exec-2] c.n.c.a.ServiceLogAspect [ServiceLogAspect.java:37] 用户[0:0:0:0:0:0:0:1],在[2020-12-23 16:38:38],访问了[com.nowcoder.community.service.FollowService.follow]
2020-12-23 16:38:38,625 INFO [http-nio-8080-exec-3] c.n.c.a.ServiceLogAspect [ServiceLogAspect.java:37] 用户[0:0:0:0:0:0:0:1],在[2020-12-23 16:38:38],访问了[com.nowcoder.community.service.UserService.findLoginTicket]
2020-12-23 16:38:38,629 INFO [http-nio-8080-exec-3] c.n.c.a.ServiceLogAspect [ServiceLogAspect.java:37] 用户[0:0:0:0:0:0:0:1],在[2020-12-23 16:38:38],访问了[com.nowcoder.community.service.UserService.findUserById]
2020-12-23 16:38:38,632 INFO [http-nio-8080-exec-3] c.n.c.a.ServiceLogAspect [ServiceLogAspect.java:37] 用户[0:0:0:0:0:0:0:1],在[2020-12-23 16:38:38],访问了[com.nowcoder.community.service.UserService.findUserById]
2020-12-23 16:38:38,636 INFO [http-nio-8080-exec-3] c.n.c.a.ServiceLogAspect [ServiceLogAspect.java:37] 用户[0:0:0:0:0:0:0:1],在[2020-12-23 16:38:38],访问了[com.nowcoder.community.service.LikeService.findUserLikeCount]
2020-12-23 16:38:38,637 INFO [http-nio-8080-exec-3] c.n.c.a.ServiceLogAspect [ServiceLogAspect.java:37] 用户[0:0:0:0:0:0:0:1],在[2020-12-23 16:38:38],访问了[com.nowcoder.community.service.FollowService.findFolloweeCount]
2020-12-23 16:38:38,640 INFO [http-nio-8080-exec-3] c.n.c.a.ServiceLogAspect [ServiceLogAspect.java:37] 用户[0:0:0:0:0:0:0:1],在[2020-12-23 16:38:38],访问了[com.nowcoder.community.service.FollowService.findFollowerCount]
2020-12-23 16:38:38,645 INFO [http-nio-8080-exec-3] c.n.c.a.ServiceLogAspect [ServiceLogAspect.java:37] 用户[0:0:0:0:0:0:0:1],在[2020-12-23 16:38:38],访问了[com.nowcoder.community.service.FollowService.hasFollowed]
2020-12-23 16:38:39,415 INFO [http-nio-8080-exec-8] c.n.c.a.ServiceLogAspect [ServiceLogAspect.java:37] 用户[0:0:0:0:0:0:0:1],在[2020-12-23 16:38:39],访问了[com.nowcoder.community.service.UserService.findLoginTicket]
2020-12-23 16:38:39,420 INFO [http-nio-8080-exec-8] c.n.c.a.ServiceLogAspect [ServiceLogAspect.java:37] 用户[0:0:0:0:0:0:0:1],在[2020-12-23 16:38:39],访问了[com.nowcoder.community.service.UserService.findUserById]
2020-12-23 16:38:39,423 INFO [http-nio-8080-exec-8] c.n.c.a.ServiceLogAspect [ServiceLogAspect.java:37] 用户[0:0:0:0:0:0:0:1],在[2020-12-23 16:38:39],访问了[com.nowcoder.community.service.FollowService.unfollow]
2020-12-23 16:38:39,455 INFO [http-nio-8080-exec-10] c.n.c.a.ServiceLogAspect [ServiceLogAspect.java:37] 用户[0:0:0:0:0:0:0:1],在[2020-12-23 16:38:39],访问了[com.nowcoder.community.service.UserService.findLoginTicket]
2020-12-23 16:38:39,463 INFO [http-nio-8080-exec-10] c.n.c.a.ServiceLogAspect [ServiceLogAspect.java:37] 用户[0:0:0:0:0:0:0:1],在[2020-12-23 16:38:39],访问了[com.nowcoder.community.service.UserService.findUserById]
2020-12-23 16:38:39,467 INFO [http-nio-8080-exec-10] c.n.c.a.ServiceLogAspect [ServiceLogAspect.java:37] 用户[0:0:0:0:0:0:0:1],在[2020-12-23 16:38:39],访问了[com.nowcoder.community.service.UserService.findUserById]
2020-12-23 16:38:39,470 INFO [http-nio-8080-exec-10] c.n.c.a.ServiceLogAspect [ServiceLogAspect.java:37] 用户[0:0:0:0:0:0:0:1],在[2020-12-23 16:38:39],访问了[com.nowcoder.community.service.LikeService.findUserLikeCount]
2020-12-23 16:38:39,472 INFO [http-nio-8080-exec-10] c.n.c.a.ServiceLogAspect [ServiceLogAspect.java:37] 用户[0:0:0:0:0:0:0:1],在[2020-12-23 16:38:39],访问了[com.nowcoder.community.service.FollowService.findFolloweeCount]
2020-12-23 16:38:39,474 INFO [http-nio-8080-exec-10] c.n.c.a.ServiceLogAspect [ServiceLogAspect.java:37] 用户[0:0:0:0:0:0:0:1],在[2020-12-23 16:38:39],访问了[com.nowcoder.community.service.FollowService.findFollowerCount]
2020-12-23 16:38:39,475 INFO [http-nio-8080-exec-10] c.n.c.a.ServiceLogAspect [ServiceLogAspect.java:37] 用户[0:0:0:0:0:0:0:1],在[2020-12-23 16:38:39],访问了[com.nowcoder.community.service.FollowService.hasFollowed]
2020-12-23 16:38:39,984 INFO [http-nio-8080-exec-4] c.n.c.a.ServiceLogAspect [ServiceLogAspect.java:37] 用户[0:0:0:0:0:0:0:1],在[2020-12-23 16:38:39],访问了[com.nowcoder.community.service.UserService.findLoginTicket]
2020-12-23 16:38:39,987 INFO [http-nio-8080-exec-4] c.n.c.a.ServiceLogAspect [ServiceLogAspect.java:37] 用户[0:0:0:0:0:0:0:1],在[2020-12-23 16:38:39],访问了[com.nowcoder.community.service.UserService.findUserById]
2020-12-23 16:38:39,991 INFO [http-nio-8080-exec-4] c.n.c.a.ServiceLogAspect [ServiceLogAspect.java:37] 用户[0:0:0:0:0:0:0:1],在[2020-12-23 16:38:39],访问了[com.nowcoder.community.service.FollowService.follow]
2020-12-23 16:38:40,013 INFO [http-nio-8080-exec-5] c.n.c.a.ServiceLogAspect [ServiceLogAspect.java:37] 用户[0:0:0:0:0:0:0:1],在[2020-12-23 16:38:40],访问了[com.nowcoder.community.service.UserService.findLoginTicket]
2020-12-23 16:38:40,017 INFO [http-nio-8080-exec-5] c.n.c.a.ServiceLogAspect [ServiceLogAspect.java:37] 用户[0:0:0:0:0:0:0:1],在[2020-12-23 16:38:40],访问了[com.nowcoder.community.service.UserService.findUserById]
2020-12-23 16:38:40,021 INFO [http-nio-8080-exec-5] c.n.c.a.ServiceLogAspect [ServiceLogAspect.java:37] 用户[0:0:0:0:0:0:0:1],在[2020-12-23 16:38:40],访问了[com.nowcoder.community.service.UserService.findUserById]
2020-12-23 16:38:40,024 INFO [http-nio-8080-exec-5] c.n.c.a.ServiceLogAspect [ServiceLogAspect.java:37] 用户[0:0:0:0:0:0:0:1],在[2020-12-23 16:38:40],访问了[com.nowcoder.community.service.LikeService.findUserLikeCount]
2020-12-23 16:38:40,026 INFO [http-nio-8080-exec-5] c.n.c.a.ServiceLogAspect [ServiceLogAspect.java:37] 用户[0:0:0:0:0:0:0:1],在[2020-12-23 16:38:40],访问了[com.nowcoder.community.service.FollowService.findFolloweeCount]
2020-12-23 16:38:40,027 INFO [http-nio-8080-exec-5] c.n.c.a.ServiceLogAspect [ServiceLogAspect.java:37] 用户[0:0:0:0:0:0:0:1],在[2020-12-23 16:38:40],访问了[com.nowcoder.community.service.FollowService.findFollowerCount]
2020-12-23 16:38:40,028 INFO [http-nio-8080-exec-5] c.n.c.a.ServiceLogAspect [ServiceLogAspect.java:37] 用户[0:0:0:0:0:0:0:1],在[2020-12-23 16:38:40],访问了[com.nowcoder.community.service.FollowService.hasFollowed]
2020-12-23 16:38:40,495 INFO [http-nio-8080-exec-1] c.n.c.a.ServiceLogAspect [ServiceLogAspect.java:37] 用户[0:0:0:0:0:0:0:1],在[2020-12-23 16:38:40],访问了[com.nowcoder.community.service.UserService.findLoginTicket]
2020-12-23 16:38:40,497 INFO [http-nio-8080-exec-1] c.n.c.a.ServiceLogAspect [ServiceLogAspect.java:37] 用户[0:0:0:0:0:0:0:1],在[2020-12-23 16:38:40],访问了[com.nowcoder.community.service.UserService.findUserById]
2020-12-23 16:38:40,501 INFO [http-nio-8080-exec-1] c.n.c.a.ServiceLogAspect [ServiceLogAspect.java:37] 用户[0:0:0:0:0:0:0:1],在[2020-12-23 16:38:40],访问了[com.nowcoder.community.service.FollowService.unfollow]
2020-12-23 16:38:40,521 INFO [http-nio-8080-exec-9] c.n.c.a.ServiceLogAspect [ServiceLogAspect.java:37] 用户[0:0:0:0:0:0:0:1],在[2020-12-23 16:38:40],访问了[com.nowcoder.community.service.UserService.findLoginTicket]
2020-12-23 16:38:40,525 INFO [http-nio-8080-exec-9] c.n.c.a.ServiceLogAspect [ServiceLogAspect.java:37] 用户[0:0:0:0:0:0:0:1],在[2020-12-23 16:38:40],访问了[com.nowcoder.community.service.UserService.findUserById]
2020-12-23 16:38:40,531 INFO [http-nio-8080-exec-9] c.n.c.a.ServiceLogAspect [ServiceLogAspect.java:37] 用户[0:0:0:0:0:0:0:1],在[2020-12-23 16:38:40],访问了[com.nowcoder.community.service.UserService.findUserById]
2020-12-23 16:38:40,536 INFO [http-nio-8080-exec-9] c.n.c.a.ServiceLogAspect [ServiceLogAspect.java:37] 用户[0:0:0:0:0:0:0:1],在[2020-12-23 16:38:40],访问了[com.nowcoder.community.service.LikeService.findUserLikeCount]
2020-12-23 16:38:40,538 INFO [http-nio-8080-exec-9] c.n.c.a.ServiceLogAspect [ServiceLogAspect.java:37] 用户[0:0:0:0:0:0:0:1],在[2020-12-23 16:38:40],访问了[com.nowcoder.community.service.FollowService.findFolloweeCount]
2020-12-23 16:38:40,539 INFO [http-nio-8080-exec-9] c.n.c.a.ServiceLogAspect [ServiceLogAspect.java:37] 用户[0:0:0:0:0:0:0:1],在[2020-12-23 16:38:40],访问了[com.nowcoder.community.service.FollowService.findFollowerCount]
2020-12-23 16:38:40,541 INFO [http-nio-8080-exec-9] c.n.c.a.ServiceLogAspect [ServiceLogAspect.java:37] 用户[0:0:0:0:0:0:0:1],在[2020-12-23 16:38:40],访问了[com.nowcoder.community.service.FollowService.hasFollowed]
2020-12-23 16:38:40,873 INFO [http-nio-8080-exec-6] c.n.c.a.ServiceLogAspect [ServiceLogAspect.java:37] 用户[0:0:0:0:0:0:0:1],在[2020-12-23 16:38:40],访问了[com.nowcoder.community.service.UserService.findLoginTicket]
2020-12-23 16:38:40,876 INFO [http-nio-8080-exec-6] c.n.c.a.ServiceLogAspect [ServiceLogAspect.java:37] 用户[0:0:0:0:0:0:0:1],在[2020-12-23 16:38:40],访问了[com.nowcoder.community.service.UserService.findUserById]
2020-12-23 16:38:40,879 INFO [http-nio-8080-exec-6] c.n.c.a.ServiceLogAspect [ServiceLogAspect.java:37] 用户[0:0:0:0:0:0:0:1],在[2020-12-23 16:38:40],访问了[com.nowcoder.community.service.FollowService.follow]
2020-12-23 16:38:40,892 INFO [http-nio-8080-exec-7] c.n.c.a.ServiceLogAspect [ServiceLogAspect.java:37] 用户[0:0:0:0:0:0:0:1],在[2020-12-23 16:38:40],访问了[com.nowcoder.community.service.UserService.findLoginTicket]
2020-12-23 16:38:40,894 INFO [http-nio-8080-exec-7] c.n.c.a.ServiceLogAspect [ServiceLogAspect.java:37] 用户[0:0:0:0:0:0:0:1],在[2020-12-23 16:38:40],访问了[com.nowcoder.community.service.UserService.findUserById]
2020-12-23 16:38:40,896 INFO [http-nio-8080-exec-7] c.n.c.a.ServiceLogAspect [ServiceLogAspect.java:37] 用户[0:0:0:0:0:0:0:1],在[2020-12-23 16:38:40],访问了[com.nowcoder.community.service.UserService.findUserById]
2020-12-23 16:38:40,897 INFO [http-nio-8080-exec-7] c.n.c.a.ServiceLogAspect [ServiceLogAspect.java:37] 用户[0:0:0:0:0:0:0:1],在[2020-12-23 16:38:40],访问了[com.nowcoder.community.service.LikeService.findUserLikeCount]
2020-12-23 16:38:40,898 INFO [http-nio-8080-exec-7] c.n.c.a.ServiceLogAspect [ServiceLogAspect.java:37] 用户[0:0:0:0:0:0:0:1],在[2020-12-23 16:38:40],访问了[com.nowcoder.community.service.FollowService.findFolloweeCount]
2020-12-23 16:38:40,899 INFO [http-nio-8080-exec-7] c.n.c.a.ServiceLogAspect [ServiceLogAspect.java:37] 用户[0:0:0:0:0:0:0:1],在[2020-12-23 16:38:40],访问了[com.nowcoder.community.service.FollowService.findFollowerCount]
2020-12-23 16:38:40,900 INFO [http-nio-8080-exec-7] c.n.c.a.ServiceLogAspect [ServiceLogAspect.java:37] 用户[0:0:0:0:0:0:0:1],在[2020-12-23 16:38:40],访问了[com.nowcoder.community.service.FollowService.hasFollowed]
2020-12-23 16:38:41,215 INFO [http-nio-8080-exec-2] c.n.c.a.ServiceLogAspect [ServiceLogAspect.java:37] 用户[0:0:0:0:0:0:0:1],在[2020-12-23 16:38:41],访问了[com.nowcoder.community.service.UserService.findLoginTicket]
2020-12-23 16:38:41,218 INFO [http-nio-8080-exec-2] c.n.c.a.ServiceLogAspect [ServiceLogAspect.java:37] 用户[0:0:0:0:0:0:0:1],在[2020-12-23 16:38:41],访问了[com.nowcoder.community.service.UserService.findUserById]
2020-12-23 16:38:41,220 INFO [http-nio-8080-exec-2] c.n.c.a.ServiceLogAspect [ServiceLogAspect.java:37] 用户[0:0:0:0:0:0:0:1],在[2020-12-23 16:38:41],访问了[com.nowcoder.community.service.FollowService.unfollow]
2020-12-23 16:38:41,246 INFO [http-nio-8080-exec-3] c.n.c.a.ServiceLogAspect [ServiceLogAspect.java:37] 用户[0:0:0:0:0:0:0:1],在[2020-12-23 16:38:41],访问了[com.nowcoder.community.service.UserService.findLoginTicket]
2020-12-23 16:38:41,249 INFO [http-nio-8080-exec-3] c.n.c.a.ServiceLogAspect [ServiceLogAspect.java:37] 用户[0:0:0:0:0:0:0:1],在[2020-12-23 16:38:41],访问了[com.nowcoder.community.service.UserService.findUserById]
2020-12-23 16:38:41,252 INFO [http-nio-8080-exec-3] c.n.c.a.ServiceLogAspect [ServiceLogAspect.java:37] 用户[0:0:0:0:0:0:0:1],在[2020-12-23 16:38:41],访问了[com.nowcoder.community.service.UserService.findUserById]
2020-12-23 16:38:41,255 INFO [http-nio-8080-exec-3] c.n.c.a.ServiceLogAspect [ServiceLogAspect.java:37] 用户[0:0:0:0:0:0:0:1],在[2020-12-23 16:38:41],访问了[com.nowcoder.community.service.LikeService.findUserLikeCount]
2020-12-23 16:38:41,256 INFO [http-nio-8080-exec-3] c.n.c.a.ServiceLogAspect [ServiceLogAspect.java:37] 用户[0:0:0:0:0:0:0:1],在[2020-12-23 16:38:41],访问了[com.nowcoder.community.service.FollowService.findFolloweeCount]
2020-12-23 16:38:41,257 INFO [http-nio-8080-exec-3] c.n.c.a.ServiceLogAspect [ServiceLogAspect.java:37] 用户[0:0:0:0:0:0:0:1],在[2020-12-23 16:38:41],访问了[com.nowcoder.community.service.FollowService.findFollowerCount]
2020-12-23 16:38:41,258 INFO [http-nio-8080-exec-3] c.n.c.a.ServiceLogAspect [ServiceLogAspect.java:37] 用户[0:0:0:0:0:0:0:1],在[2020-12-23 16:38:41],访问了[com.nowcoder.community.service.FollowService.hasFollowed]
2020-12-23 16:38:41,520 INFO [http-nio-8080-exec-10] c.n.c.a.ServiceLogAspect [ServiceLogAspect.java:37] 用户[0:0:0:0:0:0:0:1],在[2020-12-23 16:38:41],访问了[com.nowcoder.community.service.UserService.findLoginTicket]
2020-12-23 16:38:41,525 INFO [http-nio-8080-exec-10] c.n.c.a.ServiceLogAspect [ServiceLogAspect.java:37] 用户[0:0:0:0:0:0:0:1],在[2020-12-23 16:38:41],访问了[com.nowcoder.community.service.UserService.findUserById]
2020-12-23 16:38:41,528 INFO [http-nio-8080-exec-10] c.n.c.a.ServiceLogAspect [ServiceLogAspect.java:37] 用户[0:0:0:0:0:0:0:1],在[2020-12-23 16:38:41],访问了[com.nowcoder.community.service.FollowService.follow]
2020-12-23 16:38:41,545 INFO [http-nio-8080-exec-8] c.n.c.a.ServiceLogAspect [ServiceLogAspect.java:37] 用户[0:0:0:0:0:0:0:1],在[2020-12-23 16:38:41],访问了[com.nowcoder.community.service.UserService.findLoginTicket]
2020-12-23 16:38:41,547 INFO [http-nio-8080-exec-8] c.n.c.a.ServiceLogAspect [ServiceLogAspect.java:37] 用户[0:0:0:0:0:0:0:1],在[2020-12-23 16:38:41],访问了[com.nowcoder.community.service.UserService.findUserById]
2020-12-23 16:38:41,550 INFO [http-nio-8080-exec-8] c.n.c.a.ServiceLogAspect [ServiceLogAspect.java:37] 用户[0:0:0:0:0:0:0:1],在[2020-12-23 16:38:41],访问了[com.nowcoder.community.service.UserService.findUserById]
2020-12-23 16:38:41,554 INFO [http-nio-8080-exec-8] c.n.c.a.ServiceLogAspect [ServiceLogAspect.java:37] 用户[0:0:0:0:0:0:0:1],在[2020-12-23 16:38:41],访问了[com.nowcoder.community.service.LikeService.findUserLikeCount]
2020-12-23 16:38:41,555 INFO [http-nio-8080-exec-8] c.n.c.a.ServiceLogAspect [ServiceLogAspect.java:37] 用户[0:0:0:0:0:0:0:1],在[2020-12-23 16:38:41],访问了[com.nowcoder.community.service.FollowService.findFolloweeCount]
2020-12-23 16:38:41,556 INFO [http-nio-8080-exec-8] c.n.c.a.ServiceLogAspect [ServiceLogAspect.java:37] 用户[0:0:0:0:0:0:0:1],在[2020-12-23 16:38:41],访问了[com.nowcoder.community.service.FollowService.findFollowerCount]
2020-12-23 16:38:41,557 INFO [http-nio-8080-exec-8] c.n.c.a.ServiceLogAspect [ServiceLogAspect.java:37] 用户[0:0:0:0:0:0:0:1],在[2020-12-23 16:38:41],访问了[com.nowcoder.community.service.FollowService.hasFollowed]
2020-12-23 16:38:41,843 INFO [http-nio-8080-exec-5] c.n.c.a.ServiceLogAspect [ServiceLogAspect.java:37] 用户[0:0:0:0:0:0:0:1],在[2020-12-23 16:38:41],访问了[com.nowcoder.community.service.UserService.findLoginTicket]
2020-12-23 16:38:41,846 INFO [http-nio-8080-exec-5] c.n.c.a.ServiceLogAspect [ServiceLogAspect.java:37] 用户[0:0:0:0:0:0:0:1],在[2020-12-23 16:38:41],访问了[com.nowcoder.community.service.UserService.findUserById]
2020-12-23 16:38:41,849 INFO [http-nio-8080-exec-5] c.n.c.a.ServiceLogAspect [ServiceLogAspect.java:37] 用户[0:0:0:0:0:0:0:1],在[2020-12-23 16:38:41],访问了[com.nowcoder.community.service.FollowService.unfollow]
2020-12-23 16:38:41,865 INFO [http-nio-8080-exec-4] c.n.c.a.ServiceLogAspect [ServiceLogAspect.java:37] 用户[0:0:0:0:0:0:0:1],在[2020-12-23 16:38:41],访问了[com.nowcoder.community.service.UserService.findLoginTicket]
2020-12-23 16:38:41,868 INFO [http-nio-8080-exec-4] c.n.c.a.ServiceLogAspect [ServiceLogAspect.java:37] 用户[0:0:0:0:0:0:0:1],在[2020-12-23 16:38:41],访问了[com.nowcoder.community.service.UserService.findUserById]
2020-12-23 16:38:41,870 INFO [http-nio-8080-exec-4] c.n.c.a.ServiceLogAspect [ServiceLogAspect.java:37] 用户[0:0:0:0:0:0:0:1],在[2020-12-23 16:38:41],访问了[com.nowcoder.community.service.UserService.findUserById]
2020-12-23 16:38:41,874 INFO [http-nio-8080-exec-4] c.n.c.a.ServiceLogAspect [ServiceLogAspect.java:37] 用户[0:0:0:0:0:0:0:1],在[2020-12-23 16:38:41],访问了[com.nowcoder.community.service.LikeService.findUserLikeCount]
2020-12-23 16:38:41,875 INFO [http-nio-8080-exec-4] c.n.c.a.ServiceLogAspect [ServiceLogAspect.java:37] 用户[0:0:0:0:0:0:0:1],在[2020-12-23 16:38:41],访问了[com.nowcoder.community.service.FollowService.findFolloweeCount]
2020-12-23 16:38:41,876 INFO [http-nio-8080-exec-4] c.n.c.a.ServiceLogAspect [ServiceLogAspect.java:37] 用户[0:0:0:0:0:0:0:1],在[2020-12-23 16:38:41],访问了[com.nowcoder.community.service.FollowService.findFollowerCount]
2020-12-23 16:38:41,877 INFO [http-nio-8080-exec-4] c.n.c.a.ServiceLogAspect [ServiceLogAspect.java:37] 用户[0:0:0:0:0:0:0:1],在[2020-12-23 16:38:41],访问了[com.nowcoder.community.service.FollowService.hasFollowed]
2020-12-23 16:38:42,175 INFO [http-nio-8080-exec-1] c.n.c.a.ServiceLogAspect [ServiceLogAspect.java:37] 用户[0:0:0:0:0:0:0:1],在[2020-12-23 16:38:42],访问了[com.nowcoder.community.service.UserService.findLoginTicket]
2020-12-23 16:38:42,177 INFO [http-nio-8080-exec-1] c.n.c.a.ServiceLogAspect [ServiceLogAspect.java:37] 用户[0:0:0:0:0:0:0:1],在[2020-12-23 16:38:42],访问了[com.nowcoder.community.service.UserService.findUserById]
2020-12-23 16:38:42,179 INFO [http-nio-8080-exec-1] c.n.c.a.ServiceLogAspect [ServiceLogAspect.java:37] 用户[0:0:0:0:0:0:0:1],在[2020-12-23 16:38:42],访问了[com.nowcoder.community.service.FollowService.follow]
2020-12-23 16:38:42,195 INFO [http-nio-8080-exec-9] c.n.c.a.ServiceLogAspect [ServiceLogAspect.java:37] 用户[0:0:0:0:0:0:0:1],在[2020-12-23 16:38:42],访问了[com.nowcoder.community.service.UserService.findLoginTicket]
2020-12-23 16:38:42,197 INFO [http-nio-8080-exec-9] c.n.c.a.ServiceLogAspect [ServiceLogAspect.java:37] 用户[0:0:0:0:0:0:0:1],在[2020-12-23 16:38:42],访问了[com.nowcoder.community.service.UserService.findUserById]
2020-12-23 16:38:42,200 INFO [http-nio-8080-exec-9] c.n.c.a.ServiceLogAspect [ServiceLogAspect.java:37] 用户[0:0:0:0:0:0:0:1],在[2020-12-23 16:38:42],访问了[com.nowcoder.community.service.UserService.findUserById]
2020-12-23 16:38:42,203 INFO [http-nio-8080-exec-9] c.n.c.a.ServiceLogAspect [ServiceLogAspect.java:37] 用户[0:0:0:0:0:0:0:1],在[2020-12-23 16:38:42],访问了[com.nowcoder.community.service.LikeService.findUserLikeCount]
2020-12-23 16:38:42,205 INFO [http-nio-8080-exec-9] c.n.c.a.ServiceLogAspect [ServiceLogAspect.java:37] 用户[0:0:0:0:0:0:0:1],在[2020-12-23 16:38:42],访问了[com.nowcoder.community.service.FollowService.findFolloweeCount]
2020-12-23 16:38:42,206 INFO [http-nio-8080-exec-9] c.n.c.a.ServiceLogAspect [ServiceLogAspect.java:37] 用户[0:0:0:0:0:0:0:1],在[2020-12-23 16:38:42],访问了[com.nowcoder.community.service.FollowService.findFollowerCount]
2020-12-23 16:38:42,207 INFO [http-nio-8080-exec-9] c.n.c.a.ServiceLogAspect [ServiceLogAspect.java:37] 用户[0:0:0:0:0:0:0:1],在[2020-12-23 16:38:42],访问了[com.nowcoder.community.service.FollowService.hasFollowed]
2020-12-23 16:38:42,831 INFO [http-nio-8080-exec-6] c.n.c.a.ServiceLogAspect [ServiceLogAspect.java:37] 用户[0:0:0:0:0:0:0:1],在[2020-12-23 16:38:42],访问了[com.nowcoder.community.service.UserService.findLoginTicket]
2020-12-23 16:38:42,835 INFO [http-nio-8080-exec-6] c.n.c.a.ServiceLogAspect [ServiceLogAspect.java:37] 用户[0:0:0:0:0:0:0:1],在[2020-12-23 16:38:42],访问了[com.nowcoder.community.service.UserService.findUserById]
2020-12-23 16:38:42,837 INFO [http-nio-8080-exec-6] c.n.c.a.ServiceLogAspect [ServiceLogAspect.java:37] 用户[0:0:0:0:0:0:0:1],在[2020-12-23 16:38:42],访问了[com.nowcoder.community.service.FollowService.unfollow]
2020-12-23 16:38:42,859 INFO [http-nio-8080-exec-7] c.n.c.a.ServiceLogAspect [ServiceLogAspect.java:37] 用户[0:0:0:0:0:0:0:1],在[2020-12-23 16:38:42],访问了[com.nowcoder.community.service.UserService.findLoginTicket]
2020-12-23 16:38:42,863 INFO [http-nio-8080-exec-7] c.n.c.a.ServiceLogAspect [ServiceLogAspect.java:37] 用户[0:0:0:0:0:0:0:1],在[2020-12-23 16:38:42],访问了[com.nowcoder.community.service.UserService.findUserById]
2020-12-23 16:38:42,865 INFO [http-nio-8080-exec-7] c.n.c.a.ServiceLogAspect [ServiceLogAspect.java:37] 用户[0:0:0:0:0:0:0:1],在[2020-12-23 16:38:42],访问了[com.nowcoder.community.service.UserService.findUserById]
2020-12-23 16:38:42,868 INFO [http-nio-8080-exec-7] c.n.c.a.ServiceLogAspect [ServiceLogAspect.java:37] 用户[0:0:0:0:0:0:0:1],在[2020-12-23 16:38:42],访问了[com.nowcoder.community.service.LikeService.findUserLikeCount]
2020-12-23 16:38:42,869 INFO [http-nio-8080-exec-7] c.n.c.a.ServiceLogAspect [ServiceLogAspect.java:37] 用户[0:0:0:0:0:0:0:1],在[2020-12-23 16:38:42],访问了[com.nowcoder.community.service.FollowService.findFolloweeCount]
2020-12-23 16:38:42,871 INFO [http-nio-8080-exec-7] c.n.c.a.ServiceLogAspect [ServiceLogAspect.java:37] 用户[0:0:0:0:0:0:0:1],在[2020-12-23 16:38:42],访问了[com.nowcoder.community.service.FollowService.findFollowerCount]
2020-12-23 16:38:42,872 INFO [http-nio-8080-exec-7] c.n.c.a.ServiceLogAspect [ServiceLogAspect.java:37] 用户[0:0:0:0:0:0:0:1],在[2020-12-23 16:38:42],访问了[com.nowcoder.community.service.FollowService.hasFollowed]
2020-12-23 16:38:56,009 INFO [http-nio-8080-exec-2] c.n.c.a.ServiceLogAspect [ServiceLogAspect.java:37] 用户[0:0:0:0:0:0:0:1],在[2020-12-23 16:38:56],访问了[com.nowcoder.community.service.UserService.findLoginTicket]
2020-12-23 16:38:56,013 INFO [http-nio-8080-exec-2] c.n.c.a.ServiceLogAspect [ServiceLogAspect.java:37] 用户[0:0:0:0:0:0:0:1],在[2020-12-23 16:38:56],访问了[com.nowcoder.community.service.UserService.findUserById]
2020-12-23 16:38:56,016 INFO [http-nio-8080-exec-2] c.n.c.a.ServiceLogAspect [ServiceLogAspect.java:37] 用户[0:0:0:0:0:0:0:1],在[2020-12-23 16:38:56],访问了[com.nowcoder.community.service.UserService.findUserById]
2020-12-23 16:38:56,020 INFO [http-nio-8080-exec-2] c.n.c.a.ServiceLogAspect [ServiceLogAspect.java:37] 用户[0:0:0:0:0:0:0:1],在[2020-12-23 16:38:56],访问了[com.nowcoder.community.service.LikeService.findUserLikeCount]
2020-12-23 16:38:56,021 INFO [http-nio-8080-exec-2] c.n.c.a.ServiceLogAspect [ServiceLogAspect.java:37] 用户[0:0:0:0:0:0:0:1],在[2020-12-23 16:38:56],访问了[com.nowcoder.community.service.FollowService.findFolloweeCount]
2020-12-23 16:38:56,021 INFO [http-nio-8080-exec-2] c.n.c.a.ServiceLogAspect [ServiceLogAspect.java:37] 用户[0:0:0:0:0:0:0:1],在[2020-12-23 16:38:56],访问了[com.nowcoder.community.service.FollowService.findFollowerCount]
2020-12-23 16:38:56,022 INFO [http-nio-8080-exec-2] c.n.c.a.ServiceLogAspect [ServiceLogAspect.java:37] 用户[0:0:0:0:0:0:0:1],在[2020-12-23 16:38:56],访问了[com.nowcoder.community.service.FollowService.hasFollowed]
2020-12-23 16:39:04,883 INFO [http-nio-8080-exec-7] c.n.c.a.ServiceLogAspect [ServiceLogAspect.java:37] 用户[0:0:0:0:0:0:0:1],在[2020-12-23 16:39:04],访问了[com.nowcoder.community.service.UserService.findLoginTicket]
2020-12-23 16:39:04,886 INFO [http-nio-8080-exec-7] c.n.c.a.ServiceLogAspect [ServiceLogAspect.java:37] 用户[0:0:0:0:0:0:0:1],在[2020-12-23 16:39:04],访问了[com.nowcoder.community.service.UserService.findUserById]
2020-12-23 16:39:04,889 INFO [http-nio-8080-exec-7] c.n.c.a.ServiceLogAspect [ServiceLogAspect.java:37] 用户[0:0:0:0:0:0:0:1],在[2020-12-23 16:39:04],访问了[com.nowcoder.community.service.FollowService.follow]
2020-12-23 16:39:04,909 INFO [http-nio-8080-exec-8] c.n.c.a.ServiceLogAspect [ServiceLogAspect.java:37] 用户[0:0:0:0:0:0:0:1],在[2020-12-23 16:39:04],访问了[com.nowcoder.community.service.UserService.findLoginTicket]
2020-12-23 16:39:04,913 INFO [http-nio-8080-exec-8] c.n.c.a.ServiceLogAspect [ServiceLogAspect.java:37] 用户[0:0:0:0:0:0:0:1],在[2020-12-23 16:39:04],访问了[com.nowcoder.community.service.UserService.findUserById]
2020-12-23 16:39:04,915 INFO [http-nio-8080-exec-8] c.n.c.a.ServiceLogAspect [ServiceLogAspect.java:37] 用户[0:0:0:0:0:0:0:1],在[2020-12-23 16:39:04],访问了[com.nowcoder.community.service.UserService.findUserById]
2020-12-23 16:39:04,918 INFO [http-nio-8080-exec-8] c.n.c.a.ServiceLogAspect [ServiceLogAspect.java:37] 用户[0:0:0:0:0:0:0:1],在[2020-12-23 16:39:04],访问了[com.nowcoder.community.service.LikeService.findUserLikeCount]
2020-12-23 16:39:04,919 INFO [http-nio-8080-exec-8] c.n.c.a.ServiceLogAspect [ServiceLogAspect.java:37] 用户[0:0:0:0:0:0:0:1],在[2020-12-23 16:39:04],访问了[com.nowcoder.community.service.FollowService.findFolloweeCount]
2020-12-23 16:39:04,920 INFO [http-nio-8080-exec-8] c.n.c.a.ServiceLogAspect [ServiceLogAspect.java:37] 用户[0:0:0:0:0:0:0:1],在[2020-12-23 16:39:04],访问了[com.nowcoder.community.service.FollowService.findFollowerCount]
2020-12-23 16:39:04,921 INFO [http-nio-8080-exec-8] c.n.c.a.ServiceLogAspect [ServiceLogAspect.java:37] 用户[0:0:0:0:0:0:0:1],在[2020-12-23 16:39:04],访问了[com.nowcoder.community.service.FollowService.hasFollowed]
2020-12-23 16:39:06,351 INFO [http-nio-8080-exec-3] c.n.c.a.ServiceLogAspect [ServiceLogAspect.java:37] 用户[0:0:0:0:0:0:0:1],在[2020-12-23 16:39:06],访问了[com.nowcoder.community.service.UserService.findLoginTicket]
2020-12-23 16:39:06,355 INFO [http-nio-8080-exec-3] c.n.c.a.ServiceLogAspect [ServiceLogAspect.java:37] 用户[0:0:0:0:0:0:0:1],在[2020-12-23 16:39:06],访问了[com.nowcoder.community.service.UserService.findUserById]
2020-12-23 16:39:06,357 INFO [http-nio-8080-exec-3] c.n.c.a.ServiceLogAspect [ServiceLogAspect.java:37] 用户[0:0:0:0:0:0:0:1],在[2020-12-23 16:39:06],访问了[com.nowcoder.community.service.UserService.findUserById]
2020-12-23 16:39:06,360 INFO [http-nio-8080-exec-3] c.n.c.a.ServiceLogAspect [ServiceLogAspect.java:37] 用户[0:0:0:0:0:0:0:1],在[2020-12-23 16:39:06],访问了[com.nowcoder.community.service.LikeService.findUserLikeCount]
2020-12-23 16:39:06,361 INFO [http-nio-8080-exec-3] c.n.c.a.ServiceLogAspect [ServiceLogAspect.java:37] 用户[0:0:0:0:0:0:0:1],在[2020-12-23 16:39:06],访问了[com.nowcoder.community.service.FollowService.findFolloweeCount]
2020-12-23 16:39:06,362 INFO [http-nio-8080-exec-3] c.n.c.a.ServiceLogAspect [ServiceLogAspect.java:37] 用户[0:0:0:0:0:0:0:1],在[2020-12-23 16:39:06],访问了[com.nowcoder.community.service.FollowService.findFollowerCount]
2020-12-23 16:39:06,363 INFO [http-nio-8080-exec-3] c.n.c.a.ServiceLogAspect [ServiceLogAspect.java:37] 用户[0:0:0:0:0:0:0:1],在[2020-12-23 16:39:06],访问了[com.nowcoder.community.service.FollowService.hasFollowed]
